[2020-07-18 11:01:10Z INFO HostContext] No proxy settings were found based on environmental variables (http_proxy/https_proxy/HTTP_PROXY/HTTPS_PROXY)
[2020-07-18 11:01:10Z INFO HostContext] Well known directory 'Bin': '/home/cc/Schreibtisch/tutorialabapril/javafx/s1p-stocks-ui/educom/actions-runner/bin'
[2020-07-18 11:01:10Z INFO HostContext] Well known directory 'Root': '/home/cc/Schreibtisch/tutorialabapril/javafx/s1p-stocks-ui/educom/actions-runner'
[2020-07-18 11:01:10Z INFO HostContext] Well known config file 'Credentials': '/home/cc/Schreibtisch/tutorialabapril/javafx/s1p-stocks-ui/educom/actions-runner/.credentials'
[2020-07-18 11:01:10Z INFO Listener] Runner is built for Linux (X64) - linux-x64.
[2020-07-18 11:01:10Z INFO Listener] RuntimeInformation: Linux 5.6.16-1-MANJARO #1 SMP PREEMPT Wed Jun 3 14:26:28 UTC 2020.
[2020-07-18 11:01:10Z INFO Listener] Version: 2.267.1
[2020-07-18 11:01:10Z INFO Listener] Commit: fd3c9de49d3894943c54c08c92eba9f4e2b43f79
[2020-07-18 11:01:10Z INFO Listener] Culture: de-DE
[2020-07-18 11:01:10Z INFO Listener] UI Culture: de-DE
[2020-07-18 11:01:10Z INFO HostContext] Well known directory 'Bin': '/home/cc/Schreibtisch/tutorialabapril/javafx/s1p-stocks-ui/educom/actions-runner/bin'
[2020-07-18 11:01:10Z INFO HostContext] Well known directory 'Root': '/home/cc/Schreibtisch/tutorialabapril/javafx/s1p-stocks-ui/educom/actions-runner'
[2020-07-18 11:01:10Z INFO Listener] Validating directory permissions for: '/home/cc/Schreibtisch/tutorialabapril/javafx/s1p-stocks-ui/educom/actions-runner'
[2020-07-18 11:01:10Z INFO CommandLineParser] Parse
[2020-07-18 11:01:10Z INFO CommandLineParser] Parsing 1 args
[2020-07-18 11:01:10Z INFO CommandLineParser] parsing argument
[2020-07-18 11:01:10Z INFO CommandLineParser] HasArgs: False
[2020-07-18 11:01:10Z INFO CommandLineParser] Adding Command: run
[2020-07-18 11:01:10Z INFO Listener] Arguments parsed
[2020-07-18 11:01:10Z INFO Runner] ExecuteCommand
[2020-07-18 11:01:10Z INFO ConfigurationStore] currentAssemblyLocation: /home/cc/Schreibtisch/tutorialabapril/javafx/s1p-stocks-ui/educom/actions-runner/bin/Runner.Listener.dll
[2020-07-18 11:01:10Z INFO HostContext] Well known directory 'Bin': '/home/cc/Schreibtisch/tutorialabapril/javafx/s1p-stocks-ui/educom/actions-runner/bin'
[2020-07-18 11:01:10Z INFO ConfigurationStore] binPath: /home/cc/Schreibtisch/tutorialabapril/javafx/s1p-stocks-ui/educom/actions-runner/bin
[2020-07-18 11:01:10Z INFO HostContext] Well known directory 'Bin': '/home/cc/Schreibtisch/tutorialabapril/javafx/s1p-stocks-ui/educom/actions-runner/bin'
[2020-07-18 11:01:10Z INFO HostContext] Well known directory 'Root': '/home/cc/Schreibtisch/tutorialabapril/javafx/s1p-stocks-ui/educom/actions-runner'
[2020-07-18 11:01:10Z INFO ConfigurationStore] RootFolder: /home/cc/Schreibtisch/tutorialabapril/javafx/s1p-stocks-ui/educom/actions-runner
[2020-07-18 11:01:10Z INFO HostContext] Well known directory 'Bin': '/home/cc/Schreibtisch/tutorialabapril/javafx/s1p-stocks-ui/educom/actions-runner/bin'
[2020-07-18 11:01:10Z INFO HostContext] Well known directory 'Root': '/home/cc/Schreibtisch/tutorialabapril/javafx/s1p-stocks-ui/educom/actions-runner'
[2020-07-18 11:01:10Z INFO HostContext] Well known config file 'Runner': '/home/cc/Schreibtisch/tutorialabapril/javafx/s1p-stocks-ui/educom/actions-runner/.runner'
[2020-07-18 11:01:10Z INFO ConfigurationStore] ConfigFilePath: /home/cc/Schreibtisch/tutorialabapril/javafx/s1p-stocks-ui/educom/actions-runner/.runner
[2020-07-18 11:01:10Z INFO HostContext] Well known directory 'Bin': '/home/cc/Schreibtisch/tutorialabapril/javafx/s1p-stocks-ui/educom/actions-runner/bin'
[2020-07-18 11:01:10Z INFO HostContext] Well known directory 'Root': '/home/cc/Schreibtisch/tutorialabapril/javafx/s1p-stocks-ui/educom/actions-runner'
[2020-07-18 11:01:10Z INFO HostContext] Well known config file 'Credentials': '/home/cc/Schreibtisch/tutorialabapril/javafx/s1p-stocks-ui/educom/actions-runner/.credentials'
[2020-07-18 11:01:10Z INFO ConfigurationStore] CredFilePath: /home/cc/Schreibtisch/tutorialabapril/javafx/s1p-stocks-ui/educom/actions-runner/.credentials
[2020-07-18 11:01:10Z INFO HostContext] Well known directory 'Bin': '/home/cc/Schreibtisch/tutorialabapril/javafx/s1p-stocks-ui/educom/actions-runner/bin'
[2020-07-18 11:01:10Z INFO HostContext] Well known directory 'Root': '/home/cc/Schreibtisch/tutorialabapril/javafx/s1p-stocks-ui/educom/actions-runner'
[2020-07-18 11:01:10Z INFO HostContext] Well known config file 'MigratedCredentials': '/home/cc/Schreibtisch/tutorialabapril/javafx/s1p-stocks-ui/educom/actions-runner/.credentials_migrated'
[2020-07-18 11:01:10Z INFO ConfigurationStore] MigratedCredFilePath: /home/cc/Schreibtisch/tutorialabapril/javafx/s1p-stocks-ui/educom/actions-runner/.credentials_migrated
[2020-07-18 11:01:10Z INFO HostContext] Well known directory 'Bin': '/home/cc/Schreibtisch/tutorialabapril/javafx/s1p-stocks-ui/educom/actions-runner/bin'
[2020-07-18 11:01:10Z INFO HostContext] Well known directory 'Root': '/home/cc/Schreibtisch/tutorialabapril/javafx/s1p-stocks-ui/educom/actions-runner'
[2020-07-18 11:01:10Z INFO HostContext] Well known config file 'Service': '/home/cc/Schreibtisch/tutorialabapril/javafx/s1p-stocks-ui/educom/actions-runner/.service'
[2020-07-18 11:01:10Z INFO ConfigurationStore] ServiceConfigFilePath: /home/cc/Schreibtisch/tutorialabapril/javafx/s1p-stocks-ui/educom/actions-runner/.service
[2020-07-18 11:01:10Z INFO CommandSettings] Flag 'help': 'False'
[2020-07-18 11:01:10Z INFO CommandSettings] Flag 'version': 'False'
[2020-07-18 11:01:10Z INFO CommandSettings] Flag 'commit': 'False'
[2020-07-18 11:01:10Z INFO CommandSettings] Command 'configure': 'False'
[2020-07-18 11:01:10Z INFO CommandSettings] Command 'remove': 'False'
[2020-07-18 11:01:10Z INFO CommandSettings] Command 'warmup': 'False'
[2020-07-18 11:01:10Z INFO ConfigurationManager] LoadSettings
[2020-07-18 11:01:10Z INFO ConfigurationStore] IsConfigured()
[2020-07-18 11:01:10Z INFO ConfigurationStore] IsConfigured: True
[2020-07-18 11:01:10Z INFO ConfigurationManager] Is configured: True
[2020-07-18 11:01:10Z INFO ConfigurationStore] Read setting file: 291 chars
[2020-07-18 11:01:10Z INFO ConfigurationManager] Settings Loaded
[2020-07-18 11:01:10Z INFO ConfigurationStore] IsServiceConfigured()
[2020-07-18 11:01:10Z INFO ConfigurationStore] IsServiceConfigured: True
[2020-07-18 11:01:10Z INFO CommandSettings] Command 'run': 'True'
[2020-07-18 11:01:10Z INFO ConfigurationStore] IsConfigured()
[2020-07-18 11:01:10Z INFO ConfigurationStore] IsConfigured: True
[2020-07-18 11:01:10Z INFO ConfigurationManager] Is configured: True
[2020-07-18 11:01:10Z INFO Runner] Try determine runner startup type base on console redirects.
[2020-07-18 11:01:10Z INFO Runner] Set runner startup type - Manual
[2020-07-18 11:01:10Z INFO CommandSettings] Flag 'once': 'False'
[2020-07-18 11:01:10Z INFO Runner] RunAsync
[2020-07-18 11:01:10Z INFO ConfigurationManager] LoadSettings
[2020-07-18 11:01:10Z INFO ConfigurationStore] IsConfigured()
[2020-07-18 11:01:10Z INFO ConfigurationStore] IsConfigured: True
[2020-07-18 11:01:10Z INFO ConfigurationManager] Is configured: True
[2020-07-18 11:01:10Z INFO ConfigurationManager] Settings Loaded
[2020-07-18 11:01:10Z INFO MessageListener] {
  "AgentId": 2,
  "AgentName": "educom",
  "PoolId": 1,
  "PoolName": "Default",
  "ServerUrl": "https://pipelines.actions.githubusercontent.com/xS3DMc8fuypaIvc6IH5KfwAZrUNp9lTOkYRQVRWO5s6OzTdBmU",
  "GitHubUrl": "https://github.com/JavaGroupLunen/educombackend",
  "WorkFolder": "_work"
}
[2020-07-18 11:01:10Z INFO MessageListener] Loading Credentials
[2020-07-18 11:01:10Z INFO ConfigurationStore] HasCredentials()
[2020-07-18 11:01:10Z INFO ConfigurationStore] stored True
[2020-07-18 11:01:10Z INFO CredentialManager] GetCredentialProvider
[2020-07-18 11:01:10Z INFO CredentialManager] Creating type OAuth
[2020-07-18 11:01:10Z INFO CredentialManager] Creating credential type: OAuth
[2020-07-18 11:01:10Z INFO HostContext] Well known directory 'Bin': '/home/cc/Schreibtisch/tutorialabapril/javafx/s1p-stocks-ui/educom/actions-runner/bin'
[2020-07-18 11:01:10Z INFO HostContext] Well known directory 'Root': '/home/cc/Schreibtisch/tutorialabapril/javafx/s1p-stocks-ui/educom/actions-runner'
[2020-07-18 11:01:10Z INFO HostContext] Well known config file 'RSACredentials': '/home/cc/Schreibtisch/tutorialabapril/javafx/s1p-stocks-ui/educom/actions-runner/.credentials_rsaparams'
[2020-07-18 11:01:10Z INFO RSAFileKeyManager] Loading RSA key parameters from file /home/cc/Schreibtisch/tutorialabapril/javafx/s1p-stocks-ui/educom/actions-runner/.credentials_rsaparams
[2020-07-18 11:01:10Z INFO MessageListener] Attempt to create session.
[2020-07-18 11:01:10Z INFO MessageListener] Connecting to the Runner Server...
[2020-07-18 11:01:10Z INFO RunnerServer] Establish connection with 100 seconds timeout.
[2020-07-18 11:01:10Z INFO GitHubActionsService] Starting operation Location.GetConnectionData
[2020-07-18 11:01:10Z INFO RunnerServer] Establish connection with 60 seconds timeout.
[2020-07-18 11:01:10Z INFO GitHubActionsService] Starting operation Location.GetConnectionData
[2020-07-18 11:01:10Z INFO RunnerServer] Establish connection with 60 seconds timeout.
[2020-07-18 11:01:10Z INFO GitHubActionsService] Starting operation Location.GetConnectionData
[2020-07-18 11:01:11Z INFO GitHubActionsService] Finished operation Location.GetConnectionData
[2020-07-18 11:01:11Z INFO GitHubActionsService] Finished operation Location.GetConnectionData
[2020-07-18 11:01:11Z INFO GitHubActionsService] Finished operation Location.GetConnectionData
[2020-07-18 11:01:11Z INFO GitHubActionsService] Starting operation Location.GetConnectionData
[2020-07-18 11:01:11Z INFO GitHubActionsService] Finished operation Location.GetConnectionData
[2020-07-18 11:01:11Z INFO MessageListener] VssConnection created
[2020-07-18 11:01:11Z INFO Terminal] WRITE LINE: 
[2020-07-18 11:01:11Z INFO Terminal] WRITE LINE: 
[2020-07-18 11:01:11Z WARN GitHubActionsService] Authentication failed with status code 401.
WWW-Authenticate: Bearer
Strict-Transport-Security: max-age=2592000
X-TFS-ProcessId: e633568b-8979-4a2f-9c0e-d04eb47a2a85
ActivityId: a7f95275-c62b-4762-a1fa-0ad46fa61db6
X-TFS-Session: bbf3af47-828f-457b-9b87-37cc94c76aa6
X-VSS-E2EID: 476fe9eb-cfab-40d7-847c-161337c76be7
X-VSS-SenderDeploymentId: a07ab14e-025a-39c3-8d53-788cd7ce207f
X-TFS-ServiceError: The+user+%27System%3aPublicAccess%3baaaaaaaa-aaaa-aaaa-aaaa-aaaaaaaaaaaa%27+is+not+authorized+to+access+this+resource.
X-VSS-S2STargetService: 0000005A-0000-8888-8000-000000000000/visualstudio.com
X-MSEdge-Ref: Ref A: 4F4FB482379B402AAE6A03AF613ABB5F Ref B: FRAEDGE0919 Ref C: 2020-07-18T11:01:11Z
Date: Sat, 18 Jul 2020 11:01:11 GMT

[2020-07-18 11:01:11Z INFO RSAFileKeyManager] Loading RSA key parameters from file /home/cc/Schreibtisch/tutorialabapril/javafx/s1p-stocks-ui/educom/actions-runner/.credentials_rsaparams
[2020-07-18 11:01:11Z INFO RSAFileKeyManager] Loading RSA key parameters from file /home/cc/Schreibtisch/tutorialabapril/javafx/s1p-stocks-ui/educom/actions-runner/.credentials_rsaparams
[2020-07-18 11:01:11Z INFO GitHubActionsService] AAD Correlation ID for this token request: Unknown
[2020-07-18 11:01:12Z ERR  GitHubActionsService] POST request to https://pipelines.actions.githubusercontent.com/xS3DMc8fuypaIvc6IH5KfwAZrUNp9lTOkYRQVRWO5s6OzTdBmU/_apis/distributedtask/pools/1/sessions failed. HTTP Status: Conflict, AFD Ref: Ref A: B8C47D1ECBAA4346A6E03F35B09DB768 Ref B: FRAEDGE0919 Ref C: 2020-07-18T11:01:12Z
[2020-07-18 11:01:12Z ERR  MessageListener] Catch exception during create session.
[2020-07-18 11:01:12Z ERR  MessageListener] GitHub.DistributedTask.WebApi.TaskAgentSessionConflictException: The actions runner educom already has an active session for owner cc-pc.
   at GitHub.Services.WebApi.VssHttpClientBase.HandleResponseAsync(HttpResponseMessage response, CancellationToken cancellationToken)
   at GitHub.Services.WebApi.VssHttpClientBase.SendAsync(HttpRequestMessage message, HttpCompletionOption completionOption, Object userState, CancellationToken cancellationToken)
   at GitHub.Services.WebApi.VssHttpClientBase.SendAsync[T](HttpRequestMessage message, Object userState, CancellationToken cancellationToken)
   at GitHub.Services.WebApi.VssHttpClientBase.SendAsync[T](HttpMethod method, IEnumerable`1 additionalHeaders, Guid locationId, Object routeValues, ApiResourceVersion version, HttpContent content, IEnumerable`1 queryParameters, Object userState, CancellationToken cancellationToken)
   at GitHub.Runner.Listener.MessageListener.CreateSessionAsync(CancellationToken token)
[2020-07-18 11:01:12Z INFO MessageListener] The session for this runner already exists.
[2020-07-18 11:01:12Z ERR  Terminal] WRITE ERROR: A session for this runner already exists.
[2020-07-18 11:01:12Z INFO MessageListener] The session conflict exception haven't reached retry limit.
[2020-07-18 11:01:12Z ERR  Terminal] WRITE ERROR: 2020-07-18 11:01:12Z: Runner connect error: The actions runner educom already has an active session for owner cc-pc.. Retrying until reconnected.
[2020-07-18 11:01:12Z INFO MessageListener] Sleeping for 30 seconds before retrying.
[2020-07-18 11:01:36Z INFO Terminal] WRITE LINE: Exiting...
[2020-07-18 11:01:36Z INFO ConfigurationStore] IsServiceConfigured()
[2020-07-18 11:01:36Z INFO ConfigurationStore] IsServiceConfigured: True
[2020-07-18 11:01:36Z INFO Runner] Received Ctrl-C signal, stop Runner.Listener and Runner.Worker.
[2020-07-18 11:01:36Z INFO HostContext] Runner will be shutdown for UserCancelled
[2020-07-18 11:01:36Z INFO Listener] Runner execution been cancelled.
