[2020-07-19 00:17:56Z INFO HostContext] No proxy settings were found based on environmental variables (http_proxy/https_proxy/HTTP_PROXY/HTTPS_PROXY)
[2020-07-19 00:17:56Z INFO HostContext] Well known directory 'Bin': '/home/cc/Schreibtisch/tutorialabapril/javafx/s1p-stocks-ui/educom/actions-runner/bin'
[2020-07-19 00:17:56Z INFO HostContext] Well known directory 'Root': '/home/cc/Schreibtisch/tutorialabapril/javafx/s1p-stocks-ui/educom/actions-runner'
[2020-07-19 00:17:56Z INFO HostContext] Well known config file 'Credentials': '/home/cc/Schreibtisch/tutorialabapril/javafx/s1p-stocks-ui/educom/actions-runner/.credentials'
[2020-07-19 00:17:56Z INFO Listener] Runner is built for Linux (X64) - linux-x64.
[2020-07-19 00:17:56Z INFO Listener] RuntimeInformation: Linux 5.6.16-1-MANJARO #1 SMP PREEMPT Wed Jun 3 14:26:28 UTC 2020.
[2020-07-19 00:17:56Z INFO Listener] Version: 2.267.1
[2020-07-19 00:17:56Z INFO Listener] Commit: fd3c9de49d3894943c54c08c92eba9f4e2b43f79
[2020-07-19 00:17:56Z INFO Listener] Culture: de-DE
[2020-07-19 00:17:56Z INFO Listener] UI Culture: de-DE
[2020-07-19 00:17:56Z INFO HostContext] Well known directory 'Bin': '/home/cc/Schreibtisch/tutorialabapril/javafx/s1p-stocks-ui/educom/actions-runner/bin'
[2020-07-19 00:17:56Z INFO HostContext] Well known directory 'Root': '/home/cc/Schreibtisch/tutorialabapril/javafx/s1p-stocks-ui/educom/actions-runner'
[2020-07-19 00:17:56Z INFO Listener] Validating directory permissions for: '/home/cc/Schreibtisch/tutorialabapril/javafx/s1p-stocks-ui/educom/actions-runner'
[2020-07-19 00:17:56Z INFO CommandLineParser] Parse
[2020-07-19 00:17:56Z INFO CommandLineParser] Parsing 3 args
[2020-07-19 00:17:56Z INFO CommandLineParser] parsing argument
[2020-07-19 00:17:56Z INFO CommandLineParser] HasArgs: False
[2020-07-19 00:17:56Z INFO CommandLineParser] Adding Command: run
[2020-07-19 00:17:56Z INFO CommandLineParser] parsing argument
[2020-07-19 00:17:56Z INFO CommandLineParser] HasArgs: True
[2020-07-19 00:17:56Z INFO CommandLineParser] arg: startuptype
[2020-07-19 00:17:56Z INFO CommandLineParser] parsing argument
[2020-07-19 00:17:56Z INFO CommandLineParser] HasArgs: True
[2020-07-19 00:17:56Z INFO CommandLineParser] Adding option 'startuptype': 'service'
[2020-07-19 00:17:56Z INFO Listener] Arguments parsed
[2020-07-19 00:17:56Z INFO Runner] ExecuteCommand
[2020-07-19 00:17:56Z INFO ConfigurationStore] currentAssemblyLocation: /home/cc/Schreibtisch/tutorialabapril/javafx/s1p-stocks-ui/educom/actions-runner/bin/Runner.Listener.dll
[2020-07-19 00:17:56Z INFO HostContext] Well known directory 'Bin': '/home/cc/Schreibtisch/tutorialabapril/javafx/s1p-stocks-ui/educom/actions-runner/bin'
[2020-07-19 00:17:56Z INFO ConfigurationStore] binPath: /home/cc/Schreibtisch/tutorialabapril/javafx/s1p-stocks-ui/educom/actions-runner/bin
[2020-07-19 00:17:56Z INFO HostContext] Well known directory 'Bin': '/home/cc/Schreibtisch/tutorialabapril/javafx/s1p-stocks-ui/educom/actions-runner/bin'
[2020-07-19 00:17:56Z INFO HostContext] Well known directory 'Root': '/home/cc/Schreibtisch/tutorialabapril/javafx/s1p-stocks-ui/educom/actions-runner'
[2020-07-19 00:17:56Z INFO ConfigurationStore] RootFolder: /home/cc/Schreibtisch/tutorialabapril/javafx/s1p-stocks-ui/educom/actions-runner
[2020-07-19 00:17:56Z INFO HostContext] Well known directory 'Bin': '/home/cc/Schreibtisch/tutorialabapril/javafx/s1p-stocks-ui/educom/actions-runner/bin'
[2020-07-19 00:17:56Z INFO HostContext] Well known directory 'Root': '/home/cc/Schreibtisch/tutorialabapril/javafx/s1p-stocks-ui/educom/actions-runner'
[2020-07-19 00:17:56Z INFO HostContext] Well known config file 'Runner': '/home/cc/Schreibtisch/tutorialabapril/javafx/s1p-stocks-ui/educom/actions-runner/.runner'
[2020-07-19 00:17:56Z INFO ConfigurationStore] ConfigFilePath: /home/cc/Schreibtisch/tutorialabapril/javafx/s1p-stocks-ui/educom/actions-runner/.runner
[2020-07-19 00:17:56Z INFO HostContext] Well known directory 'Bin': '/home/cc/Schreibtisch/tutorialabapril/javafx/s1p-stocks-ui/educom/actions-runner/bin'
[2020-07-19 00:17:56Z INFO HostContext] Well known directory 'Root': '/home/cc/Schreibtisch/tutorialabapril/javafx/s1p-stocks-ui/educom/actions-runner'
[2020-07-19 00:17:56Z INFO HostContext] Well known config file 'Credentials': '/home/cc/Schreibtisch/tutorialabapril/javafx/s1p-stocks-ui/educom/actions-runner/.credentials'
[2020-07-19 00:17:56Z INFO ConfigurationStore] CredFilePath: /home/cc/Schreibtisch/tutorialabapril/javafx/s1p-stocks-ui/educom/actions-runner/.credentials
[2020-07-19 00:17:56Z INFO HostContext] Well known directory 'Bin': '/home/cc/Schreibtisch/tutorialabapril/javafx/s1p-stocks-ui/educom/actions-runner/bin'
[2020-07-19 00:17:56Z INFO HostContext] Well known directory 'Root': '/home/cc/Schreibtisch/tutorialabapril/javafx/s1p-stocks-ui/educom/actions-runner'
[2020-07-19 00:17:56Z INFO HostContext] Well known config file 'MigratedCredentials': '/home/cc/Schreibtisch/tutorialabapril/javafx/s1p-stocks-ui/educom/actions-runner/.credentials_migrated'
[2020-07-19 00:17:56Z INFO ConfigurationStore] MigratedCredFilePath: /home/cc/Schreibtisch/tutorialabapril/javafx/s1p-stocks-ui/educom/actions-runner/.credentials_migrated
[2020-07-19 00:17:56Z INFO HostContext] Well known directory 'Bin': '/home/cc/Schreibtisch/tutorialabapril/javafx/s1p-stocks-ui/educom/actions-runner/bin'
[2020-07-19 00:17:56Z INFO HostContext] Well known directory 'Root': '/home/cc/Schreibtisch/tutorialabapril/javafx/s1p-stocks-ui/educom/actions-runner'
[2020-07-19 00:17:56Z INFO HostContext] Well known config file 'Service': '/home/cc/Schreibtisch/tutorialabapril/javafx/s1p-stocks-ui/educom/actions-runner/.service'
[2020-07-19 00:17:56Z INFO ConfigurationStore] ServiceConfigFilePath: /home/cc/Schreibtisch/tutorialabapril/javafx/s1p-stocks-ui/educom/actions-runner/.service
[2020-07-19 00:17:56Z INFO CommandSettings] Flag 'help': 'False'
[2020-07-19 00:17:56Z INFO CommandSettings] Flag 'version': 'False'
[2020-07-19 00:17:56Z INFO CommandSettings] Flag 'commit': 'False'
[2020-07-19 00:17:56Z INFO CommandSettings] Command 'configure': 'False'
[2020-07-19 00:17:56Z INFO CommandSettings] Command 'remove': 'False'
[2020-07-19 00:17:56Z INFO CommandSettings] Command 'warmup': 'False'
[2020-07-19 00:17:56Z INFO ConfigurationManager] LoadSettings
[2020-07-19 00:17:56Z INFO ConfigurationStore] IsConfigured()
[2020-07-19 00:17:56Z INFO ConfigurationStore] IsConfigured: True
[2020-07-19 00:17:56Z INFO ConfigurationManager] Is configured: True
[2020-07-19 00:17:56Z INFO ConfigurationStore] Read setting file: 291 chars
[2020-07-19 00:17:56Z INFO ConfigurationManager] Settings Loaded
[2020-07-19 00:17:56Z INFO ConfigurationStore] IsServiceConfigured()
[2020-07-19 00:17:56Z INFO ConfigurationStore] IsServiceConfigured: True
[2020-07-19 00:17:56Z INFO CommandSettings] Command 'run': 'True'
[2020-07-19 00:17:56Z INFO ConfigurationStore] IsConfigured()
[2020-07-19 00:17:56Z INFO ConfigurationStore] IsConfigured: True
[2020-07-19 00:17:56Z INFO ConfigurationManager] Is configured: True
[2020-07-19 00:17:56Z INFO Runner] Set runner startup type - Service
[2020-07-19 00:17:56Z INFO CommandSettings] Flag 'once': 'False'
[2020-07-19 00:17:56Z INFO Runner] RunAsync
[2020-07-19 00:17:56Z INFO ConfigurationManager] LoadSettings
[2020-07-19 00:17:56Z INFO ConfigurationStore] IsConfigured()
[2020-07-19 00:17:56Z INFO ConfigurationStore] IsConfigured: True
[2020-07-19 00:17:56Z INFO ConfigurationManager] Is configured: True
[2020-07-19 00:17:56Z INFO ConfigurationManager] Settings Loaded
[2020-07-19 00:17:56Z INFO MessageListener] {
  "AgentId": 2,
  "AgentName": "educom",
  "PoolId": 1,
  "PoolName": "Default",
  "ServerUrl": "https://pipelines.actions.githubusercontent.com/xS3DMc8fuypaIvc6IH5KfwAZrUNp9lTOkYRQVRWO5s6OzTdBmU",
  "GitHubUrl": "https://github.com/JavaGroupLunen/educombackend",
  "WorkFolder": "_work"
}
[2020-07-19 00:17:56Z INFO MessageListener] Loading Credentials
[2020-07-19 00:17:56Z INFO ConfigurationStore] HasCredentials()
[2020-07-19 00:17:56Z INFO ConfigurationStore] stored True
[2020-07-19 00:17:56Z INFO CredentialManager] GetCredentialProvider
[2020-07-19 00:17:56Z INFO CredentialManager] Creating type OAuth
[2020-07-19 00:17:56Z INFO CredentialManager] Creating credential type: OAuth
[2020-07-19 00:17:56Z INFO HostContext] Well known directory 'Bin': '/home/cc/Schreibtisch/tutorialabapril/javafx/s1p-stocks-ui/educom/actions-runner/bin'
[2020-07-19 00:17:56Z INFO HostContext] Well known directory 'Root': '/home/cc/Schreibtisch/tutorialabapril/javafx/s1p-stocks-ui/educom/actions-runner'
[2020-07-19 00:17:56Z INFO HostContext] Well known config file 'RSACredentials': '/home/cc/Schreibtisch/tutorialabapril/javafx/s1p-stocks-ui/educom/actions-runner/.credentials_rsaparams'
[2020-07-19 00:17:56Z INFO RSAFileKeyManager] Loading RSA key parameters from file /home/cc/Schreibtisch/tutorialabapril/javafx/s1p-stocks-ui/educom/actions-runner/.credentials_rsaparams
[2020-07-19 00:17:56Z INFO MessageListener] Attempt to create session.
[2020-07-19 00:17:56Z INFO MessageListener] Connecting to the Runner Server...
[2020-07-19 00:17:56Z INFO RunnerServer] Establish connection with 100 seconds timeout.
[2020-07-19 00:17:56Z INFO GitHubActionsService] Starting operation Location.GetConnectionData
[2020-07-19 00:17:56Z INFO RunnerServer] Establish connection with 60 seconds timeout.
[2020-07-19 00:17:56Z INFO GitHubActionsService] Starting operation Location.GetConnectionData
[2020-07-19 00:17:56Z INFO RunnerServer] Establish connection with 60 seconds timeout.
[2020-07-19 00:17:57Z INFO GitHubActionsService] Starting operation Location.GetConnectionData
[2020-07-19 00:17:57Z ERR  GitHubActionsService] GET request to https://pipelines.actions.githubusercontent.com/xS3DMc8fuypaIvc6IH5KfwAZrUNp9lTOkYRQVRWO5s6OzTdBmU/_apis/connectionData?connectOptions=1&lastChangeId=7585793&lastChangeId64=7585793 failed. System.Net.Http.HttpRequestException: Name or service not known
 ---> System.Net.Sockets.SocketException (0xFFFDFFFF): Name or service not known
   at System.Net.Http.ConnectHelper.ConnectAsync(String host, Int32 port, CancellationToken cancellationToken)
   --- End of inner exception stack trace ---
   at System.Net.Http.ConnectHelper.ConnectAsync(String host, Int32 port, CancellationToken cancellationToken)
   at System.Net.Http.HttpConnectionPool.ConnectAsync(HttpRequestMessage request, Boolean allowHttp2, CancellationToken cancellationToken)
   at System.Net.Http.HttpConnectionPool.CreateHttp11ConnectionAsync(HttpRequestMessage request, CancellationToken cancellationToken)
   at System.Net.Http.HttpConnectionPool.GetHttpConnectionAsync(HttpRequestMessage request, CancellationToken cancellationToken)
   at System.Net.Http.HttpConnectionPool.SendWithRetryAsync(HttpRequestMessage request, Boolean doRequestAuth, CancellationToken cancellationToken)
   at System.Net.Http.AuthenticationHelper.SendWithAuthAsync(HttpRequestMessage request, Uri authUri, ICredentials credentials, Boolean preAuthenticate, Boolean isProxyAuth, Boolean doRequestAuth, HttpConnectionPool pool, CancellationToken cancellationToken)
   at System.Net.Http.DecompressionHandler.SendAsync(HttpRequestMessage request, CancellationToken cancellationToken)
   at GitHub.Services.Common.VssHttpMessageHandler.SendAsync(HttpRequestMessage request, CancellationToken cancellationToken)
   at GitHub.Services.Common.VssHttpRetryMessageHandler.SendAsync(HttpRequestMessage request, CancellationToken cancellationToken)
[2020-07-19 00:17:57Z ERR  GitHubActionsService] GET request to https://pipelines.actions.githubusercontent.com/xS3DMc8fuypaIvc6IH5KfwAZrUNp9lTOkYRQVRWO5s6OzTdBmU/_apis/connectionData?connectOptions=1&lastChangeId=7585793&lastChangeId64=7585793 failed. System.Net.Http.HttpRequestException: Name or service not known
 ---> System.Net.Sockets.SocketException (0xFFFDFFFF): Name or service not known
   at System.Net.Http.ConnectHelper.ConnectAsync(String host, Int32 port, CancellationToken cancellationToken)
   --- End of inner exception stack trace ---
   at System.Net.Http.ConnectHelper.ConnectAsync(String host, Int32 port, CancellationToken cancellationToken)
   at System.Net.Http.HttpConnectionPool.ConnectAsync(HttpRequestMessage request, Boolean allowHttp2, CancellationToken cancellationToken)
   at System.Net.Http.HttpConnectionPool.CreateHttp11ConnectionAsync(HttpRequestMessage request, CancellationToken cancellationToken)
   at System.Net.Http.HttpConnectionPool.GetHttpConnectionAsync(HttpRequestMessage request, CancellationToken cancellationToken)
   at System.Net.Http.HttpConnectionPool.SendWithRetryAsync(HttpRequestMessage request, Boolean doRequestAuth, CancellationToken cancellationToken)
   at System.Net.Http.AuthenticationHelper.SendWithAuthAsync(HttpRequestMessage request, Uri authUri, ICredentials credentials, Boolean preAuthenticate, Boolean isProxyAuth, Boolean doRequestAuth, HttpConnectionPool pool, CancellationToken cancellationToken)
   at System.Net.Http.DecompressionHandler.SendAsync(HttpRequestMessage request, CancellationToken cancellationToken)
   at GitHub.Services.Common.VssHttpMessageHandler.SendAsync(HttpRequestMessage request, CancellationToken cancellationToken)
   at GitHub.Services.Common.VssHttpRetryMessageHandler.SendAsync(HttpRequestMessage request, CancellationToken cancellationToken)
[2020-07-19 00:17:57Z ERR  GitHubActionsService] GET request to https://pipelines.actions.githubusercontent.com/xS3DMc8fuypaIvc6IH5KfwAZrUNp9lTOkYRQVRWO5s6OzTdBmU/_apis/connectionData?connectOptions=1&lastChangeId=7585793&lastChangeId64=7585793 failed. System.Net.Http.HttpRequestException: Name or service not known
 ---> System.Net.Sockets.SocketException (0xFFFDFFFF): Name or service not known
   at System.Net.Http.ConnectHelper.ConnectAsync(String host, Int32 port, CancellationToken cancellationToken)
   --- End of inner exception stack trace ---
   at System.Net.Http.ConnectHelper.ConnectAsync(String host, Int32 port, CancellationToken cancellationToken)
   at System.Net.Http.HttpConnectionPool.ConnectAsync(HttpRequestMessage request, Boolean allowHttp2, CancellationToken cancellationToken)
   at System.Net.Http.HttpConnectionPool.CreateHttp11ConnectionAsync(HttpRequestMessage request, CancellationToken cancellationToken)
   at System.Net.Http.HttpConnectionPool.GetHttpConnectionAsync(HttpRequestMessage request, CancellationToken cancellationToken)
   at System.Net.Http.HttpConnectionPool.SendWithRetryAsync(HttpRequestMessage request, Boolean doRequestAuth, CancellationToken cancellationToken)
   at System.Net.Http.AuthenticationHelper.SendWithAuthAsync(HttpRequestMessage request, Uri authUri, ICredentials credentials, Boolean preAuthenticate, Boolean isProxyAuth, Boolean doRequestAuth, HttpConnectionPool pool, CancellationToken cancellationToken)
   at System.Net.Http.DecompressionHandler.SendAsync(HttpRequestMessage request, CancellationToken cancellationToken)
   at GitHub.Services.Common.VssHttpMessageHandler.SendAsync(HttpRequestMessage request, CancellationToken cancellationToken)
   at GitHub.Services.Common.VssHttpRetryMessageHandler.SendAsync(HttpRequestMessage request, CancellationToken cancellationToken)
[2020-07-19 00:17:57Z INFO GitHubActionsService] Finished operation Location.GetConnectionData
[2020-07-19 00:17:57Z INFO GitHubActionsService] Finished operation Location.GetConnectionData
[2020-07-19 00:17:57Z INFO GitHubActionsService] Finished operation Location.GetConnectionData
[2020-07-19 00:17:57Z INFO RunnerServer] Catch exception during connect. 4 attempt left.
[2020-07-19 00:17:57Z INFO RunnerServer] Catch exception during connect. 4 attempt left.
[2020-07-19 00:17:57Z INFO RunnerServer] Catch exception during connect. 4 attempt left.
[2020-07-19 00:17:57Z ERR  RunnerServer] System.Net.Http.HttpRequestException: Name or service not known
 ---> System.Net.Sockets.SocketException (0xFFFDFFFF): Name or service not known
   at System.Net.Http.ConnectHelper.ConnectAsync(String host, Int32 port, CancellationToken cancellationToken)
   --- End of inner exception stack trace ---
   at GitHub.Services.Common.VssHttpRetryMessageHandler.SendAsync(HttpRequestMessage request, CancellationToken cancellationToken)
   at System.Net.Http.HttpClient.FinishSendAsyncBuffered(Task`1 sendTask, HttpRequestMessage request, CancellationTokenSource cts, Boolean disposeCts)
   at GitHub.Services.WebApi.VssHttpClientBase.SendAsync(HttpRequestMessage message, HttpCompletionOption completionOption, Object userState, CancellationToken cancellationToken)
   at GitHub.Services.WebApi.VssHttpClientBase.SendAsync[T](HttpRequestMessage message, Object userState, CancellationToken cancellationToken)
   at GitHub.Services.Location.Client.LocationHttpClient.GetConnectionDataAsync(ConnectOptions connectOptions, Int64 lastChangeId, CancellationToken cancellationToken, Object userState)
   at GitHub.Services.WebApi.Location.VssServerDataProvider.GetConnectionDataAsync(ConnectOptions connectOptions, Int32 lastChangeId, CancellationToken cancellationToken)
   at GitHub.Services.WebApi.Location.VssServerDataProvider.ConnectAsync(ConnectOptions connectOptions, CancellationToken cancellationToken)
   at GitHub.Runner.Common.RunnerServer.EstablishVssConnection(Uri serverUrl, VssCredentials credentials, TimeSpan timeout)
[2020-07-19 00:17:57Z ERR  RunnerServer] System.Net.Http.HttpRequestException: Name or service not known
 ---> System.Net.Sockets.SocketException (0xFFFDFFFF): Name or service not known
   at System.Net.Http.ConnectHelper.ConnectAsync(String host, Int32 port, CancellationToken cancellationToken)
   --- End of inner exception stack trace ---
   at GitHub.Services.Common.VssHttpRetryMessageHandler.SendAsync(HttpRequestMessage request, CancellationToken cancellationToken)
   at System.Net.Http.HttpClient.FinishSendAsyncBuffered(Task`1 sendTask, HttpRequestMessage request, CancellationTokenSource cts, Boolean disposeCts)
   at GitHub.Services.WebApi.VssHttpClientBase.SendAsync(HttpRequestMessage message, HttpCompletionOption completionOption, Object userState, CancellationToken cancellationToken)
   at GitHub.Services.WebApi.VssHttpClientBase.SendAsync[T](HttpRequestMessage message, Object userState, CancellationToken cancellationToken)
   at GitHub.Services.Location.Client.LocationHttpClient.GetConnectionDataAsync(ConnectOptions connectOptions, Int64 lastChangeId, CancellationToken cancellationToken, Object userState)
   at GitHub.Services.WebApi.Location.VssServerDataProvider.GetConnectionDataAsync(ConnectOptions connectOptions, Int32 lastChangeId, CancellationToken cancellationToken)
   at GitHub.Services.WebApi.Location.VssServerDataProvider.ConnectAsync(ConnectOptions connectOptions, CancellationToken cancellationToken)
   at GitHub.Runner.Common.RunnerServer.EstablishVssConnection(Uri serverUrl, VssCredentials credentials, TimeSpan timeout)
[2020-07-19 00:17:57Z ERR  RunnerServer] System.Net.Http.HttpRequestException: Name or service not known
 ---> System.Net.Sockets.SocketException (0xFFFDFFFF): Name or service not known
   at System.Net.Http.ConnectHelper.ConnectAsync(String host, Int32 port, CancellationToken cancellationToken)
   --- End of inner exception stack trace ---
   at GitHub.Services.Common.VssHttpRetryMessageHandler.SendAsync(HttpRequestMessage request, CancellationToken cancellationToken)
   at System.Net.Http.HttpClient.FinishSendAsyncBuffered(Task`1 sendTask, HttpRequestMessage request, CancellationTokenSource cts, Boolean disposeCts)
   at GitHub.Services.WebApi.VssHttpClientBase.SendAsync(HttpRequestMessage message, HttpCompletionOption completionOption, Object userState, CancellationToken cancellationToken)
   at GitHub.Services.WebApi.VssHttpClientBase.SendAsync[T](HttpRequestMessage message, Object userState, CancellationToken cancellationToken)
   at GitHub.Services.Location.Client.LocationHttpClient.GetConnectionDataAsync(ConnectOptions connectOptions, Int64 lastChangeId, CancellationToken cancellationToken, Object userState)
   at GitHub.Services.WebApi.Location.VssServerDataProvider.GetConnectionDataAsync(ConnectOptions connectOptions, Int32 lastChangeId, CancellationToken cancellationToken)
   at GitHub.Services.WebApi.Location.VssServerDataProvider.ConnectAsync(ConnectOptions connectOptions, CancellationToken cancellationToken)
   at GitHub.Runner.Common.RunnerServer.EstablishVssConnection(Uri serverUrl, VssCredentials credentials, TimeSpan timeout)
[2020-07-19 00:17:57Z ERR  RunnerServer] #####################################################
[2020-07-19 00:17:57Z ERR  RunnerServer] #####################################################
[2020-07-19 00:17:57Z ERR  RunnerServer] #####################################################
[2020-07-19 00:17:57Z ERR  RunnerServer] System.Net.Sockets.SocketException (0xFFFDFFFF): Name or service not known
   at System.Net.Http.ConnectHelper.ConnectAsync(String host, Int32 port, CancellationToken cancellationToken)
[2020-07-19 00:17:57Z ERR  RunnerServer] System.Net.Sockets.SocketException (0xFFFDFFFF): Name or service not known
   at System.Net.Http.ConnectHelper.ConnectAsync(String host, Int32 port, CancellationToken cancellationToken)
[2020-07-19 00:17:57Z ERR  RunnerServer] System.Net.Sockets.SocketException (0xFFFDFFFF): Name or service not known
   at System.Net.Http.ConnectHelper.ConnectAsync(String host, Int32 port, CancellationToken cancellationToken)
[2020-07-19 00:17:57Z INFO GitHubActionsService] Starting operation Location.GetConnectionData
[2020-07-19 00:17:57Z INFO GitHubActionsService] Starting operation Location.GetConnectionData
[2020-07-19 00:17:57Z ERR  GitHubActionsService] GET request to https://pipelines.actions.githubusercontent.com/xS3DMc8fuypaIvc6IH5KfwAZrUNp9lTOkYRQVRWO5s6OzTdBmU/_apis/connectionData?connectOptions=1&lastChangeId=7585793&lastChangeId64=7585793 failed. System.Net.Http.HttpRequestException: Name or service not known
 ---> System.Net.Sockets.SocketException (0xFFFDFFFF): Name or service not known
   at System.Net.Http.ConnectHelper.ConnectAsync(String host, Int32 port, CancellationToken cancellationToken)
   --- End of inner exception stack trace ---
   at System.Net.Http.ConnectHelper.ConnectAsync(String host, Int32 port, CancellationToken cancellationToken)
   at System.Net.Http.HttpConnectionPool.ConnectAsync(HttpRequestMessage request, Boolean allowHttp2, CancellationToken cancellationToken)
   at System.Net.Http.HttpConnectionPool.CreateHttp11ConnectionAsync(HttpRequestMessage request, CancellationToken cancellationToken)
   at System.Net.Http.HttpConnectionPool.GetHttpConnectionAsync(HttpRequestMessage request, CancellationToken cancellationToken)
   at System.Net.Http.HttpConnectionPool.SendWithRetryAsync(HttpRequestMessage request, Boolean doRequestAuth, CancellationToken cancellationToken)
   at System.Net.Http.AuthenticationHelper.SendWithAuthAsync(HttpRequestMessage request, Uri authUri, ICredentials credentials, Boolean preAuthenticate, Boolean isProxyAuth, Boolean doRequestAuth, HttpConnectionPool pool, CancellationToken cancellationToken)
   at System.Net.Http.DecompressionHandler.SendAsync(HttpRequestMessage request, CancellationToken cancellationToken)
   at GitHub.Services.Common.VssHttpMessageHandler.SendAsync(HttpRequestMessage request, CancellationToken cancellationToken)
   at GitHub.Services.Common.VssHttpRetryMessageHandler.SendAsync(HttpRequestMessage request, CancellationToken cancellationToken)
[2020-07-19 00:17:57Z INFO GitHubActionsService] Finished operation Location.GetConnectionData
[2020-07-19 00:17:57Z INFO RunnerServer] Catch exception during connect. 3 attempt left.
[2020-07-19 00:17:57Z ERR  GitHubActionsService] GET request to https://pipelines.actions.githubusercontent.com/xS3DMc8fuypaIvc6IH5KfwAZrUNp9lTOkYRQVRWO5s6OzTdBmU/_apis/connectionData?connectOptions=1&lastChangeId=7585793&lastChangeId64=7585793 failed. System.Net.Http.HttpRequestException: Name or service not known
 ---> System.Net.Sockets.SocketException (0xFFFDFFFF): Name or service not known
   at System.Net.Http.ConnectHelper.ConnectAsync(String host, Int32 port, CancellationToken cancellationToken)
   --- End of inner exception stack trace ---
   at System.Net.Http.ConnectHelper.ConnectAsync(String host, Int32 port, CancellationToken cancellationToken)
   at System.Net.Http.HttpConnectionPool.ConnectAsync(HttpRequestMessage request, Boolean allowHttp2, CancellationToken cancellationToken)
   at System.Net.Http.HttpConnectionPool.CreateHttp11ConnectionAsync(HttpRequestMessage request, CancellationToken cancellationToken)
   at System.Net.Http.HttpConnectionPool.GetHttpConnectionAsync(HttpRequestMessage request, CancellationToken cancellationToken)
   at System.Net.Http.HttpConnectionPool.SendWithRetryAsync(HttpRequestMessage request, Boolean doRequestAuth, CancellationToken cancellationToken)
   at System.Net.Http.AuthenticationHelper.SendWithAuthAsync(HttpRequestMessage request, Uri authUri, ICredentials credentials, Boolean preAuthenticate, Boolean isProxyAuth, Boolean doRequestAuth, HttpConnectionPool pool, CancellationToken cancellationToken)
   at System.Net.Http.DecompressionHandler.SendAsync(HttpRequestMessage request, CancellationToken cancellationToken)
   at GitHub.Services.Common.VssHttpMessageHandler.SendAsync(HttpRequestMessage request, CancellationToken cancellationToken)
   at GitHub.Services.Common.VssHttpRetryMessageHandler.SendAsync(HttpRequestMessage request, CancellationToken cancellationToken)
[2020-07-19 00:17:57Z ERR  RunnerServer] System.Net.Http.HttpRequestException: Name or service not known
 ---> System.Net.Sockets.SocketException (0xFFFDFFFF): Name or service not known
   at System.Net.Http.ConnectHelper.ConnectAsync(String host, Int32 port, CancellationToken cancellationToken)
   --- End of inner exception stack trace ---
   at GitHub.Services.Common.VssHttpRetryMessageHandler.SendAsync(HttpRequestMessage request, CancellationToken cancellationToken)
   at System.Net.Http.HttpClient.FinishSendAsyncBuffered(Task`1 sendTask, HttpRequestMessage request, CancellationTokenSource cts, Boolean disposeCts)
   at GitHub.Services.WebApi.VssHttpClientBase.SendAsync(HttpRequestMessage message, HttpCompletionOption completionOption, Object userState, CancellationToken cancellationToken)
   at GitHub.Services.WebApi.VssHttpClientBase.SendAsync[T](HttpRequestMessage message, Object userState, CancellationToken cancellationToken)
   at GitHub.Services.Location.Client.LocationHttpClient.GetConnectionDataAsync(ConnectOptions connectOptions, Int64 lastChangeId, CancellationToken cancellationToken, Object userState)
   at GitHub.Services.WebApi.Location.VssServerDataProvider.GetConnectionDataAsync(ConnectOptions connectOptions, Int32 lastChangeId, CancellationToken cancellationToken)
   at GitHub.Services.WebApi.Location.VssServerDataProvider.ConnectAsync(ConnectOptions connectOptions, CancellationToken cancellationToken)
   at GitHub.Runner.Common.RunnerServer.EstablishVssConnection(Uri serverUrl, VssCredentials credentials, TimeSpan timeout)
[2020-07-19 00:17:57Z ERR  RunnerServer] #####################################################
[2020-07-19 00:17:57Z INFO GitHubActionsService] Finished operation Location.GetConnectionData
[2020-07-19 00:17:57Z ERR  RunnerServer] System.Net.Sockets.SocketException (0xFFFDFFFF): Name or service not known
   at System.Net.Http.ConnectHelper.ConnectAsync(String host, Int32 port, CancellationToken cancellationToken)
[2020-07-19 00:17:57Z INFO RunnerServer] Catch exception during connect. 3 attempt left.
[2020-07-19 00:17:57Z INFO GitHubActionsService] Starting operation Location.GetConnectionData
[2020-07-19 00:17:57Z ERR  RunnerServer] System.Net.Http.HttpRequestException: Name or service not known
 ---> System.Net.Sockets.SocketException (0xFFFDFFFF): Name or service not known
   at System.Net.Http.ConnectHelper.ConnectAsync(String host, Int32 port, CancellationToken cancellationToken)
   --- End of inner exception stack trace ---
   at GitHub.Services.Common.VssHttpRetryMessageHandler.SendAsync(HttpRequestMessage request, CancellationToken cancellationToken)
   at System.Net.Http.HttpClient.FinishSendAsyncBuffered(Task`1 sendTask, HttpRequestMessage request, CancellationTokenSource cts, Boolean disposeCts)
   at GitHub.Services.WebApi.VssHttpClientBase.SendAsync(HttpRequestMessage message, HttpCompletionOption completionOption, Object userState, CancellationToken cancellationToken)
   at GitHub.Services.WebApi.VssHttpClientBase.SendAsync[T](HttpRequestMessage message, Object userState, CancellationToken cancellationToken)
   at GitHub.Services.Location.Client.LocationHttpClient.GetConnectionDataAsync(ConnectOptions connectOptions, Int64 lastChangeId, CancellationToken cancellationToken, Object userState)
   at GitHub.Services.WebApi.Location.VssServerDataProvider.GetConnectionDataAsync(ConnectOptions connectOptions, Int32 lastChangeId, CancellationToken cancellationToken)
   at GitHub.Services.WebApi.Location.VssServerDataProvider.ConnectAsync(ConnectOptions connectOptions, CancellationToken cancellationToken)
   at GitHub.Runner.Common.RunnerServer.EstablishVssConnection(Uri serverUrl, VssCredentials credentials, TimeSpan timeout)
[2020-07-19 00:17:57Z ERR  RunnerServer] #####################################################
[2020-07-19 00:17:57Z ERR  RunnerServer] System.Net.Sockets.SocketException (0xFFFDFFFF): Name or service not known
   at System.Net.Http.ConnectHelper.ConnectAsync(String host, Int32 port, CancellationToken cancellationToken)
[2020-07-19 00:17:57Z ERR  GitHubActionsService] GET request to https://pipelines.actions.githubusercontent.com/xS3DMc8fuypaIvc6IH5KfwAZrUNp9lTOkYRQVRWO5s6OzTdBmU/_apis/connectionData?connectOptions=1&lastChangeId=7585793&lastChangeId64=7585793 failed. System.Net.Http.HttpRequestException: Name or service not known
 ---> System.Net.Sockets.SocketException (0xFFFDFFFF): Name or service not known
   at System.Net.Http.ConnectHelper.ConnectAsync(String host, Int32 port, CancellationToken cancellationToken)
   --- End of inner exception stack trace ---
   at System.Net.Http.ConnectHelper.ConnectAsync(String host, Int32 port, CancellationToken cancellationToken)
   at System.Net.Http.HttpConnectionPool.ConnectAsync(HttpRequestMessage request, Boolean allowHttp2, CancellationToken cancellationToken)
   at System.Net.Http.HttpConnectionPool.CreateHttp11ConnectionAsync(HttpRequestMessage request, CancellationToken cancellationToken)
   at System.Net.Http.HttpConnectionPool.GetHttpConnectionAsync(HttpRequestMessage request, CancellationToken cancellationToken)
   at System.Net.Http.HttpConnectionPool.SendWithRetryAsync(HttpRequestMessage request, Boolean doRequestAuth, CancellationToken cancellationToken)
   at System.Net.Http.AuthenticationHelper.SendWithAuthAsync(HttpRequestMessage request, Uri authUri, ICredentials credentials, Boolean preAuthenticate, Boolean isProxyAuth, Boolean doRequestAuth, HttpConnectionPool pool, CancellationToken cancellationToken)
   at System.Net.Http.DecompressionHandler.SendAsync(HttpRequestMessage request, CancellationToken cancellationToken)
   at GitHub.Services.Common.VssHttpMessageHandler.SendAsync(HttpRequestMessage request, CancellationToken cancellationToken)
   at GitHub.Services.Common.VssHttpRetryMessageHandler.SendAsync(HttpRequestMessage request, CancellationToken cancellationToken)
[2020-07-19 00:17:57Z INFO GitHubActionsService] Finished operation Location.GetConnectionData
[2020-07-19 00:17:57Z INFO RunnerServer] Catch exception during connect. 3 attempt left.
[2020-07-19 00:17:57Z ERR  RunnerServer] System.Net.Http.HttpRequestException: Name or service not known
 ---> System.Net.Sockets.SocketException (0xFFFDFFFF): Name or service not known
   at System.Net.Http.ConnectHelper.ConnectAsync(String host, Int32 port, CancellationToken cancellationToken)
   --- End of inner exception stack trace ---
   at GitHub.Services.Common.VssHttpRetryMessageHandler.SendAsync(HttpRequestMessage request, CancellationToken cancellationToken)
   at System.Net.Http.HttpClient.FinishSendAsyncBuffered(Task`1 sendTask, HttpRequestMessage request, CancellationTokenSource cts, Boolean disposeCts)
   at GitHub.Services.WebApi.VssHttpClientBase.SendAsync(HttpRequestMessage message, HttpCompletionOption completionOption, Object userState, CancellationToken cancellationToken)
   at GitHub.Services.WebApi.VssHttpClientBase.SendAsync[T](HttpRequestMessage message, Object userState, CancellationToken cancellationToken)
   at GitHub.Services.Location.Client.LocationHttpClient.GetConnectionDataAsync(ConnectOptions connectOptions, Int64 lastChangeId, CancellationToken cancellationToken, Object userState)
   at GitHub.Services.WebApi.Location.VssServerDataProvider.GetConnectionDataAsync(ConnectOptions connectOptions, Int32 lastChangeId, CancellationToken cancellationToken)
   at GitHub.Services.WebApi.Location.VssServerDataProvider.ConnectAsync(ConnectOptions connectOptions, CancellationToken cancellationToken)
   at GitHub.Runner.Common.RunnerServer.EstablishVssConnection(Uri serverUrl, VssCredentials credentials, TimeSpan timeout)
[2020-07-19 00:17:57Z ERR  RunnerServer] #####################################################
[2020-07-19 00:17:57Z ERR  RunnerServer] System.Net.Sockets.SocketException (0xFFFDFFFF): Name or service not known
   at System.Net.Http.ConnectHelper.ConnectAsync(String host, Int32 port, CancellationToken cancellationToken)
[2020-07-19 00:17:57Z INFO GitHubActionsService] Starting operation Location.GetConnectionData
[2020-07-19 00:17:57Z INFO GitHubActionsService] Starting operation Location.GetConnectionData
[2020-07-19 00:17:57Z ERR  GitHubActionsService] GET request to https://pipelines.actions.githubusercontent.com/xS3DMc8fuypaIvc6IH5KfwAZrUNp9lTOkYRQVRWO5s6OzTdBmU/_apis/connectionData?connectOptions=1&lastChangeId=7585793&lastChangeId64=7585793 failed. System.Net.Http.HttpRequestException: Name or service not known
 ---> System.Net.Sockets.SocketException (0xFFFDFFFF): Name or service not known
   at System.Net.Http.ConnectHelper.ConnectAsync(String host, Int32 port, CancellationToken cancellationToken)
   --- End of inner exception stack trace ---
   at System.Net.Http.ConnectHelper.ConnectAsync(String host, Int32 port, CancellationToken cancellationToken)
   at System.Net.Http.HttpConnectionPool.ConnectAsync(HttpRequestMessage request, Boolean allowHttp2, CancellationToken cancellationToken)
   at System.Net.Http.HttpConnectionPool.CreateHttp11ConnectionAsync(HttpRequestMessage request, CancellationToken cancellationToken)
   at System.Net.Http.HttpConnectionPool.GetHttpConnectionAsync(HttpRequestMessage request, CancellationToken cancellationToken)
   at System.Net.Http.HttpConnectionPool.SendWithRetryAsync(HttpRequestMessage request, Boolean doRequestAuth, CancellationToken cancellationToken)
   at System.Net.Http.AuthenticationHelper.SendWithAuthAsync(HttpRequestMessage request, Uri authUri, ICredentials credentials, Boolean preAuthenticate, Boolean isProxyAuth, Boolean doRequestAuth, HttpConnectionPool pool, CancellationToken cancellationToken)
   at System.Net.Http.DecompressionHandler.SendAsync(HttpRequestMessage request, CancellationToken cancellationToken)
   at GitHub.Services.Common.VssHttpMessageHandler.SendAsync(HttpRequestMessage request, CancellationToken cancellationToken)
   at GitHub.Services.Common.VssHttpRetryMessageHandler.SendAsync(HttpRequestMessage request, CancellationToken cancellationToken)
[2020-07-19 00:17:57Z ERR  GitHubActionsService] GET request to https://pipelines.actions.githubusercontent.com/xS3DMc8fuypaIvc6IH5KfwAZrUNp9lTOkYRQVRWO5s6OzTdBmU/_apis/connectionData?connectOptions=1&lastChangeId=7585793&lastChangeId64=7585793 failed. System.Net.Http.HttpRequestException: Name or service not known
 ---> System.Net.Sockets.SocketException (0xFFFDFFFF): Name or service not known
   at System.Net.Http.ConnectHelper.ConnectAsync(String host, Int32 port, CancellationToken cancellationToken)
   --- End of inner exception stack trace ---
   at System.Net.Http.ConnectHelper.ConnectAsync(String host, Int32 port, CancellationToken cancellationToken)
   at System.Net.Http.HttpConnectionPool.ConnectAsync(HttpRequestMessage request, Boolean allowHttp2, CancellationToken cancellationToken)
   at System.Net.Http.HttpConnectionPool.CreateHttp11ConnectionAsync(HttpRequestMessage request, CancellationToken cancellationToken)
   at System.Net.Http.HttpConnectionPool.GetHttpConnectionAsync(HttpRequestMessage request, CancellationToken cancellationToken)
   at System.Net.Http.HttpConnectionPool.SendWithRetryAsync(HttpRequestMessage request, Boolean doRequestAuth, CancellationToken cancellationToken)
   at System.Net.Http.AuthenticationHelper.SendWithAuthAsync(HttpRequestMessage request, Uri authUri, ICredentials credentials, Boolean preAuthenticate, Boolean isProxyAuth, Boolean doRequestAuth, HttpConnectionPool pool, CancellationToken cancellationToken)
   at System.Net.Http.DecompressionHandler.SendAsync(HttpRequestMessage request, CancellationToken cancellationToken)
   at GitHub.Services.Common.VssHttpMessageHandler.SendAsync(HttpRequestMessage request, CancellationToken cancellationToken)
   at GitHub.Services.Common.VssHttpRetryMessageHandler.SendAsync(HttpRequestMessage request, CancellationToken cancellationToken)
[2020-07-19 00:17:57Z INFO GitHubActionsService] Starting operation Location.GetConnectionData
[2020-07-19 00:17:57Z INFO GitHubActionsService] Finished operation Location.GetConnectionData
[2020-07-19 00:17:57Z INFO GitHubActionsService] Finished operation Location.GetConnectionData
[2020-07-19 00:17:57Z INFO RunnerServer] Catch exception during connect. 2 attempt left.
[2020-07-19 00:17:57Z INFO RunnerServer] Catch exception during connect. 2 attempt left.
[2020-07-19 00:17:57Z ERR  RunnerServer] System.Net.Http.HttpRequestException: Name or service not known
 ---> System.Net.Sockets.SocketException (0xFFFDFFFF): Name or service not known
   at System.Net.Http.ConnectHelper.ConnectAsync(String host, Int32 port, CancellationToken cancellationToken)
   --- End of inner exception stack trace ---
   at GitHub.Services.Common.VssHttpRetryMessageHandler.SendAsync(HttpRequestMessage request, CancellationToken cancellationToken)
   at System.Net.Http.HttpClient.FinishSendAsyncBuffered(Task`1 sendTask, HttpRequestMessage request, CancellationTokenSource cts, Boolean disposeCts)
   at GitHub.Services.WebApi.VssHttpClientBase.SendAsync(HttpRequestMessage message, HttpCompletionOption completionOption, Object userState, CancellationToken cancellationToken)
   at GitHub.Services.WebApi.VssHttpClientBase.SendAsync[T](HttpRequestMessage message, Object userState, CancellationToken cancellationToken)
   at GitHub.Services.Location.Client.LocationHttpClient.GetConnectionDataAsync(ConnectOptions connectOptions, Int64 lastChangeId, CancellationToken cancellationToken, Object userState)
   at GitHub.Services.WebApi.Location.VssServerDataProvider.GetConnectionDataAsync(ConnectOptions connectOptions, Int32 lastChangeId, CancellationToken cancellationToken)
   at GitHub.Services.WebApi.Location.VssServerDataProvider.ConnectAsync(ConnectOptions connectOptions, CancellationToken cancellationToken)
   at GitHub.Runner.Common.RunnerServer.EstablishVssConnection(Uri serverUrl, VssCredentials credentials, TimeSpan timeout)
[2020-07-19 00:17:57Z ERR  RunnerServer] #####################################################
[2020-07-19 00:17:57Z ERR  RunnerServer] System.Net.Http.HttpRequestException: Name or service not known
 ---> System.Net.Sockets.SocketException (0xFFFDFFFF): Name or service not known
   at System.Net.Http.ConnectHelper.ConnectAsync(String host, Int32 port, CancellationToken cancellationToken)
   --- End of inner exception stack trace ---
   at GitHub.Services.Common.VssHttpRetryMessageHandler.SendAsync(HttpRequestMessage request, CancellationToken cancellationToken)
   at System.Net.Http.HttpClient.FinishSendAsyncBuffered(Task`1 sendTask, HttpRequestMessage request, CancellationTokenSource cts, Boolean disposeCts)
   at GitHub.Services.WebApi.VssHttpClientBase.SendAsync(HttpRequestMessage message, HttpCompletionOption completionOption, Object userState, CancellationToken cancellationToken)
   at GitHub.Services.WebApi.VssHttpClientBase.SendAsync[T](HttpRequestMessage message, Object userState, CancellationToken cancellationToken)
   at GitHub.Services.Location.Client.LocationHttpClient.GetConnectionDataAsync(ConnectOptions connectOptions, Int64 lastChangeId, CancellationToken cancellationToken, Object userState)
   at GitHub.Services.WebApi.Location.VssServerDataProvider.GetConnectionDataAsync(ConnectOptions connectOptions, Int32 lastChangeId, CancellationToken cancellationToken)
   at GitHub.Services.WebApi.Location.VssServerDataProvider.ConnectAsync(ConnectOptions connectOptions, CancellationToken cancellationToken)
   at GitHub.Runner.Common.RunnerServer.EstablishVssConnection(Uri serverUrl, VssCredentials credentials, TimeSpan timeout)
[2020-07-19 00:17:57Z ERR  RunnerServer] #####################################################
[2020-07-19 00:17:57Z ERR  RunnerServer] System.Net.Sockets.SocketException (0xFFFDFFFF): Name or service not known
   at System.Net.Http.ConnectHelper.ConnectAsync(String host, Int32 port, CancellationToken cancellationToken)
[2020-07-19 00:17:57Z ERR  RunnerServer] System.Net.Sockets.SocketException (0xFFFDFFFF): Name or service not known
   at System.Net.Http.ConnectHelper.ConnectAsync(String host, Int32 port, CancellationToken cancellationToken)
[2020-07-19 00:17:57Z ERR  GitHubActionsService] GET request to https://pipelines.actions.githubusercontent.com/xS3DMc8fuypaIvc6IH5KfwAZrUNp9lTOkYRQVRWO5s6OzTdBmU/_apis/connectionData?connectOptions=1&lastChangeId=7585793&lastChangeId64=7585793 failed. System.Net.Http.HttpRequestException: Name or service not known
 ---> System.Net.Sockets.SocketException (0xFFFDFFFF): Name or service not known
   at System.Net.Http.ConnectHelper.ConnectAsync(String host, Int32 port, CancellationToken cancellationToken)
   --- End of inner exception stack trace ---
   at System.Net.Http.ConnectHelper.ConnectAsync(String host, Int32 port, CancellationToken cancellationToken)
   at System.Net.Http.HttpConnectionPool.ConnectAsync(HttpRequestMessage request, Boolean allowHttp2, CancellationToken cancellationToken)
   at System.Net.Http.HttpConnectionPool.CreateHttp11ConnectionAsync(HttpRequestMessage request, CancellationToken cancellationToken)
   at System.Net.Http.HttpConnectionPool.GetHttpConnectionAsync(HttpRequestMessage request, CancellationToken cancellationToken)
   at System.Net.Http.HttpConnectionPool.SendWithRetryAsync(HttpRequestMessage request, Boolean doRequestAuth, CancellationToken cancellationToken)
   at System.Net.Http.AuthenticationHelper.SendWithAuthAsync(HttpRequestMessage request, Uri authUri, ICredentials credentials, Boolean preAuthenticate, Boolean isProxyAuth, Boolean doRequestAuth, HttpConnectionPool pool, CancellationToken cancellationToken)
   at System.Net.Http.DecompressionHandler.SendAsync(HttpRequestMessage request, CancellationToken cancellationToken)
   at GitHub.Services.Common.VssHttpMessageHandler.SendAsync(HttpRequestMessage request, CancellationToken cancellationToken)
   at GitHub.Services.Common.VssHttpRetryMessageHandler.SendAsync(HttpRequestMessage request, CancellationToken cancellationToken)
[2020-07-19 00:17:57Z INFO GitHubActionsService] Finished operation Location.GetConnectionData
[2020-07-19 00:17:57Z INFO RunnerServer] Catch exception during connect. 2 attempt left.
[2020-07-19 00:17:57Z ERR  RunnerServer] System.Net.Http.HttpRequestException: Name or service not known
 ---> System.Net.Sockets.SocketException (0xFFFDFFFF): Name or service not known
   at System.Net.Http.ConnectHelper.ConnectAsync(String host, Int32 port, CancellationToken cancellationToken)
   --- End of inner exception stack trace ---
   at GitHub.Services.Common.VssHttpRetryMessageHandler.SendAsync(HttpRequestMessage request, CancellationToken cancellationToken)
   at System.Net.Http.HttpClient.FinishSendAsyncBuffered(Task`1 sendTask, HttpRequestMessage request, CancellationTokenSource cts, Boolean disposeCts)
   at GitHub.Services.WebApi.VssHttpClientBase.SendAsync(HttpRequestMessage message, HttpCompletionOption completionOption, Object userState, CancellationToken cancellationToken)
   at GitHub.Services.WebApi.VssHttpClientBase.SendAsync[T](HttpRequestMessage message, Object userState, CancellationToken cancellationToken)
   at GitHub.Services.Location.Client.LocationHttpClient.GetConnectionDataAsync(ConnectOptions connectOptions, Int64 lastChangeId, CancellationToken cancellationToken, Object userState)
   at GitHub.Services.WebApi.Location.VssServerDataProvider.GetConnectionDataAsync(ConnectOptions connectOptions, Int32 lastChangeId, CancellationToken cancellationToken)
   at GitHub.Services.WebApi.Location.VssServerDataProvider.ConnectAsync(ConnectOptions connectOptions, CancellationToken cancellationToken)
   at GitHub.Runner.Common.RunnerServer.EstablishVssConnection(Uri serverUrl, VssCredentials credentials, TimeSpan timeout)
[2020-07-19 00:17:57Z ERR  RunnerServer] #####################################################
[2020-07-19 00:17:57Z ERR  RunnerServer] System.Net.Sockets.SocketException (0xFFFDFFFF): Name or service not known
   at System.Net.Http.ConnectHelper.ConnectAsync(String host, Int32 port, CancellationToken cancellationToken)
[2020-07-19 00:17:57Z INFO GitHubActionsService] Starting operation Location.GetConnectionData
[2020-07-19 00:17:57Z INFO GitHubActionsService] Starting operation Location.GetConnectionData
[2020-07-19 00:17:57Z ERR  GitHubActionsService] GET request to https://pipelines.actions.githubusercontent.com/xS3DMc8fuypaIvc6IH5KfwAZrUNp9lTOkYRQVRWO5s6OzTdBmU/_apis/connectionData?connectOptions=1&lastChangeId=7585793&lastChangeId64=7585793 failed. System.Net.Http.HttpRequestException: Name or service not known
 ---> System.Net.Sockets.SocketException (0xFFFDFFFF): Name or service not known
   at System.Net.Http.ConnectHelper.ConnectAsync(String host, Int32 port, CancellationToken cancellationToken)
   --- End of inner exception stack trace ---
   at System.Net.Http.ConnectHelper.ConnectAsync(String host, Int32 port, CancellationToken cancellationToken)
   at System.Net.Http.HttpConnectionPool.ConnectAsync(HttpRequestMessage request, Boolean allowHttp2, CancellationToken cancellationToken)
   at System.Net.Http.HttpConnectionPool.CreateHttp11ConnectionAsync(HttpRequestMessage request, CancellationToken cancellationToken)
   at System.Net.Http.HttpConnectionPool.GetHttpConnectionAsync(HttpRequestMessage request, CancellationToken cancellationToken)
   at System.Net.Http.HttpConnectionPool.SendWithRetryAsync(HttpRequestMessage request, Boolean doRequestAuth, CancellationToken cancellationToken)
   at System.Net.Http.AuthenticationHelper.SendWithAuthAsync(HttpRequestMessage request, Uri authUri, ICredentials credentials, Boolean preAuthenticate, Boolean isProxyAuth, Boolean doRequestAuth, HttpConnectionPool pool, CancellationToken cancellationToken)
   at System.Net.Http.DecompressionHandler.SendAsync(HttpRequestMessage request, CancellationToken cancellationToken)
   at GitHub.Services.Common.VssHttpMessageHandler.SendAsync(HttpRequestMessage request, CancellationToken cancellationToken)
   at GitHub.Services.Common.VssHttpRetryMessageHandler.SendAsync(HttpRequestMessage request, CancellationToken cancellationToken)
[2020-07-19 00:17:57Z INFO GitHubActionsService] Finished operation Location.GetConnectionData
[2020-07-19 00:17:57Z INFO RunnerServer] Catch exception during connect. 1 attempt left.
[2020-07-19 00:17:57Z ERR  GitHubActionsService] GET request to https://pipelines.actions.githubusercontent.com/xS3DMc8fuypaIvc6IH5KfwAZrUNp9lTOkYRQVRWO5s6OzTdBmU/_apis/connectionData?connectOptions=1&lastChangeId=7585793&lastChangeId64=7585793 failed. System.Net.Http.HttpRequestException: Name or service not known
 ---> System.Net.Sockets.SocketException (0xFFFDFFFF): Name or service not known
   at System.Net.Http.ConnectHelper.ConnectAsync(String host, Int32 port, CancellationToken cancellationToken)
   --- End of inner exception stack trace ---
   at System.Net.Http.ConnectHelper.ConnectAsync(String host, Int32 port, CancellationToken cancellationToken)
   at System.Net.Http.HttpConnectionPool.ConnectAsync(HttpRequestMessage request, Boolean allowHttp2, CancellationToken cancellationToken)
   at System.Net.Http.HttpConnectionPool.CreateHttp11ConnectionAsync(HttpRequestMessage request, CancellationToken cancellationToken)
   at System.Net.Http.HttpConnectionPool.GetHttpConnectionAsync(HttpRequestMessage request, CancellationToken cancellationToken)
   at System.Net.Http.HttpConnectionPool.SendWithRetryAsync(HttpRequestMessage request, Boolean doRequestAuth, CancellationToken cancellationToken)
   at System.Net.Http.AuthenticationHelper.SendWithAuthAsync(HttpRequestMessage request, Uri authUri, ICredentials credentials, Boolean preAuthenticate, Boolean isProxyAuth, Boolean doRequestAuth, HttpConnectionPool pool, CancellationToken cancellationToken)
   at System.Net.Http.DecompressionHandler.SendAsync(HttpRequestMessage request, CancellationToken cancellationToken)
   at GitHub.Services.Common.VssHttpMessageHandler.SendAsync(HttpRequestMessage request, CancellationToken cancellationToken)
   at GitHub.Services.Common.VssHttpRetryMessageHandler.SendAsync(HttpRequestMessage request, CancellationToken cancellationToken)
[2020-07-19 00:17:57Z INFO GitHubActionsService] Finished operation Location.GetConnectionData
[2020-07-19 00:17:57Z INFO GitHubActionsService] Starting operation Location.GetConnectionData
[2020-07-19 00:17:57Z INFO RunnerServer] Catch exception during connect. 1 attempt left.
[2020-07-19 00:17:57Z ERR  RunnerServer] System.Net.Http.HttpRequestException: Name or service not known
 ---> System.Net.Sockets.SocketException (0xFFFDFFFF): Name or service not known
   at System.Net.Http.ConnectHelper.ConnectAsync(String host, Int32 port, CancellationToken cancellationToken)
   --- End of inner exception stack trace ---
   at GitHub.Services.Common.VssHttpRetryMessageHandler.SendAsync(HttpRequestMessage request, CancellationToken cancellationToken)
   at System.Net.Http.HttpClient.FinishSendAsyncBuffered(Task`1 sendTask, HttpRequestMessage request, CancellationTokenSource cts, Boolean disposeCts)
   at GitHub.Services.WebApi.VssHttpClientBase.SendAsync(HttpRequestMessage message, HttpCompletionOption completionOption, Object userState, CancellationToken cancellationToken)
   at GitHub.Services.WebApi.VssHttpClientBase.SendAsync[T](HttpRequestMessage message, Object userState, CancellationToken cancellationToken)
   at GitHub.Services.Location.Client.LocationHttpClient.GetConnectionDataAsync(ConnectOptions connectOptions, Int64 lastChangeId, CancellationToken cancellationToken, Object userState)
   at GitHub.Services.WebApi.Location.VssServerDataProvider.GetConnectionDataAsync(ConnectOptions connectOptions, Int32 lastChangeId, CancellationToken cancellationToken)
   at GitHub.Services.WebApi.Location.VssServerDataProvider.ConnectAsync(ConnectOptions connectOptions, CancellationToken cancellationToken)
   at GitHub.Runner.Common.RunnerServer.EstablishVssConnection(Uri serverUrl, VssCredentials credentials, TimeSpan timeout)
[2020-07-19 00:17:57Z ERR  RunnerServer] #####################################################
[2020-07-19 00:17:57Z ERR  RunnerServer] System.Net.Sockets.SocketException (0xFFFDFFFF): Name or service not known
   at System.Net.Http.ConnectHelper.ConnectAsync(String host, Int32 port, CancellationToken cancellationToken)
[2020-07-19 00:17:57Z ERR  RunnerServer] System.Net.Http.HttpRequestException: Name or service not known
 ---> System.Net.Sockets.SocketException (0xFFFDFFFF): Name or service not known
   at System.Net.Http.ConnectHelper.ConnectAsync(String host, Int32 port, CancellationToken cancellationToken)
   --- End of inner exception stack trace ---
   at GitHub.Services.Common.VssHttpRetryMessageHandler.SendAsync(HttpRequestMessage request, CancellationToken cancellationToken)
   at System.Net.Http.HttpClient.FinishSendAsyncBuffered(Task`1 sendTask, HttpRequestMessage request, CancellationTokenSource cts, Boolean disposeCts)
   at GitHub.Services.WebApi.VssHttpClientBase.SendAsync(HttpRequestMessage message, HttpCompletionOption completionOption, Object userState, CancellationToken cancellationToken)
   at GitHub.Services.WebApi.VssHttpClientBase.SendAsync[T](HttpRequestMessage message, Object userState, CancellationToken cancellationToken)
   at GitHub.Services.Location.Client.LocationHttpClient.GetConnectionDataAsync(ConnectOptions connectOptions, Int64 lastChangeId, CancellationToken cancellationToken, Object userState)
   at GitHub.Services.WebApi.Location.VssServerDataProvider.GetConnectionDataAsync(ConnectOptions connectOptions, Int32 lastChangeId, CancellationToken cancellationToken)
   at GitHub.Services.WebApi.Location.VssServerDataProvider.ConnectAsync(ConnectOptions connectOptions, CancellationToken cancellationToken)
   at GitHub.Runner.Common.RunnerServer.EstablishVssConnection(Uri serverUrl, VssCredentials credentials, TimeSpan timeout)
[2020-07-19 00:17:57Z ERR  RunnerServer] #####################################################
[2020-07-19 00:17:57Z ERR  RunnerServer] System.Net.Sockets.SocketException (0xFFFDFFFF): Name or service not known
   at System.Net.Http.ConnectHelper.ConnectAsync(String host, Int32 port, CancellationToken cancellationToken)
[2020-07-19 00:17:57Z ERR  GitHubActionsService] GET request to https://pipelines.actions.githubusercontent.com/xS3DMc8fuypaIvc6IH5KfwAZrUNp9lTOkYRQVRWO5s6OzTdBmU/_apis/connectionData?connectOptions=1&lastChangeId=7585793&lastChangeId64=7585793 failed. System.Net.Http.HttpRequestException: Name or service not known
 ---> System.Net.Sockets.SocketException (0xFFFDFFFF): Name or service not known
   at System.Net.Http.ConnectHelper.ConnectAsync(String host, Int32 port, CancellationToken cancellationToken)
   --- End of inner exception stack trace ---
   at System.Net.Http.ConnectHelper.ConnectAsync(String host, Int32 port, CancellationToken cancellationToken)
   at System.Net.Http.HttpConnectionPool.ConnectAsync(HttpRequestMessage request, Boolean allowHttp2, CancellationToken cancellationToken)
   at System.Net.Http.HttpConnectionPool.CreateHttp11ConnectionAsync(HttpRequestMessage request, CancellationToken cancellationToken)
   at System.Net.Http.HttpConnectionPool.GetHttpConnectionAsync(HttpRequestMessage request, CancellationToken cancellationToken)
   at System.Net.Http.HttpConnectionPool.SendWithRetryAsync(HttpRequestMessage request, Boolean doRequestAuth, CancellationToken cancellationToken)
   at System.Net.Http.AuthenticationHelper.SendWithAuthAsync(HttpRequestMessage request, Uri authUri, ICredentials credentials, Boolean preAuthenticate, Boolean isProxyAuth, Boolean doRequestAuth, HttpConnectionPool pool, CancellationToken cancellationToken)
   at System.Net.Http.DecompressionHandler.SendAsync(HttpRequestMessage request, CancellationToken cancellationToken)
   at GitHub.Services.Common.VssHttpMessageHandler.SendAsync(HttpRequestMessage request, CancellationToken cancellationToken)
   at GitHub.Services.Common.VssHttpRetryMessageHandler.SendAsync(HttpRequestMessage request, CancellationToken cancellationToken)
[2020-07-19 00:17:57Z INFO GitHubActionsService] Finished operation Location.GetConnectionData
[2020-07-19 00:17:57Z INFO RunnerServer] Catch exception during connect. 1 attempt left.
[2020-07-19 00:17:57Z ERR  RunnerServer] System.Net.Http.HttpRequestException: Name or service not known
 ---> System.Net.Sockets.SocketException (0xFFFDFFFF): Name or service not known
   at System.Net.Http.ConnectHelper.ConnectAsync(String host, Int32 port, CancellationToken cancellationToken)
   --- End of inner exception stack trace ---
   at GitHub.Services.Common.VssHttpRetryMessageHandler.SendAsync(HttpRequestMessage request, CancellationToken cancellationToken)
   at System.Net.Http.HttpClient.FinishSendAsyncBuffered(Task`1 sendTask, HttpRequestMessage request, CancellationTokenSource cts, Boolean disposeCts)
   at GitHub.Services.WebApi.VssHttpClientBase.SendAsync(HttpRequestMessage message, HttpCompletionOption completionOption, Object userState, CancellationToken cancellationToken)
   at GitHub.Services.WebApi.VssHttpClientBase.SendAsync[T](HttpRequestMessage message, Object userState, CancellationToken cancellationToken)
   at GitHub.Services.Location.Client.LocationHttpClient.GetConnectionDataAsync(ConnectOptions connectOptions, Int64 lastChangeId, CancellationToken cancellationToken, Object userState)
   at GitHub.Services.WebApi.Location.VssServerDataProvider.GetConnectionDataAsync(ConnectOptions connectOptions, Int32 lastChangeId, CancellationToken cancellationToken)
   at GitHub.Services.WebApi.Location.VssServerDataProvider.ConnectAsync(ConnectOptions connectOptions, CancellationToken cancellationToken)
   at GitHub.Runner.Common.RunnerServer.EstablishVssConnection(Uri serverUrl, VssCredentials credentials, TimeSpan timeout)
[2020-07-19 00:17:57Z ERR  RunnerServer] #####################################################
[2020-07-19 00:17:57Z ERR  RunnerServer] System.Net.Sockets.SocketException (0xFFFDFFFF): Name or service not known
   at System.Net.Http.ConnectHelper.ConnectAsync(String host, Int32 port, CancellationToken cancellationToken)
[2020-07-19 00:17:57Z INFO GitHubActionsService] Starting operation Location.GetConnectionData
[2020-07-19 00:17:57Z INFO GitHubActionsService] Starting operation Location.GetConnectionData
[2020-07-19 00:17:57Z ERR  GitHubActionsService] GET request to https://pipelines.actions.githubusercontent.com/xS3DMc8fuypaIvc6IH5KfwAZrUNp9lTOkYRQVRWO5s6OzTdBmU/_apis/connectionData?connectOptions=1&lastChangeId=7585793&lastChangeId64=7585793 failed. System.Net.Http.HttpRequestException: Name or service not known
 ---> System.Net.Sockets.SocketException (0xFFFDFFFF): Name or service not known
   at System.Net.Http.ConnectHelper.ConnectAsync(String host, Int32 port, CancellationToken cancellationToken)
   --- End of inner exception stack trace ---
   at System.Net.Http.ConnectHelper.ConnectAsync(String host, Int32 port, CancellationToken cancellationToken)
   at System.Net.Http.HttpConnectionPool.ConnectAsync(HttpRequestMessage request, Boolean allowHttp2, CancellationToken cancellationToken)
   at System.Net.Http.HttpConnectionPool.CreateHttp11ConnectionAsync(HttpRequestMessage request, CancellationToken cancellationToken)
   at System.Net.Http.HttpConnectionPool.GetHttpConnectionAsync(HttpRequestMessage request, CancellationToken cancellationToken)
   at System.Net.Http.HttpConnectionPool.SendWithRetryAsync(HttpRequestMessage request, Boolean doRequestAuth, CancellationToken cancellationToken)
   at System.Net.Http.AuthenticationHelper.SendWithAuthAsync(HttpRequestMessage request, Uri authUri, ICredentials credentials, Boolean preAuthenticate, Boolean isProxyAuth, Boolean doRequestAuth, HttpConnectionPool pool, CancellationToken cancellationToken)
   at System.Net.Http.DecompressionHandler.SendAsync(HttpRequestMessage request, CancellationToken cancellationToken)
   at GitHub.Services.Common.VssHttpMessageHandler.SendAsync(HttpRequestMessage request, CancellationToken cancellationToken)
   at GitHub.Services.Common.VssHttpRetryMessageHandler.SendAsync(HttpRequestMessage request, CancellationToken cancellationToken)
[2020-07-19 00:17:57Z INFO GitHubActionsService] Finished operation Location.GetConnectionData
[2020-07-19 00:17:57Z ERR  GitHubActionsService] GET request to https://pipelines.actions.githubusercontent.com/xS3DMc8fuypaIvc6IH5KfwAZrUNp9lTOkYRQVRWO5s6OzTdBmU/_apis/connectionData?connectOptions=1&lastChangeId=7585793&lastChangeId64=7585793 failed. System.Net.Http.HttpRequestException: Name or service not known
 ---> System.Net.Sockets.SocketException (0xFFFDFFFF): Name or service not known
   at System.Net.Http.ConnectHelper.ConnectAsync(String host, Int32 port, CancellationToken cancellationToken)
   --- End of inner exception stack trace ---
   at System.Net.Http.ConnectHelper.ConnectAsync(String host, Int32 port, CancellationToken cancellationToken)
   at System.Net.Http.HttpConnectionPool.ConnectAsync(HttpRequestMessage request, Boolean allowHttp2, CancellationToken cancellationToken)
   at System.Net.Http.HttpConnectionPool.CreateHttp11ConnectionAsync(HttpRequestMessage request, CancellationToken cancellationToken)
   at System.Net.Http.HttpConnectionPool.GetHttpConnectionAsync(HttpRequestMessage request, CancellationToken cancellationToken)
   at System.Net.Http.HttpConnectionPool.SendWithRetryAsync(HttpRequestMessage request, Boolean doRequestAuth, CancellationToken cancellationToken)
   at System.Net.Http.AuthenticationHelper.SendWithAuthAsync(HttpRequestMessage request, Uri authUri, ICredentials credentials, Boolean preAuthenticate, Boolean isProxyAuth, Boolean doRequestAuth, HttpConnectionPool pool, CancellationToken cancellationToken)
   at System.Net.Http.DecompressionHandler.SendAsync(HttpRequestMessage request, CancellationToken cancellationToken)
   at GitHub.Services.Common.VssHttpMessageHandler.SendAsync(HttpRequestMessage request, CancellationToken cancellationToken)
   at GitHub.Services.Common.VssHttpRetryMessageHandler.SendAsync(HttpRequestMessage request, CancellationToken cancellationToken)
[2020-07-19 00:17:57Z INFO GitHubActionsService] Finished operation Location.GetConnectionData
[2020-07-19 00:17:57Z INFO GitHubActionsService] Starting operation Location.GetConnectionData
[2020-07-19 00:17:57Z ERR  GitHubActionsService] GET request to https://pipelines.actions.githubusercontent.com/xS3DMc8fuypaIvc6IH5KfwAZrUNp9lTOkYRQVRWO5s6OzTdBmU/_apis/connectionData?connectOptions=1&lastChangeId=7585793&lastChangeId64=7585793 failed. System.Net.Http.HttpRequestException: Name or service not known
 ---> System.Net.Sockets.SocketException (0xFFFDFFFF): Name or service not known
   at System.Net.Http.ConnectHelper.ConnectAsync(String host, Int32 port, CancellationToken cancellationToken)
   --- End of inner exception stack trace ---
   at System.Net.Http.ConnectHelper.ConnectAsync(String host, Int32 port, CancellationToken cancellationToken)
   at System.Net.Http.HttpConnectionPool.ConnectAsync(HttpRequestMessage request, Boolean allowHttp2, CancellationToken cancellationToken)
   at System.Net.Http.HttpConnectionPool.CreateHttp11ConnectionAsync(HttpRequestMessage request, CancellationToken cancellationToken)
   at System.Net.Http.HttpConnectionPool.GetHttpConnectionAsync(HttpRequestMessage request, CancellationToken cancellationToken)
   at System.Net.Http.HttpConnectionPool.SendWithRetryAsync(HttpRequestMessage request, Boolean doRequestAuth, CancellationToken cancellationToken)
   at System.Net.Http.AuthenticationHelper.SendWithAuthAsync(HttpRequestMessage request, Uri authUri, ICredentials credentials, Boolean preAuthenticate, Boolean isProxyAuth, Boolean doRequestAuth, HttpConnectionPool pool, CancellationToken cancellationToken)
   at System.Net.Http.DecompressionHandler.SendAsync(HttpRequestMessage request, CancellationToken cancellationToken)
   at GitHub.Services.Common.VssHttpMessageHandler.SendAsync(HttpRequestMessage request, CancellationToken cancellationToken)
   at GitHub.Services.Common.VssHttpRetryMessageHandler.SendAsync(HttpRequestMessage request, CancellationToken cancellationToken)
[2020-07-19 00:17:57Z INFO GitHubActionsService] Finished operation Location.GetConnectionData
[2020-07-19 00:17:57Z ERR  MessageListener] Catch exception during create session.
[2020-07-19 00:17:57Z ERR  MessageListener] System.Net.Http.HttpRequestException: Name or service not known
 ---> System.Net.Sockets.SocketException (0xFFFDFFFF): Name or service not known
   at System.Net.Http.ConnectHelper.ConnectAsync(String host, Int32 port, CancellationToken cancellationToken)
   --- End of inner exception stack trace ---
   at GitHub.Services.Common.VssHttpRetryMessageHandler.SendAsync(HttpRequestMessage request, CancellationToken cancellationToken)
   at System.Net.Http.HttpClient.FinishSendAsyncBuffered(Task`1 sendTask, HttpRequestMessage request, CancellationTokenSource cts, Boolean disposeCts)
   at GitHub.Services.WebApi.VssHttpClientBase.SendAsync(HttpRequestMessage message, HttpCompletionOption completionOption, Object userState, CancellationToken cancellationToken)
   at GitHub.Services.WebApi.VssHttpClientBase.SendAsync[T](HttpRequestMessage message, Object userState, CancellationToken cancellationToken)
   at GitHub.Services.Location.Client.LocationHttpClient.GetConnectionDataAsync(ConnectOptions connectOptions, Int64 lastChangeId, CancellationToken cancellationToken, Object userState)
   at GitHub.Services.WebApi.Location.VssServerDataProvider.GetConnectionDataAsync(ConnectOptions connectOptions, Int32 lastChangeId, CancellationToken cancellationToken)
   at GitHub.Services.WebApi.Location.VssServerDataProvider.ConnectAsync(ConnectOptions connectOptions, CancellationToken cancellationToken)
   at GitHub.Runner.Common.RunnerServer.EstablishVssConnection(Uri serverUrl, VssCredentials credentials, TimeSpan timeout)
   at GitHub.Runner.Common.RunnerServer.ConnectAsync(Uri serverUrl, VssCredentials credentials)
   at GitHub.Runner.Listener.MessageListener.CreateSessionAsync(CancellationToken token)
[2020-07-19 00:17:57Z ERR  MessageListener] #####################################################
[2020-07-19 00:17:57Z ERR  MessageListener] System.Net.Sockets.SocketException (0xFFFDFFFF): Name or service not known
   at System.Net.Http.ConnectHelper.ConnectAsync(String host, Int32 port, CancellationToken cancellationToken)
[2020-07-19 00:17:57Z INFO MessageListener] Retriable exception: Name or service not known
[2020-07-19 00:17:57Z ERR  Terminal] WRITE ERROR: 2020-07-19 00:17:57Z: Runner connect error: Name or service not known. Retrying until reconnected.
[2020-07-19 00:17:57Z INFO MessageListener] Sleeping for 30 seconds before retrying.
[2020-07-19 00:18:28Z INFO MessageListener] Attempt to create session.
[2020-07-19 00:18:28Z INFO MessageListener] Connecting to the Runner Server...
[2020-07-19 00:18:28Z INFO RunnerServer] Establish connection with 100 seconds timeout.
[2020-07-19 00:18:28Z INFO GitHubActionsService] Starting operation Location.GetConnectionData
[2020-07-19 00:18:28Z INFO RunnerServer] Establish connection with 60 seconds timeout.
[2020-07-19 00:18:28Z INFO GitHubActionsService] Starting operation Location.GetConnectionData
[2020-07-19 00:18:28Z INFO RunnerServer] Establish connection with 60 seconds timeout.
[2020-07-19 00:18:28Z INFO GitHubActionsService] Starting operation Location.GetConnectionData
[2020-07-19 00:18:28Z INFO GitHubActionsService] Finished operation Location.GetConnectionData
[2020-07-19 00:18:28Z INFO GitHubActionsService] Finished operation Location.GetConnectionData
[2020-07-19 00:18:28Z INFO GitHubActionsService] Finished operation Location.GetConnectionData
[2020-07-19 00:18:28Z INFO MessageListener] VssConnection created
[2020-07-19 00:18:28Z INFO Terminal] WRITE LINE: 
[2020-07-19 00:18:28Z INFO Terminal] WRITE LINE: 
[2020-07-19 00:18:29Z WARN GitHubActionsService] Authentication failed with status code 401.
WWW-Authenticate: Bearer
Strict-Transport-Security: max-age=2592000
X-TFS-ProcessId: aa729897-6322-4a78-bcb3-44dc31a8b955
ActivityId: c48e0340-1774-4062-96a3-917da2337e29
X-TFS-Session: 26ac0cd9-66d2-407c-85e9-a479b90f228d
X-VSS-E2EID: 9862669d-1f1c-410e-8936-277dd3cab329
X-VSS-SenderDeploymentId: a07ab14e-025a-39c3-8d53-788cd7ce207f
X-TFS-ServiceError: The+user+%27System%3aPublicAccess%3baaaaaaaa-aaaa-aaaa-aaaa-aaaaaaaaaaaa%27+is+not+authorized+to+access+this+resource.
X-VSS-S2STargetService: 0000005A-0000-8888-8000-000000000000/visualstudio.com
X-MSEdge-Ref: Ref A: 7873F7C3C90A4A04ADD86EFBF865D290 Ref B: FRAEDGE1421 Ref C: 2020-07-19T00:18:28Z
Date: Sun, 19 Jul 2020 00:18:28 GMT

[2020-07-19 00:18:29Z INFO RSAFileKeyManager] Loading RSA key parameters from file /home/cc/Schreibtisch/tutorialabapril/javafx/s1p-stocks-ui/educom/actions-runner/.credentials_rsaparams
[2020-07-19 00:18:29Z INFO RSAFileKeyManager] Loading RSA key parameters from file /home/cc/Schreibtisch/tutorialabapril/javafx/s1p-stocks-ui/educom/actions-runner/.credentials_rsaparams
[2020-07-19 00:18:29Z INFO GitHubActionsService] AAD Correlation ID for this token request: Unknown
[2020-07-19 00:18:29Z INFO MessageListener] Session created.
[2020-07-19 00:18:29Z INFO Terminal] WRITE LINE: 2020-07-19 00:18:29Z: Runner reconnected.
[2020-07-19 00:18:29Z INFO Terminal] WRITE LINE: 2020-07-19 00:18:29Z: Listening for Jobs
[2020-07-19 00:18:29Z INFO JobDispatcher] Set runner/worker IPC timeout to 30 seconds.
[2020-07-19 00:48:35Z INFO MessageListener] No message retrieved from session 'aeb68aa7-94b4-48cc-aaf7-ac2376b05b18' within last 30 minutes.
[2020-07-19 01:13:41Z WARN GitHubActionsService] Authentication failed with status code 401.
WWW-Authenticate: Bearer
Strict-Transport-Security: max-age=2592000
X-TFS-ProcessId: aa729897-6322-4a78-bcb3-44dc31a8b955
ActivityId: c489edb2-1774-4062-96a3-917da2337e29
X-TFS-Session: 26ac0cd9-66d2-407c-85e9-a479b90f228d
X-VSS-E2EID: 9622d26e-1088-47c4-bf03-afff9cf16d2b
X-VSS-SenderDeploymentId: a07ab14e-025a-39c3-8d53-788cd7ce207f
X-TFS-ServiceError: The+user+%27System%3aPublicAccess%3baaaaaaaa-aaaa-aaaa-aaaa-aaaaaaaaaaaa%27+is+not+authorized+to+access+this+resource.
X-VSS-S2STargetService: 0000005A-0000-8888-8000-000000000000/visualstudio.com
X-MSEdge-Ref: Ref A: E91C52A721984C4194188C425AB25D38 Ref B: FRAEDGE1421 Ref C: 2020-07-19T01:13:41Z
Date: Sun, 19 Jul 2020 01:13:40 GMT

[2020-07-19 01:13:41Z INFO RSAFileKeyManager] Loading RSA key parameters from file /home/cc/Schreibtisch/tutorialabapril/javafx/s1p-stocks-ui/educom/actions-runner/.credentials_rsaparams
[2020-07-19 01:13:41Z INFO GitHubActionsService] AAD Correlation ID for this token request: Unknown
[2020-07-19 01:18:42Z INFO MessageListener] No message retrieved from session 'aeb68aa7-94b4-48cc-aaf7-ac2376b05b18' within last 30 minutes.
[2020-07-19 01:45:39Z INFO Terminal] WRITE LINE: Exiting...
[2020-07-19 01:45:39Z INFO ConfigurationStore] IsServiceConfigured()
[2020-07-19 01:45:39Z INFO ConfigurationStore] IsServiceConfigured: True
[2020-07-19 01:45:39Z INFO Runner] Received Ctrl-C signal, stop Runner.Listener and Runner.Worker.
[2020-07-19 01:45:39Z INFO HostContext] Runner will be shutdown for UserCancelled
[2020-07-19 01:45:39Z WARN GitHubActionsService] GET request to https://pipelines.actions.githubusercontent.com/xS3DMc8fuypaIvc6IH5KfwAZrUNp9lTOkYRQVRWO5s6OzTdBmU/_apis/distributedtask/pools/1/messages?sessionId=aeb68aa7-94b4-48cc-aaf7-ac2376b05b18 has been cancelled.
[2020-07-19 01:45:39Z INFO MessageListener] Get next message has been cancelled.
[2020-07-19 01:45:39Z INFO JobDispatcher] Shutting down JobDispatcher. Make sure all WorkerDispatcher has finished.
[2020-07-19 01:45:39Z INFO Listener] Runner execution been cancelled.
