[2020-07-18 10:32:44Z INFO HostContext] No proxy settings were found based on environmental variables (http_proxy/https_proxy/HTTP_PROXY/HTTPS_PROXY)
[2020-07-18 10:32:44Z INFO HostContext] Well known directory 'Bin': '/home/cc/Schreibtisch/tutorialabapril/javafx/s1p-stocks-ui/educom/actions-runner/bin'
[2020-07-18 10:32:44Z INFO HostContext] Well known directory 'Root': '/home/cc/Schreibtisch/tutorialabapril/javafx/s1p-stocks-ui/educom/actions-runner'
[2020-07-18 10:32:44Z INFO HostContext] Well known config file 'Credentials': '/home/cc/Schreibtisch/tutorialabapril/javafx/s1p-stocks-ui/educom/actions-runner/.credentials'
[2020-07-18 10:32:44Z INFO Listener] Runner is built for Linux (X64) - linux-x64.
[2020-07-18 10:32:44Z INFO Listener] RuntimeInformation: Linux 5.6.16-1-MANJARO #1 SMP PREEMPT Wed Jun 3 14:26:28 UTC 2020.
[2020-07-18 10:32:44Z INFO Listener] Version: 2.267.1
[2020-07-18 10:32:44Z INFO Listener] Commit: fd3c9de49d3894943c54c08c92eba9f4e2b43f79
[2020-07-18 10:32:44Z INFO Listener] Culture: de-DE
[2020-07-18 10:32:44Z INFO Listener] UI Culture: de-DE
[2020-07-18 10:32:44Z INFO HostContext] Well known directory 'Bin': '/home/cc/Schreibtisch/tutorialabapril/javafx/s1p-stocks-ui/educom/actions-runner/bin'
[2020-07-18 10:32:44Z INFO HostContext] Well known directory 'Root': '/home/cc/Schreibtisch/tutorialabapril/javafx/s1p-stocks-ui/educom/actions-runner'
[2020-07-18 10:32:44Z INFO Listener] Validating directory permissions for: '/home/cc/Schreibtisch/tutorialabapril/javafx/s1p-stocks-ui/educom/actions-runner'
[2020-07-18 10:32:44Z INFO CommandLineParser] Parse
[2020-07-18 10:32:44Z INFO CommandLineParser] Parsing 5 args
[2020-07-18 10:32:44Z INFO CommandLineParser] parsing argument
[2020-07-18 10:32:44Z INFO CommandLineParser] HasArgs: False
[2020-07-18 10:32:44Z INFO CommandLineParser] Adding Command: configure
[2020-07-18 10:32:44Z INFO CommandLineParser] parsing argument
[2020-07-18 10:32:44Z INFO CommandLineParser] HasArgs: True
[2020-07-18 10:32:44Z INFO CommandLineParser] arg: url
[2020-07-18 10:32:44Z INFO CommandLineParser] parsing argument
[2020-07-18 10:32:44Z INFO CommandLineParser] HasArgs: True
[2020-07-18 10:32:44Z INFO CommandLineParser] Adding option 'url': 'https://github.com/JavaGroupLunen/educombackend'
[2020-07-18 10:32:44Z INFO CommandLineParser] parsing argument
[2020-07-18 10:32:44Z INFO CommandLineParser] HasArgs: True
[2020-07-18 10:32:44Z INFO CommandLineParser] arg: token
[2020-07-18 10:32:44Z INFO CommandLineParser] parsing argument
[2020-07-18 10:32:44Z INFO CommandLineParser] HasArgs: True
[2020-07-18 10:32:44Z INFO CommandLineParser] Adding option 'token': '***'
[2020-07-18 10:32:44Z INFO Listener] Arguments parsed
[2020-07-18 10:32:44Z INFO Runner] ExecuteCommand
[2020-07-18 10:32:44Z INFO ConfigurationStore] currentAssemblyLocation: /home/cc/Schreibtisch/tutorialabapril/javafx/s1p-stocks-ui/educom/actions-runner/bin/Runner.Listener.dll
[2020-07-18 10:32:44Z INFO HostContext] Well known directory 'Bin': '/home/cc/Schreibtisch/tutorialabapril/javafx/s1p-stocks-ui/educom/actions-runner/bin'
[2020-07-18 10:32:44Z INFO ConfigurationStore] binPath: /home/cc/Schreibtisch/tutorialabapril/javafx/s1p-stocks-ui/educom/actions-runner/bin
[2020-07-18 10:32:44Z INFO HostContext] Well known directory 'Bin': '/home/cc/Schreibtisch/tutorialabapril/javafx/s1p-stocks-ui/educom/actions-runner/bin'
[2020-07-18 10:32:44Z INFO HostContext] Well known directory 'Root': '/home/cc/Schreibtisch/tutorialabapril/javafx/s1p-stocks-ui/educom/actions-runner'
[2020-07-18 10:32:44Z INFO ConfigurationStore] RootFolder: /home/cc/Schreibtisch/tutorialabapril/javafx/s1p-stocks-ui/educom/actions-runner
[2020-07-18 10:32:44Z INFO HostContext] Well known directory 'Bin': '/home/cc/Schreibtisch/tutorialabapril/javafx/s1p-stocks-ui/educom/actions-runner/bin'
[2020-07-18 10:32:44Z INFO HostContext] Well known directory 'Root': '/home/cc/Schreibtisch/tutorialabapril/javafx/s1p-stocks-ui/educom/actions-runner'
[2020-07-18 10:32:44Z INFO HostContext] Well known config file 'Runner': '/home/cc/Schreibtisch/tutorialabapril/javafx/s1p-stocks-ui/educom/actions-runner/.runner'
[2020-07-18 10:32:44Z INFO ConfigurationStore] ConfigFilePath: /home/cc/Schreibtisch/tutorialabapril/javafx/s1p-stocks-ui/educom/actions-runner/.runner
[2020-07-18 10:32:44Z INFO HostContext] Well known directory 'Bin': '/home/cc/Schreibtisch/tutorialabapril/javafx/s1p-stocks-ui/educom/actions-runner/bin'
[2020-07-18 10:32:44Z INFO HostContext] Well known directory 'Root': '/home/cc/Schreibtisch/tutorialabapril/javafx/s1p-stocks-ui/educom/actions-runner'
[2020-07-18 10:32:44Z INFO HostContext] Well known config file 'Credentials': '/home/cc/Schreibtisch/tutorialabapril/javafx/s1p-stocks-ui/educom/actions-runner/.credentials'
[2020-07-18 10:32:44Z INFO ConfigurationStore] CredFilePath: /home/cc/Schreibtisch/tutorialabapril/javafx/s1p-stocks-ui/educom/actions-runner/.credentials
[2020-07-18 10:32:44Z INFO HostContext] Well known directory 'Bin': '/home/cc/Schreibtisch/tutorialabapril/javafx/s1p-stocks-ui/educom/actions-runner/bin'
[2020-07-18 10:32:44Z INFO HostContext] Well known directory 'Root': '/home/cc/Schreibtisch/tutorialabapril/javafx/s1p-stocks-ui/educom/actions-runner'
[2020-07-18 10:32:44Z INFO HostContext] Well known config file 'MigratedCredentials': '/home/cc/Schreibtisch/tutorialabapril/javafx/s1p-stocks-ui/educom/actions-runner/.credentials_migrated'
[2020-07-18 10:32:44Z INFO ConfigurationStore] MigratedCredFilePath: /home/cc/Schreibtisch/tutorialabapril/javafx/s1p-stocks-ui/educom/actions-runner/.credentials_migrated
[2020-07-18 10:32:44Z INFO HostContext] Well known directory 'Bin': '/home/cc/Schreibtisch/tutorialabapril/javafx/s1p-stocks-ui/educom/actions-runner/bin'
[2020-07-18 10:32:44Z INFO HostContext] Well known directory 'Root': '/home/cc/Schreibtisch/tutorialabapril/javafx/s1p-stocks-ui/educom/actions-runner'
[2020-07-18 10:32:44Z INFO HostContext] Well known config file 'Service': '/home/cc/Schreibtisch/tutorialabapril/javafx/s1p-stocks-ui/educom/actions-runner/.service'
[2020-07-18 10:32:44Z INFO ConfigurationStore] ServiceConfigFilePath: /home/cc/Schreibtisch/tutorialabapril/javafx/s1p-stocks-ui/educom/actions-runner/.service
[2020-07-18 10:32:44Z INFO CommandSettings] Flag 'help': 'False'
[2020-07-18 10:32:44Z INFO CommandSettings] Flag 'version': 'False'
[2020-07-18 10:32:44Z INFO CommandSettings] Flag 'commit': 'False'
[2020-07-18 10:32:44Z INFO CommandSettings] Command 'configure': 'True'
[2020-07-18 10:32:44Z INFO Terminal] WRITE LINE: 
[2020-07-18 10:32:44Z INFO Terminal] WRITE LINE: --------------------------------------------------------------------------------
[2020-07-18 10:32:44Z INFO Terminal] WRITE LINE: |        ____ _ _   _   _       _          _        _   _                      |
[2020-07-18 10:32:44Z INFO Terminal] WRITE LINE: |       / ___(_) |_| | | |_   _| |__      / \   ___| |_(_) ___  _ __  ___      |
[2020-07-18 10:32:44Z INFO Terminal] WRITE LINE: |      | |  _| | __| |_| | | | | '_ \    / _ \ / __| __| |/ _ \| '_ \/ __|     |
[2020-07-18 10:32:44Z INFO Terminal] WRITE LINE: |      | |_| | | |_|  _  | |_| | |_) |  / ___ \ (__| |_| | (_) | | | \__ \     |
[2020-07-18 10:32:44Z INFO Terminal] WRITE LINE: |       \____|_|\__|_| |_|\__,_|_.__/  /_/   \_\___|\__|_|\___/|_| |_|___/     |
[2020-07-18 10:32:44Z INFO Terminal] WRITE LINE: |                                                                              |
[2020-07-18 10:32:44Z INFO Terminal] WRITE: |                       
[2020-07-18 10:32:44Z INFO Terminal] WRITE: Self-hosted runner registration
[2020-07-18 10:32:44Z INFO Terminal] WRITE LINE:                         |
[2020-07-18 10:32:44Z INFO Terminal] WRITE LINE: |                                                                              |
[2020-07-18 10:32:44Z INFO Terminal] WRITE LINE: --------------------------------------------------------------------------------
[2020-07-18 10:32:44Z INFO ConfigurationManager] ConfigureAsync
[2020-07-18 10:32:44Z INFO ConfigurationStore] IsConfigured()
[2020-07-18 10:32:44Z INFO ConfigurationStore] IsConfigured: False
[2020-07-18 10:32:44Z INFO ConfigurationManager] Is configured: False
[2020-07-18 10:32:44Z INFO CommandSettings] Arg 'url': 'https://github.com/JavaGroupLunen/educombackend'
[2020-07-18 10:32:44Z INFO CommandSettings] Remove url from Arg dictionary.
[2020-07-18 10:32:44Z INFO CommandSettings] Arg 'token': '***'
[2020-07-18 10:32:44Z INFO CommandSettings] Remove token from Arg dictionary.
[2020-07-18 10:32:45Z INFO ConfigurationManager] Http response code: OK from 'POST https://api.github.com/actions/runner-registration'
[2020-07-18 10:32:45Z INFO ConfigurationManager] cred retrieved via GitHub auth
[2020-07-18 10:32:45Z INFO RunnerServer] Establish connection with 100 seconds timeout.
[2020-07-18 10:32:45Z INFO GitHubActionsService] Starting operation Location.GetConnectionData
[2020-07-18 10:32:45Z INFO RunnerServer] Establish connection with 60 seconds timeout.
[2020-07-18 10:32:45Z INFO GitHubActionsService] Starting operation Location.GetConnectionData
[2020-07-18 10:32:45Z INFO RunnerServer] Establish connection with 60 seconds timeout.
[2020-07-18 10:32:45Z INFO GitHubActionsService] Starting operation Location.GetConnectionData
[2020-07-18 10:32:46Z INFO GitHubActionsService] Finished operation Location.GetConnectionData
[2020-07-18 10:32:46Z INFO GitHubActionsService] Finished operation Location.GetConnectionData
[2020-07-18 10:32:46Z INFO GitHubActionsService] Finished operation Location.GetConnectionData
[2020-07-18 10:32:46Z INFO Terminal] WRITE LINE: 
[2020-07-18 10:32:46Z INFO ConfigurationManager] Test Connection complete.
[2020-07-18 10:32:46Z INFO HostContext] Well known directory 'Bin': '/home/cc/Schreibtisch/tutorialabapril/javafx/s1p-stocks-ui/educom/actions-runner/bin'
[2020-07-18 10:32:46Z INFO HostContext] Well known directory 'Root': '/home/cc/Schreibtisch/tutorialabapril/javafx/s1p-stocks-ui/educom/actions-runner'
[2020-07-18 10:32:46Z INFO HostContext] Well known config file 'RSACredentials': '/home/cc/Schreibtisch/tutorialabapril/javafx/s1p-stocks-ui/educom/actions-runner/.credentials_rsaparams'
[2020-07-18 10:32:46Z INFO RSAFileKeyManager] Creating new RSA key using 2048-bit key length
[2020-07-18 10:32:46Z INFO RSAFileKeyManager] Successfully saved RSA key parameters to file /home/cc/Schreibtisch/tutorialabapril/javafx/s1p-stocks-ui/educom/actions-runner/.credentials_rsaparams
[2020-07-18 10:32:46Z INFO RSAFileKeyManager] Which: 'chmod'
[2020-07-18 10:32:46Z INFO RSAFileKeyManager] Location: '/usr/bin/chmod'
[2020-07-18 10:32:46Z INFO HostContext] Well known directory 'Bin': '/home/cc/Schreibtisch/tutorialabapril/javafx/s1p-stocks-ui/educom/actions-runner/bin'
[2020-07-18 10:32:46Z INFO HostContext] Well known directory 'Root': '/home/cc/Schreibtisch/tutorialabapril/javafx/s1p-stocks-ui/educom/actions-runner'
[2020-07-18 10:32:46Z INFO ProcessInvokerWrapper] Starting process:
[2020-07-18 10:32:46Z INFO ProcessInvokerWrapper]   File name: '/usr/bin/chmod'
[2020-07-18 10:32:46Z INFO ProcessInvokerWrapper]   Arguments: '600 /home/cc/Schreibtisch/tutorialabapril/javafx/s1p-stocks-ui/educom/actions-runner/.credentials_rsaparams'
[2020-07-18 10:32:46Z INFO ProcessInvokerWrapper]   Working directory: '/home/cc/Schreibtisch/tutorialabapril/javafx/s1p-stocks-ui/educom/actions-runner'
[2020-07-18 10:32:46Z INFO ProcessInvokerWrapper]   Require exit code zero: 'False'
[2020-07-18 10:32:46Z INFO ProcessInvokerWrapper]   Encoding web name:  ; code page: ''
[2020-07-18 10:32:46Z INFO ProcessInvokerWrapper]   Force kill process on cancellation: 'False'
[2020-07-18 10:32:46Z INFO ProcessInvokerWrapper]   Redirected STDIN: 'False'
[2020-07-18 10:32:46Z INFO ProcessInvokerWrapper]   Persist current code page: 'False'
[2020-07-18 10:32:46Z INFO ProcessInvokerWrapper]   Keep redirected STDIN open: 'False'
[2020-07-18 10:32:46Z INFO ProcessInvokerWrapper]   High priority process: 'False'
[2020-07-18 10:32:46Z INFO ProcessInvokerWrapper] Failed to update oom_score_adj for PID: 5565.
[2020-07-18 10:32:46Z INFO ProcessInvokerWrapper] System.UnauthorizedAccessException: Access to the path '/proc/5565/oom_score_adj' is denied.
 ---> System.IO.IOException: Permission denied
   --- End of inner exception stack trace ---
   at Interop.ThrowExceptionForIoErrno(ErrorInfo errorInfo, String path, Boolean isDirectory, Func`2 errorRewriter)
   at Microsoft.Win32.SafeHandles.SafeFileHandle.Open(String path, OpenFlags flags, Int32 mode)
   at System.IO.FileStream.OpenHandle(FileMode mode, FileShare share, FileOptions options)
   at System.IO.FileStream..ctor(String path, FileMode mode, FileAccess access, FileShare share, Int32 bufferSize, FileOptions options)
   at System.IO.StreamWriter.ValidateArgsAndOpenPath(String path, Boolean append, Encoding encoding, Int32 bufferSize)
   at System.IO.StreamWriter..ctor(String path)
   at System.IO.File.WriteAllText(String path, String contents)
   at GitHub.Runner.Sdk.ProcessInvoker.WriteProcessOomScoreAdj(Int32 processId, Int32 oomScoreAdj)
[2020-07-18 10:32:46Z INFO ProcessInvokerWrapper] STDOUT/STDERR stream read finished.
[2020-07-18 10:32:46Z INFO ProcessInvokerWrapper] Process started with process id 5565, waiting for process exit.
[2020-07-18 10:32:46Z INFO ProcessInvokerWrapper] STDOUT/STDERR stream read finished.
[2020-07-18 10:32:46Z INFO ProcessInvokerWrapper] Finished process 5565 with exit code 0, and elapsed time 00:00:00.0105138.
[2020-07-18 10:32:46Z INFO RSAFileKeyManager] Successfully set permissions for RSA key parameters file /home/cc/Schreibtisch/tutorialabapril/javafx/s1p-stocks-ui/educom/actions-runner/.credentials_rsaparams
[2020-07-18 10:32:46Z INFO ConfigurationManager] Found a private pool with id {1} and name {2} 1, Default
[2020-07-18 10:32:46Z INFO CommandSettings] Arg 'name': ''
[2020-07-18 10:32:46Z INFO CommandSettings] Flag 'unattended': 'False'
[2020-07-18 10:32:46Z INFO PromptManager] ReadValue
[2020-07-18 10:32:46Z INFO Terminal] WRITE: Enter the name of runner: 
[2020-07-18 10:32:46Z INFO Terminal] WRITE: [press Enter for cc-pc] 
[2020-07-18 10:32:46Z INFO Terminal] READ LINE
[2020-07-18 10:33:01Z INFO Terminal] Read value: ''
[2020-07-18 10:33:01Z INFO PromptManager] Falling back to the default: 'cc-pc'
[2020-07-18 10:33:01Z INFO Terminal] WRITE LINE: 
[2020-07-18 10:33:01Z INFO CommandSettings] Arg 'labels': ''
[2020-07-18 10:33:01Z INFO CommandSettings] Flag 'unattended': 'False'
[2020-07-18 10:33:01Z INFO PromptManager] ReadValue
[2020-07-18 10:33:01Z INFO Terminal] WRITE: This runner will have the following labels: 'self-hosted', 'Linux', 'X64' 
Enter any additional labels (ex. label-1,label-2): 
[2020-07-18 10:33:01Z INFO Terminal] WRITE: [press Enter to skip] 
[2020-07-18 10:33:01Z INFO Terminal] READ LINE
[2020-07-18 10:33:39Z INFO Terminal] WRITE LINE: Exiting...
