[2020-07-18 10:34:46Z INFO HostContext] No proxy settings were found based on environmental variables (http_proxy/https_proxy/HTTP_PROXY/HTTPS_PROXY)
[2020-07-18 10:34:46Z INFO HostContext] Well known directory 'Bin': '/home/cc/Schreibtisch/tutorialabapril/javafx/s1p-stocks-ui/educom/actions-runner/bin'
[2020-07-18 10:34:46Z INFO HostContext] Well known directory 'Root': '/home/cc/Schreibtisch/tutorialabapril/javafx/s1p-stocks-ui/educom/actions-runner'
[2020-07-18 10:34:46Z INFO HostContext] Well known config file 'Credentials': '/home/cc/Schreibtisch/tutorialabapril/javafx/s1p-stocks-ui/educom/actions-runner/.credentials'
[2020-07-18 10:34:46Z INFO Listener] Runner is built for Linux (X64) - linux-x64.
[2020-07-18 10:34:46Z INFO Listener] RuntimeInformation: Linux 5.6.16-1-MANJARO #1 SMP PREEMPT Wed Jun 3 14:26:28 UTC 2020.
[2020-07-18 10:34:46Z INFO Listener] Version: 2.267.1
[2020-07-18 10:34:46Z INFO Listener] Commit: fd3c9de49d3894943c54c08c92eba9f4e2b43f79
[2020-07-18 10:34:46Z INFO Listener] Culture: de-DE
[2020-07-18 10:34:46Z INFO Listener] UI Culture: de-DE
[2020-07-18 10:34:46Z INFO HostContext] Well known directory 'Bin': '/home/cc/Schreibtisch/tutorialabapril/javafx/s1p-stocks-ui/educom/actions-runner/bin'
[2020-07-18 10:34:46Z INFO HostContext] Well known directory 'Root': '/home/cc/Schreibtisch/tutorialabapril/javafx/s1p-stocks-ui/educom/actions-runner'
[2020-07-18 10:34:46Z INFO Listener] Validating directory permissions for: '/home/cc/Schreibtisch/tutorialabapril/javafx/s1p-stocks-ui/educom/actions-runner'
[2020-07-18 10:34:46Z INFO CommandLineParser] Parse
[2020-07-18 10:34:46Z INFO CommandLineParser] Parsing 5 args
[2020-07-18 10:34:46Z INFO CommandLineParser] parsing argument
[2020-07-18 10:34:46Z INFO CommandLineParser] HasArgs: False
[2020-07-18 10:34:46Z INFO CommandLineParser] Adding Command: configure
[2020-07-18 10:34:46Z INFO CommandLineParser] parsing argument
[2020-07-18 10:34:46Z INFO CommandLineParser] HasArgs: True
[2020-07-18 10:34:46Z INFO CommandLineParser] arg: url
[2020-07-18 10:34:46Z INFO CommandLineParser] parsing argument
[2020-07-18 10:34:46Z INFO CommandLineParser] HasArgs: True
[2020-07-18 10:34:46Z INFO CommandLineParser] Adding option 'url': 'https://github.com/JavaGroupLunen/educombackend'
[2020-07-18 10:34:46Z INFO CommandLineParser] parsing argument
[2020-07-18 10:34:46Z INFO CommandLineParser] HasArgs: True
[2020-07-18 10:34:46Z INFO CommandLineParser] arg: token
[2020-07-18 10:34:46Z INFO CommandLineParser] parsing argument
[2020-07-18 10:34:46Z INFO CommandLineParser] HasArgs: True
[2020-07-18 10:34:46Z INFO CommandLineParser] Adding option 'token': '***'
[2020-07-18 10:34:46Z INFO Listener] Arguments parsed
[2020-07-18 10:34:46Z INFO Runner] ExecuteCommand
[2020-07-18 10:34:46Z INFO ConfigurationStore] currentAssemblyLocation: /home/cc/Schreibtisch/tutorialabapril/javafx/s1p-stocks-ui/educom/actions-runner/bin/Runner.Listener.dll
[2020-07-18 10:34:46Z INFO HostContext] Well known directory 'Bin': '/home/cc/Schreibtisch/tutorialabapril/javafx/s1p-stocks-ui/educom/actions-runner/bin'
[2020-07-18 10:34:46Z INFO ConfigurationStore] binPath: /home/cc/Schreibtisch/tutorialabapril/javafx/s1p-stocks-ui/educom/actions-runner/bin
[2020-07-18 10:34:46Z INFO HostContext] Well known directory 'Bin': '/home/cc/Schreibtisch/tutorialabapril/javafx/s1p-stocks-ui/educom/actions-runner/bin'
[2020-07-18 10:34:46Z INFO HostContext] Well known directory 'Root': '/home/cc/Schreibtisch/tutorialabapril/javafx/s1p-stocks-ui/educom/actions-runner'
[2020-07-18 10:34:46Z INFO ConfigurationStore] RootFolder: /home/cc/Schreibtisch/tutorialabapril/javafx/s1p-stocks-ui/educom/actions-runner
[2020-07-18 10:34:46Z INFO HostContext] Well known directory 'Bin': '/home/cc/Schreibtisch/tutorialabapril/javafx/s1p-stocks-ui/educom/actions-runner/bin'
[2020-07-18 10:34:46Z INFO HostContext] Well known directory 'Root': '/home/cc/Schreibtisch/tutorialabapril/javafx/s1p-stocks-ui/educom/actions-runner'
[2020-07-18 10:34:46Z INFO HostContext] Well known config file 'Runner': '/home/cc/Schreibtisch/tutorialabapril/javafx/s1p-stocks-ui/educom/actions-runner/.runner'
[2020-07-18 10:34:46Z INFO ConfigurationStore] ConfigFilePath: /home/cc/Schreibtisch/tutorialabapril/javafx/s1p-stocks-ui/educom/actions-runner/.runner
[2020-07-18 10:34:46Z INFO HostContext] Well known directory 'Bin': '/home/cc/Schreibtisch/tutorialabapril/javafx/s1p-stocks-ui/educom/actions-runner/bin'
[2020-07-18 10:34:46Z INFO HostContext] Well known directory 'Root': '/home/cc/Schreibtisch/tutorialabapril/javafx/s1p-stocks-ui/educom/actions-runner'
[2020-07-18 10:34:46Z INFO HostContext] Well known config file 'Credentials': '/home/cc/Schreibtisch/tutorialabapril/javafx/s1p-stocks-ui/educom/actions-runner/.credentials'
[2020-07-18 10:34:46Z INFO ConfigurationStore] CredFilePath: /home/cc/Schreibtisch/tutorialabapril/javafx/s1p-stocks-ui/educom/actions-runner/.credentials
[2020-07-18 10:34:46Z INFO HostContext] Well known directory 'Bin': '/home/cc/Schreibtisch/tutorialabapril/javafx/s1p-stocks-ui/educom/actions-runner/bin'
[2020-07-18 10:34:46Z INFO HostContext] Well known directory 'Root': '/home/cc/Schreibtisch/tutorialabapril/javafx/s1p-stocks-ui/educom/actions-runner'
[2020-07-18 10:34:46Z INFO HostContext] Well known config file 'MigratedCredentials': '/home/cc/Schreibtisch/tutorialabapril/javafx/s1p-stocks-ui/educom/actions-runner/.credentials_migrated'
[2020-07-18 10:34:46Z INFO ConfigurationStore] MigratedCredFilePath: /home/cc/Schreibtisch/tutorialabapril/javafx/s1p-stocks-ui/educom/actions-runner/.credentials_migrated
[2020-07-18 10:34:46Z INFO HostContext] Well known directory 'Bin': '/home/cc/Schreibtisch/tutorialabapril/javafx/s1p-stocks-ui/educom/actions-runner/bin'
[2020-07-18 10:34:46Z INFO HostContext] Well known directory 'Root': '/home/cc/Schreibtisch/tutorialabapril/javafx/s1p-stocks-ui/educom/actions-runner'
[2020-07-18 10:34:46Z INFO HostContext] Well known config file 'Service': '/home/cc/Schreibtisch/tutorialabapril/javafx/s1p-stocks-ui/educom/actions-runner/.service'
[2020-07-18 10:34:46Z INFO ConfigurationStore] ServiceConfigFilePath: /home/cc/Schreibtisch/tutorialabapril/javafx/s1p-stocks-ui/educom/actions-runner/.service
[2020-07-18 10:34:46Z INFO CommandSettings] Flag 'help': 'False'
[2020-07-18 10:34:46Z INFO CommandSettings] Flag 'version': 'False'
[2020-07-18 10:34:46Z INFO CommandSettings] Flag 'commit': 'False'
[2020-07-18 10:34:46Z INFO CommandSettings] Command 'configure': 'True'
[2020-07-18 10:34:46Z INFO Terminal] WRITE LINE: 
[2020-07-18 10:34:46Z INFO Terminal] WRITE LINE: --------------------------------------------------------------------------------
[2020-07-18 10:34:46Z INFO Terminal] WRITE LINE: |        ____ _ _   _   _       _          _        _   _                      |
[2020-07-18 10:34:46Z INFO Terminal] WRITE LINE: |       / ___(_) |_| | | |_   _| |__      / \   ___| |_(_) ___  _ __  ___      |
[2020-07-18 10:34:46Z INFO Terminal] WRITE LINE: |      | |  _| | __| |_| | | | | '_ \    / _ \ / __| __| |/ _ \| '_ \/ __|     |
[2020-07-18 10:34:46Z INFO Terminal] WRITE LINE: |      | |_| | | |_|  _  | |_| | |_) |  / ___ \ (__| |_| | (_) | | | \__ \     |
[2020-07-18 10:34:46Z INFO Terminal] WRITE LINE: |       \____|_|\__|_| |_|\__,_|_.__/  /_/   \_\___|\__|_|\___/|_| |_|___/     |
[2020-07-18 10:34:46Z INFO Terminal] WRITE LINE: |                                                                              |
[2020-07-18 10:34:46Z INFO Terminal] WRITE: |                       
[2020-07-18 10:34:46Z INFO Terminal] WRITE: Self-hosted runner registration
[2020-07-18 10:34:46Z INFO Terminal] WRITE LINE:                         |
[2020-07-18 10:34:46Z INFO Terminal] WRITE LINE: |                                                                              |
[2020-07-18 10:34:46Z INFO Terminal] WRITE LINE: --------------------------------------------------------------------------------
[2020-07-18 10:34:46Z INFO ConfigurationManager] ConfigureAsync
[2020-07-18 10:34:46Z INFO ConfigurationStore] IsConfigured()
[2020-07-18 10:34:46Z INFO ConfigurationStore] IsConfigured: False
[2020-07-18 10:34:46Z INFO ConfigurationManager] Is configured: False
[2020-07-18 10:34:46Z INFO CommandSettings] Arg 'url': 'https://github.com/JavaGroupLunen/educombackend'
[2020-07-18 10:34:46Z INFO CommandSettings] Remove url from Arg dictionary.
[2020-07-18 10:34:46Z INFO CommandSettings] Arg 'token': '***'
[2020-07-18 10:34:46Z INFO CommandSettings] Remove token from Arg dictionary.
[2020-07-18 10:34:47Z INFO ConfigurationManager] Http response code: OK from 'POST https://api.github.com/actions/runner-registration'
[2020-07-18 10:34:47Z INFO ConfigurationManager] cred retrieved via GitHub auth
[2020-07-18 10:34:47Z INFO RunnerServer] Establish connection with 100 seconds timeout.
[2020-07-18 10:34:47Z INFO GitHubActionsService] Starting operation Location.GetConnectionData
[2020-07-18 10:34:47Z INFO RunnerServer] Establish connection with 60 seconds timeout.
[2020-07-18 10:34:47Z INFO GitHubActionsService] Starting operation Location.GetConnectionData
[2020-07-18 10:34:47Z INFO RunnerServer] Establish connection with 60 seconds timeout.
[2020-07-18 10:34:47Z INFO GitHubActionsService] Starting operation Location.GetConnectionData
[2020-07-18 10:34:47Z INFO GitHubActionsService] Finished operation Location.GetConnectionData
[2020-07-18 10:34:48Z INFO GitHubActionsService] Finished operation Location.GetConnectionData
[2020-07-18 10:34:48Z INFO GitHubActionsService] Finished operation Location.GetConnectionData
[2020-07-18 10:34:48Z INFO GitHubActionsService] Starting operation Location.GetConnectionData
[2020-07-18 10:34:48Z INFO GitHubActionsService] Finished operation Location.GetConnectionData
[2020-07-18 10:34:48Z INFO GitHubActionsService] Starting operation Location.GetConnectionData
[2020-07-18 10:34:48Z INFO GitHubActionsService] Finished operation Location.GetConnectionData
[2020-07-18 10:34:48Z INFO Terminal] WRITE LINE: 
[2020-07-18 10:34:48Z INFO ConfigurationManager] Test Connection complete.
[2020-07-18 10:34:48Z INFO HostContext] Well known directory 'Bin': '/home/cc/Schreibtisch/tutorialabapril/javafx/s1p-stocks-ui/educom/actions-runner/bin'
[2020-07-18 10:34:48Z INFO HostContext] Well known directory 'Root': '/home/cc/Schreibtisch/tutorialabapril/javafx/s1p-stocks-ui/educom/actions-runner'
[2020-07-18 10:34:48Z INFO HostContext] Well known config file 'RSACredentials': '/home/cc/Schreibtisch/tutorialabapril/javafx/s1p-stocks-ui/educom/actions-runner/.credentials_rsaparams'
[2020-07-18 10:34:48Z INFO RSAFileKeyManager] Found existing RSA key parameters file /home/cc/Schreibtisch/tutorialabapril/javafx/s1p-stocks-ui/educom/actions-runner/.credentials_rsaparams
[2020-07-18 10:34:48Z INFO ConfigurationManager] Found a private pool with id {1} and name {2} 1, Default
[2020-07-18 10:34:48Z INFO CommandSettings] Arg 'name': ''
[2020-07-18 10:34:48Z INFO CommandSettings] Flag 'unattended': 'False'
[2020-07-18 10:34:48Z INFO PromptManager] ReadValue
[2020-07-18 10:34:48Z INFO Terminal] WRITE: Enter the name of runner: 
[2020-07-18 10:34:48Z INFO Terminal] WRITE: [press Enter for cc-pc] 
[2020-07-18 10:34:48Z INFO Terminal] READ LINE
[2020-07-18 10:35:17Z INFO Terminal] Read value: 'educom'
[2020-07-18 10:35:17Z INFO Terminal] WRITE LINE: 
[2020-07-18 10:35:17Z INFO CommandSettings] Arg 'labels': ''
[2020-07-18 10:35:17Z INFO CommandSettings] Flag 'unattended': 'False'
[2020-07-18 10:35:17Z INFO PromptManager] ReadValue
[2020-07-18 10:35:17Z INFO Terminal] WRITE: This runner will have the following labels: 'self-hosted', 'Linux', 'X64' 
Enter any additional labels (ex. label-1,label-2): 
[2020-07-18 10:35:17Z INFO Terminal] WRITE: [press Enter to skip] 
[2020-07-18 10:35:17Z INFO Terminal] READ LINE
[2020-07-18 10:35:28Z INFO Terminal] Read value: ''
[2020-07-18 10:35:28Z INFO Terminal] WRITE LINE: 
[2020-07-18 10:35:28Z INFO ConfigurationStore] Saving OAuth credential @ /home/cc/Schreibtisch/tutorialabapril/javafx/s1p-stocks-ui/educom/actions-runner/.credentials
[2020-07-18 10:35:28Z INFO ConfigurationStore] Credentials Saved.
[2020-07-18 10:35:28Z INFO ConfigurationStore] HasCredentials()
[2020-07-18 10:35:28Z INFO ConfigurationStore] stored True
[2020-07-18 10:35:28Z INFO CredentialManager] GetCredentialProvider
[2020-07-18 10:35:28Z INFO CredentialManager] Creating type OAuth
[2020-07-18 10:35:28Z INFO CredentialManager] Creating credential type: OAuth
[2020-07-18 10:35:28Z INFO RSAFileKeyManager] Loading RSA key parameters from file /home/cc/Schreibtisch/tutorialabapril/javafx/s1p-stocks-ui/educom/actions-runner/.credentials_rsaparams
[2020-07-18 10:35:28Z INFO RunnerServer] Establish connection with 100 seconds timeout.
[2020-07-18 10:35:28Z INFO GitHubActionsService] Starting operation Location.GetConnectionData
[2020-07-18 10:35:28Z INFO RunnerServer] Establish connection with 60 seconds timeout.
[2020-07-18 10:35:28Z INFO GitHubActionsService] Starting operation Location.GetConnectionData
[2020-07-18 10:35:28Z INFO RunnerServer] Establish connection with 60 seconds timeout.
[2020-07-18 10:35:28Z INFO GitHubActionsService] Starting operation Location.GetConnectionData
[2020-07-18 10:35:28Z INFO GitHubActionsService] Finished operation Location.GetConnectionData
[2020-07-18 10:35:28Z INFO GitHubActionsService] Finished operation Location.GetConnectionData
[2020-07-18 10:35:29Z INFO GitHubActionsService] Finished operation Location.GetConnectionData
[2020-07-18 10:35:29Z INFO GitHubActionsService] Starting operation Location.GetConnectionData
[2020-07-18 10:35:29Z INFO GitHubActionsService] Finished operation Location.GetConnectionData
[2020-07-18 10:35:29Z INFO GitHubActionsService] Starting operation Location.GetConnectionData
[2020-07-18 10:35:29Z INFO GitHubActionsService] Finished operation Location.GetConnectionData
[2020-07-18 10:35:29Z WARN GitHubActionsService] Authentication failed with status code 401.
WWW-Authenticate: Bearer
Strict-Transport-Security: max-age=2592000
X-TFS-ProcessId: fe2e7d3c-3b91-4b3f-8873-a0185208471c
ActivityId: d8c55936-98f7-4c74-916b-66322e448e91
X-TFS-Session: 2124b40d-61e6-4824-8acc-2add40cd6aed
X-VSS-E2EID: 8d9c3056-aa8a-4e54-a247-c0d79bb981cf
X-VSS-SenderDeploymentId: a07ab14e-025a-39c3-8d53-788cd7ce207f
X-TFS-ServiceError: The+user+%27System%3aPublicAccess%3baaaaaaaa-aaaa-aaaa-aaaa-aaaaaaaaaaaa%27+is+not+authorized+to+access+this+resource.
X-VSS-S2STargetService: 0000005A-0000-8888-8000-000000000000/visualstudio.com
X-MSEdge-Ref: Ref A: 6A2C94B734D44924873951E32F4C50A2 Ref B: FRAEDGE1213 Ref C: 2020-07-18T10:35:29Z
Date: Sat, 18 Jul 2020 10:35:28 GMT

[2020-07-18 10:35:29Z INFO RSAFileKeyManager] Loading RSA key parameters from file /home/cc/Schreibtisch/tutorialabapril/javafx/s1p-stocks-ui/educom/actions-runner/.credentials_rsaparams
[2020-07-18 10:35:29Z INFO RSAFileKeyManager] Loading RSA key parameters from file /home/cc/Schreibtisch/tutorialabapril/javafx/s1p-stocks-ui/educom/actions-runner/.credentials_rsaparams
[2020-07-18 10:35:30Z INFO GitHubActionsService] AAD Correlation ID for this token request: Unknown
[2020-07-18 10:35:30Z INFO CommandSettings] Arg 'work': ''
[2020-07-18 10:35:30Z INFO CommandSettings] Flag 'unattended': 'False'
[2020-07-18 10:35:30Z INFO PromptManager] ReadValue
[2020-07-18 10:35:30Z INFO Terminal] WRITE: Enter name of work folder: 
[2020-07-18 10:35:30Z INFO Terminal] WRITE: [press Enter for _work] 
[2020-07-18 10:35:30Z INFO Terminal] READ LINE
[2020-07-18 10:35:39Z INFO Terminal] Read value: ''
[2020-07-18 10:35:39Z INFO PromptManager] Falling back to the default: '_work'
[2020-07-18 10:35:39Z INFO ConfigurationStore] Saving runner settings.
[2020-07-18 10:35:39Z INFO ConfigurationStore] Settings Saved.
[2020-07-18 10:35:39Z INFO Terminal] WRITE LINE: 
[2020-07-18 10:35:39Z INFO Terminal] WRITE LINE: 
[2020-07-18 10:35:39Z INFO SystemDControlManager] Service name 'actions.runner.JavaGroupLunen-educombackend.educom.service' display name 'GitHub Actions Runner (JavaGroupLunen-educombackend.educom)' will be used for service configuration.
[2020-07-18 10:35:39Z INFO HostContext] Well known directory 'Bin': '/home/cc/Schreibtisch/tutorialabapril/javafx/s1p-stocks-ui/educom/actions-runner/bin'
[2020-07-18 10:35:39Z INFO HostContext] Well known directory 'Root': '/home/cc/Schreibtisch/tutorialabapril/javafx/s1p-stocks-ui/educom/actions-runner'
[2020-07-18 10:35:39Z INFO HostContext] Well known directory 'Bin': '/home/cc/Schreibtisch/tutorialabapril/javafx/s1p-stocks-ui/educom/actions-runner/bin'
[2020-07-18 10:35:39Z INFO HostContext] Well known directory 'Bin': '/home/cc/Schreibtisch/tutorialabapril/javafx/s1p-stocks-ui/educom/actions-runner/bin'
[2020-07-18 10:35:39Z INFO HostContext] Well known directory 'Root': '/home/cc/Schreibtisch/tutorialabapril/javafx/s1p-stocks-ui/educom/actions-runner'
[2020-07-18 10:35:39Z INFO UnixUtil] Which: 'chmod'
[2020-07-18 10:35:39Z INFO UnixUtil] Location: '/usr/bin/chmod'
[2020-07-18 10:35:39Z INFO UnixUtil] Running /usr/bin/chmod 755 "/home/cc/Schreibtisch/tutorialabapril/javafx/s1p-stocks-ui/educom/actions-runner/svc.sh"
[2020-07-18 10:35:39Z INFO ProcessInvokerWrapper] Starting process:
[2020-07-18 10:35:39Z INFO ProcessInvokerWrapper]   File name: '/usr/bin/chmod'
[2020-07-18 10:35:39Z INFO ProcessInvokerWrapper]   Arguments: '755 "/home/cc/Schreibtisch/tutorialabapril/javafx/s1p-stocks-ui/educom/actions-runner/svc.sh"'
[2020-07-18 10:35:39Z INFO ProcessInvokerWrapper]   Working directory: '/home/cc/Schreibtisch/tutorialabapril/javafx/s1p-stocks-ui/educom/actions-runner'
[2020-07-18 10:35:39Z INFO ProcessInvokerWrapper]   Require exit code zero: 'True'
[2020-07-18 10:35:39Z INFO ProcessInvokerWrapper]   Encoding web name:  ; code page: ''
[2020-07-18 10:35:39Z INFO ProcessInvokerWrapper]   Force kill process on cancellation: 'False'
[2020-07-18 10:35:39Z INFO ProcessInvokerWrapper]   Redirected STDIN: 'False'
[2020-07-18 10:35:39Z INFO ProcessInvokerWrapper]   Persist current code page: 'False'
[2020-07-18 10:35:39Z INFO ProcessInvokerWrapper]   Keep redirected STDIN open: 'False'
[2020-07-18 10:35:39Z INFO ProcessInvokerWrapper]   High priority process: 'False'
[2020-07-18 10:35:39Z INFO ProcessInvokerWrapper] Failed to update oom_score_adj for PID: 5710.
[2020-07-18 10:35:39Z INFO ProcessInvokerWrapper] System.UnauthorizedAccessException: Access to the path '/proc/5710/oom_score_adj' is denied.
 ---> System.IO.IOException: Permission denied
   --- End of inner exception stack trace ---
   at Interop.ThrowExceptionForIoErrno(ErrorInfo errorInfo, String path, Boolean isDirectory, Func`2 errorRewriter)
   at Microsoft.Win32.SafeHandles.SafeFileHandle.Open(String path, OpenFlags flags, Int32 mode)
   at System.IO.FileStream.OpenHandle(FileMode mode, FileShare share, FileOptions options)
   at System.IO.FileStream..ctor(String path, FileMode mode, FileAccess access, FileShare share, Int32 bufferSize, FileOptions options)
   at System.IO.StreamWriter.ValidateArgsAndOpenPath(String path, Boolean append, Encoding encoding, Int32 bufferSize)
   at System.IO.StreamWriter..ctor(String path)
   at System.IO.File.WriteAllText(String path, String contents)
   at GitHub.Runner.Sdk.ProcessInvoker.WriteProcessOomScoreAdj(Int32 processId, Int32 oomScoreAdj)
[2020-07-18 10:35:39Z INFO ProcessInvokerWrapper] STDOUT/STDERR stream read finished.
[2020-07-18 10:35:39Z INFO ProcessInvokerWrapper] Process started with process id 5710, waiting for process exit.
[2020-07-18 10:35:39Z INFO ProcessInvokerWrapper] STDOUT/STDERR stream read finished.
[2020-07-18 10:35:39Z INFO ProcessInvokerWrapper] Finished process 5710 with exit code 0, and elapsed time 00:00:00.0141744.
[2020-07-18 10:35:39Z INFO Listener] Runner execution has finished with return code 0
