[2020-07-20 07:15:22Z INFO HostContext] No proxy settings were found based on environmental variables (http_proxy/https_proxy/HTTP_PROXY/HTTPS_PROXY)
[2020-07-20 07:15:22Z INFO HostContext] Well known directory 'Bin': '/home/cc/Schreibtisch/tutorialabapril/javafx/s1p-stocks-ui/educom/actions-runner/bin'
[2020-07-20 07:15:22Z INFO HostContext] Well known directory 'Root': '/home/cc/Schreibtisch/tutorialabapril/javafx/s1p-stocks-ui/educom/actions-runner'
[2020-07-20 07:15:22Z INFO HostContext] Well known config file 'Credentials': '/home/cc/Schreibtisch/tutorialabapril/javafx/s1p-stocks-ui/educom/actions-runner/.credentials'
[2020-07-20 07:15:22Z INFO Listener] Runner is built for Linux (X64) - linux-x64.
[2020-07-20 07:15:22Z INFO Listener] RuntimeInformation: Linux 5.6.16-1-MANJARO #1 SMP PREEMPT Wed Jun 3 14:26:28 UTC 2020.
[2020-07-20 07:15:22Z INFO Listener] Version: 2.267.1
[2020-07-20 07:15:22Z INFO Listener] Commit: fd3c9de49d3894943c54c08c92eba9f4e2b43f79
[2020-07-20 07:15:22Z INFO Listener] Culture: de-DE
[2020-07-20 07:15:22Z INFO Listener] UI Culture: de-DE
[2020-07-20 07:15:22Z INFO HostContext] Well known directory 'Bin': '/home/cc/Schreibtisch/tutorialabapril/javafx/s1p-stocks-ui/educom/actions-runner/bin'
[2020-07-20 07:15:22Z INFO HostContext] Well known directory 'Root': '/home/cc/Schreibtisch/tutorialabapril/javafx/s1p-stocks-ui/educom/actions-runner'
[2020-07-20 07:15:22Z INFO Listener] Validating directory permissions for: '/home/cc/Schreibtisch/tutorialabapril/javafx/s1p-stocks-ui/educom/actions-runner'
[2020-07-20 07:15:22Z INFO CommandLineParser] Parse
[2020-07-20 07:15:22Z INFO CommandLineParser] Parsing 3 args
[2020-07-20 07:15:22Z INFO CommandLineParser] parsing argument
[2020-07-20 07:15:22Z INFO CommandLineParser] HasArgs: False
[2020-07-20 07:15:22Z INFO CommandLineParser] Adding Command: run
[2020-07-20 07:15:22Z INFO CommandLineParser] parsing argument
[2020-07-20 07:15:22Z INFO CommandLineParser] HasArgs: True
[2020-07-20 07:15:22Z INFO CommandLineParser] arg: startuptype
[2020-07-20 07:15:22Z INFO CommandLineParser] parsing argument
[2020-07-20 07:15:22Z INFO CommandLineParser] HasArgs: True
[2020-07-20 07:15:22Z INFO CommandLineParser] Adding option 'startuptype': 'service'
[2020-07-20 07:15:22Z INFO Listener] Arguments parsed
[2020-07-20 07:15:22Z INFO Runner] ExecuteCommand
[2020-07-20 07:15:22Z INFO ConfigurationStore] currentAssemblyLocation: /home/cc/Schreibtisch/tutorialabapril/javafx/s1p-stocks-ui/educom/actions-runner/bin/Runner.Listener.dll
[2020-07-20 07:15:22Z INFO HostContext] Well known directory 'Bin': '/home/cc/Schreibtisch/tutorialabapril/javafx/s1p-stocks-ui/educom/actions-runner/bin'
[2020-07-20 07:15:22Z INFO ConfigurationStore] binPath: /home/cc/Schreibtisch/tutorialabapril/javafx/s1p-stocks-ui/educom/actions-runner/bin
[2020-07-20 07:15:22Z INFO HostContext] Well known directory 'Bin': '/home/cc/Schreibtisch/tutorialabapril/javafx/s1p-stocks-ui/educom/actions-runner/bin'
[2020-07-20 07:15:22Z INFO HostContext] Well known directory 'Root': '/home/cc/Schreibtisch/tutorialabapril/javafx/s1p-stocks-ui/educom/actions-runner'
[2020-07-20 07:15:22Z INFO ConfigurationStore] RootFolder: /home/cc/Schreibtisch/tutorialabapril/javafx/s1p-stocks-ui/educom/actions-runner
[2020-07-20 07:15:22Z INFO HostContext] Well known directory 'Bin': '/home/cc/Schreibtisch/tutorialabapril/javafx/s1p-stocks-ui/educom/actions-runner/bin'
[2020-07-20 07:15:22Z INFO HostContext] Well known directory 'Root': '/home/cc/Schreibtisch/tutorialabapril/javafx/s1p-stocks-ui/educom/actions-runner'
[2020-07-20 07:15:22Z INFO HostContext] Well known config file 'Runner': '/home/cc/Schreibtisch/tutorialabapril/javafx/s1p-stocks-ui/educom/actions-runner/.runner'
[2020-07-20 07:15:22Z INFO ConfigurationStore] ConfigFilePath: /home/cc/Schreibtisch/tutorialabapril/javafx/s1p-stocks-ui/educom/actions-runner/.runner
[2020-07-20 07:15:22Z INFO HostContext] Well known directory 'Bin': '/home/cc/Schreibtisch/tutorialabapril/javafx/s1p-stocks-ui/educom/actions-runner/bin'
[2020-07-20 07:15:22Z INFO HostContext] Well known directory 'Root': '/home/cc/Schreibtisch/tutorialabapril/javafx/s1p-stocks-ui/educom/actions-runner'
[2020-07-20 07:15:22Z INFO HostContext] Well known config file 'Credentials': '/home/cc/Schreibtisch/tutorialabapril/javafx/s1p-stocks-ui/educom/actions-runner/.credentials'
[2020-07-20 07:15:22Z INFO ConfigurationStore] CredFilePath: /home/cc/Schreibtisch/tutorialabapril/javafx/s1p-stocks-ui/educom/actions-runner/.credentials
[2020-07-20 07:15:22Z INFO HostContext] Well known directory 'Bin': '/home/cc/Schreibtisch/tutorialabapril/javafx/s1p-stocks-ui/educom/actions-runner/bin'
[2020-07-20 07:15:22Z INFO HostContext] Well known directory 'Root': '/home/cc/Schreibtisch/tutorialabapril/javafx/s1p-stocks-ui/educom/actions-runner'
[2020-07-20 07:15:22Z INFO HostContext] Well known config file 'MigratedCredentials': '/home/cc/Schreibtisch/tutorialabapril/javafx/s1p-stocks-ui/educom/actions-runner/.credentials_migrated'
[2020-07-20 07:15:22Z INFO ConfigurationStore] MigratedCredFilePath: /home/cc/Schreibtisch/tutorialabapril/javafx/s1p-stocks-ui/educom/actions-runner/.credentials_migrated
[2020-07-20 07:15:22Z INFO HostContext] Well known directory 'Bin': '/home/cc/Schreibtisch/tutorialabapril/javafx/s1p-stocks-ui/educom/actions-runner/bin'
[2020-07-20 07:15:22Z INFO HostContext] Well known directory 'Root': '/home/cc/Schreibtisch/tutorialabapril/javafx/s1p-stocks-ui/educom/actions-runner'
[2020-07-20 07:15:22Z INFO HostContext] Well known config file 'Service': '/home/cc/Schreibtisch/tutorialabapril/javafx/s1p-stocks-ui/educom/actions-runner/.service'
[2020-07-20 07:15:22Z INFO ConfigurationStore] ServiceConfigFilePath: /home/cc/Schreibtisch/tutorialabapril/javafx/s1p-stocks-ui/educom/actions-runner/.service
[2020-07-20 07:15:22Z INFO CommandSettings] Flag 'help': 'False'
[2020-07-20 07:15:22Z INFO CommandSettings] Flag 'version': 'False'
[2020-07-20 07:15:22Z INFO CommandSettings] Flag 'commit': 'False'
[2020-07-20 07:15:22Z INFO CommandSettings] Command 'configure': 'False'
[2020-07-20 07:15:22Z INFO CommandSettings] Command 'remove': 'False'
[2020-07-20 07:15:22Z INFO CommandSettings] Command 'warmup': 'False'
[2020-07-20 07:15:22Z INFO ConfigurationManager] LoadSettings
[2020-07-20 07:15:22Z INFO ConfigurationStore] IsConfigured()
[2020-07-20 07:15:22Z INFO ConfigurationStore] IsConfigured: True
[2020-07-20 07:15:22Z INFO ConfigurationManager] Is configured: True
[2020-07-20 07:15:22Z INFO ConfigurationStore] Read setting file: 291 chars
[2020-07-20 07:15:22Z INFO ConfigurationManager] Settings Loaded
[2020-07-20 07:15:22Z INFO ConfigurationStore] IsServiceConfigured()
[2020-07-20 07:15:22Z INFO ConfigurationStore] IsServiceConfigured: True
[2020-07-20 07:15:22Z INFO CommandSettings] Command 'run': 'True'
[2020-07-20 07:15:22Z INFO ConfigurationStore] IsConfigured()
[2020-07-20 07:15:22Z INFO ConfigurationStore] IsConfigured: True
[2020-07-20 07:15:22Z INFO ConfigurationManager] Is configured: True
[2020-07-20 07:15:22Z INFO Runner] Set runner startup type - Service
[2020-07-20 07:15:22Z INFO CommandSettings] Flag 'once': 'False'
[2020-07-20 07:15:22Z INFO Runner] RunAsync
[2020-07-20 07:15:22Z INFO ConfigurationManager] LoadSettings
[2020-07-20 07:15:22Z INFO ConfigurationStore] IsConfigured()
[2020-07-20 07:15:22Z INFO ConfigurationStore] IsConfigured: True
[2020-07-20 07:15:22Z INFO ConfigurationManager] Is configured: True
[2020-07-20 07:15:22Z INFO ConfigurationManager] Settings Loaded
[2020-07-20 07:15:22Z INFO MessageListener] {
  "AgentId": 2,
  "AgentName": "educom",
  "PoolId": 1,
  "PoolName": "Default",
  "ServerUrl": "https://pipelines.actions.githubusercontent.com/xS3DMc8fuypaIvc6IH5KfwAZrUNp9lTOkYRQVRWO5s6OzTdBmU",
  "GitHubUrl": "https://github.com/JavaGroupLunen/educombackend",
  "WorkFolder": "_work"
}
[2020-07-20 07:15:22Z INFO MessageListener] Loading Credentials
[2020-07-20 07:15:22Z INFO ConfigurationStore] HasCredentials()
[2020-07-20 07:15:22Z INFO ConfigurationStore] stored True
[2020-07-20 07:15:22Z INFO CredentialManager] GetCredentialProvider
[2020-07-20 07:15:22Z INFO CredentialManager] Creating type OAuth
[2020-07-20 07:15:22Z INFO CredentialManager] Creating credential type: OAuth
[2020-07-20 07:15:22Z INFO HostContext] Well known directory 'Bin': '/home/cc/Schreibtisch/tutorialabapril/javafx/s1p-stocks-ui/educom/actions-runner/bin'
[2020-07-20 07:15:22Z INFO HostContext] Well known directory 'Root': '/home/cc/Schreibtisch/tutorialabapril/javafx/s1p-stocks-ui/educom/actions-runner'
[2020-07-20 07:15:22Z INFO HostContext] Well known config file 'RSACredentials': '/home/cc/Schreibtisch/tutorialabapril/javafx/s1p-stocks-ui/educom/actions-runner/.credentials_rsaparams'
[2020-07-20 07:15:22Z INFO RSAFileKeyManager] Loading RSA key parameters from file /home/cc/Schreibtisch/tutorialabapril/javafx/s1p-stocks-ui/educom/actions-runner/.credentials_rsaparams
[2020-07-20 07:15:22Z INFO MessageListener] Attempt to create session.
[2020-07-20 07:15:22Z INFO MessageListener] Connecting to the Runner Server...
[2020-07-20 07:15:22Z INFO RunnerServer] Establish connection with 100 seconds timeout.
[2020-07-20 07:15:22Z INFO GitHubActionsService] Starting operation Location.GetConnectionData
[2020-07-20 07:15:22Z INFO RunnerServer] Establish connection with 60 seconds timeout.
[2020-07-20 07:15:22Z INFO GitHubActionsService] Starting operation Location.GetConnectionData
[2020-07-20 07:15:22Z INFO RunnerServer] Establish connection with 60 seconds timeout.
[2020-07-20 07:15:22Z INFO GitHubActionsService] Starting operation Location.GetConnectionData
[2020-07-20 07:15:22Z ERR  GitHubActionsService] GET request to https://pipelines.actions.githubusercontent.com/xS3DMc8fuypaIvc6IH5KfwAZrUNp9lTOkYRQVRWO5s6OzTdBmU/_apis/connectionData?connectOptions=1&lastChangeId=7659521&lastChangeId64=7659521 failed. System.Net.Http.HttpRequestException: Name or service not known
 ---> System.Net.Sockets.SocketException (0xFFFDFFFF): Name or service not known
   at System.Net.Http.ConnectHelper.ConnectAsync(String host, Int32 port, CancellationToken cancellationToken)
   --- End of inner exception stack trace ---
   at System.Net.Http.ConnectHelper.ConnectAsync(String host, Int32 port, CancellationToken cancellationToken)
   at System.Net.Http.HttpConnectionPool.ConnectAsync(HttpRequestMessage request, Boolean allowHttp2, CancellationToken cancellationToken)
   at System.Net.Http.HttpConnectionPool.CreateHttp11ConnectionAsync(HttpRequestMessage request, CancellationToken cancellationToken)
   at System.Net.Http.HttpConnectionPool.GetHttpConnectionAsync(HttpRequestMessage request, CancellationToken cancellationToken)
   at System.Net.Http.HttpConnectionPool.SendWithRetryAsync(HttpRequestMessage request, Boolean doRequestAuth, CancellationToken cancellationToken)
   at System.Net.Http.AuthenticationHelper.SendWithAuthAsync(HttpRequestMessage request, Uri authUri, ICredentials credentials, Boolean preAuthenticate, Boolean isProxyAuth, Boolean doRequestAuth, HttpConnectionPool pool, CancellationToken cancellationToken)
   at System.Net.Http.DecompressionHandler.SendAsync(HttpRequestMessage request, CancellationToken cancellationToken)
   at GitHub.Services.Common.VssHttpMessageHandler.SendAsync(HttpRequestMessage request, CancellationToken cancellationToken)
   at GitHub.Services.Common.VssHttpRetryMessageHandler.SendAsync(HttpRequestMessage request, CancellationToken cancellationToken)
[2020-07-20 07:15:22Z ERR  GitHubActionsService] GET request to https://pipelines.actions.githubusercontent.com/xS3DMc8fuypaIvc6IH5KfwAZrUNp9lTOkYRQVRWO5s6OzTdBmU/_apis/connectionData?connectOptions=1&lastChangeId=7659521&lastChangeId64=7659521 failed. System.Net.Http.HttpRequestException: Name or service not known
 ---> System.Net.Sockets.SocketException (0xFFFDFFFF): Name or service not known
   at System.Net.Http.ConnectHelper.ConnectAsync(String host, Int32 port, CancellationToken cancellationToken)
   --- End of inner exception stack trace ---
   at System.Net.Http.ConnectHelper.ConnectAsync(String host, Int32 port, CancellationToken cancellationToken)
   at System.Net.Http.HttpConnectionPool.ConnectAsync(HttpRequestMessage request, Boolean allowHttp2, CancellationToken cancellationToken)
   at System.Net.Http.HttpConnectionPool.CreateHttp11ConnectionAsync(HttpRequestMessage request, CancellationToken cancellationToken)
   at System.Net.Http.HttpConnectionPool.GetHttpConnectionAsync(HttpRequestMessage request, CancellationToken cancellationToken)
   at System.Net.Http.HttpConnectionPool.SendWithRetryAsync(HttpRequestMessage request, Boolean doRequestAuth, CancellationToken cancellationToken)
   at System.Net.Http.AuthenticationHelper.SendWithAuthAsync(HttpRequestMessage request, Uri authUri, ICredentials credentials, Boolean preAuthenticate, Boolean isProxyAuth, Boolean doRequestAuth, HttpConnectionPool pool, CancellationToken cancellationToken)
   at System.Net.Http.DecompressionHandler.SendAsync(HttpRequestMessage request, CancellationToken cancellationToken)
   at GitHub.Services.Common.VssHttpMessageHandler.SendAsync(HttpRequestMessage request, CancellationToken cancellationToken)
   at GitHub.Services.Common.VssHttpRetryMessageHandler.SendAsync(HttpRequestMessage request, CancellationToken cancellationToken)
[2020-07-20 07:15:22Z ERR  GitHubActionsService] GET request to https://pipelines.actions.githubusercontent.com/xS3DMc8fuypaIvc6IH5KfwAZrUNp9lTOkYRQVRWO5s6OzTdBmU/_apis/connectionData?connectOptions=1&lastChangeId=7659521&lastChangeId64=7659521 failed. System.Net.Http.HttpRequestException: Name or service not known
 ---> System.Net.Sockets.SocketException (0xFFFDFFFF): Name or service not known
   at System.Net.Http.ConnectHelper.ConnectAsync(String host, Int32 port, CancellationToken cancellationToken)
   --- End of inner exception stack trace ---
   at System.Net.Http.ConnectHelper.ConnectAsync(String host, Int32 port, CancellationToken cancellationToken)
   at System.Net.Http.HttpConnectionPool.ConnectAsync(HttpRequestMessage request, Boolean allowHttp2, CancellationToken cancellationToken)
   at System.Net.Http.HttpConnectionPool.CreateHttp11ConnectionAsync(HttpRequestMessage request, CancellationToken cancellationToken)
   at System.Net.Http.HttpConnectionPool.GetHttpConnectionAsync(HttpRequestMessage request, CancellationToken cancellationToken)
   at System.Net.Http.HttpConnectionPool.SendWithRetryAsync(HttpRequestMessage request, Boolean doRequestAuth, CancellationToken cancellationToken)
   at System.Net.Http.AuthenticationHelper.SendWithAuthAsync(HttpRequestMessage request, Uri authUri, ICredentials credentials, Boolean preAuthenticate, Boolean isProxyAuth, Boolean doRequestAuth, HttpConnectionPool pool, CancellationToken cancellationToken)
   at System.Net.Http.DecompressionHandler.SendAsync(HttpRequestMessage request, CancellationToken cancellationToken)
   at GitHub.Services.Common.VssHttpMessageHandler.SendAsync(HttpRequestMessage request, CancellationToken cancellationToken)
   at GitHub.Services.Common.VssHttpRetryMessageHandler.SendAsync(HttpRequestMessage request, CancellationToken cancellationToken)
[2020-07-20 07:15:22Z INFO GitHubActionsService] Finished operation Location.GetConnectionData
[2020-07-20 07:15:22Z INFO GitHubActionsService] Finished operation Location.GetConnectionData
[2020-07-20 07:15:22Z INFO GitHubActionsService] Finished operation Location.GetConnectionData
[2020-07-20 07:15:22Z INFO RunnerServer] Catch exception during connect. 4 attempt left.
[2020-07-20 07:15:22Z INFO RunnerServer] Catch exception during connect. 4 attempt left.
[2020-07-20 07:15:22Z INFO RunnerServer] Catch exception during connect. 4 attempt left.
[2020-07-20 07:15:22Z ERR  RunnerServer] System.Net.Http.HttpRequestException: Name or service not known
 ---> System.Net.Sockets.SocketException (0xFFFDFFFF): Name or service not known
   at System.Net.Http.ConnectHelper.ConnectAsync(String host, Int32 port, CancellationToken cancellationToken)
   --- End of inner exception stack trace ---
   at GitHub.Services.Common.VssHttpRetryMessageHandler.SendAsync(HttpRequestMessage request, CancellationToken cancellationToken)
   at System.Net.Http.HttpClient.FinishSendAsyncBuffered(Task`1 sendTask, HttpRequestMessage request, CancellationTokenSource cts, Boolean disposeCts)
   at GitHub.Services.WebApi.VssHttpClientBase.SendAsync(HttpRequestMessage message, HttpCompletionOption completionOption, Object userState, CancellationToken cancellationToken)
   at GitHub.Services.WebApi.VssHttpClientBase.SendAsync[T](HttpRequestMessage message, Object userState, CancellationToken cancellationToken)
   at GitHub.Services.Location.Client.LocationHttpClient.GetConnectionDataAsync(ConnectOptions connectOptions, Int64 lastChangeId, CancellationToken cancellationToken, Object userState)
   at GitHub.Services.WebApi.Location.VssServerDataProvider.GetConnectionDataAsync(ConnectOptions connectOptions, Int32 lastChangeId, CancellationToken cancellationToken)
   at GitHub.Services.WebApi.Location.VssServerDataProvider.ConnectAsync(ConnectOptions connectOptions, CancellationToken cancellationToken)
   at GitHub.Runner.Common.RunnerServer.EstablishVssConnection(Uri serverUrl, VssCredentials credentials, TimeSpan timeout)
[2020-07-20 07:15:22Z ERR  RunnerServer] System.Net.Http.HttpRequestException: Name or service not known
 ---> System.Net.Sockets.SocketException (0xFFFDFFFF): Name or service not known
   at System.Net.Http.ConnectHelper.ConnectAsync(String host, Int32 port, CancellationToken cancellationToken)
   --- End of inner exception stack trace ---
   at GitHub.Services.Common.VssHttpRetryMessageHandler.SendAsync(HttpRequestMessage request, CancellationToken cancellationToken)
   at System.Net.Http.HttpClient.FinishSendAsyncBuffered(Task`1 sendTask, HttpRequestMessage request, CancellationTokenSource cts, Boolean disposeCts)
   at GitHub.Services.WebApi.VssHttpClientBase.SendAsync(HttpRequestMessage message, HttpCompletionOption completionOption, Object userState, CancellationToken cancellationToken)
   at GitHub.Services.WebApi.VssHttpClientBase.SendAsync[T](HttpRequestMessage message, Object userState, CancellationToken cancellationToken)
   at GitHub.Services.Location.Client.LocationHttpClient.GetConnectionDataAsync(ConnectOptions connectOptions, Int64 lastChangeId, CancellationToken cancellationToken, Object userState)
   at GitHub.Services.WebApi.Location.VssServerDataProvider.GetConnectionDataAsync(ConnectOptions connectOptions, Int32 lastChangeId, CancellationToken cancellationToken)
   at GitHub.Services.WebApi.Location.VssServerDataProvider.ConnectAsync(ConnectOptions connectOptions, CancellationToken cancellationToken)
   at GitHub.Runner.Common.RunnerServer.EstablishVssConnection(Uri serverUrl, VssCredentials credentials, TimeSpan timeout)
[2020-07-20 07:15:22Z ERR  RunnerServer] #####################################################
[2020-07-20 07:15:22Z ERR  RunnerServer] System.Net.Http.HttpRequestException: Name or service not known
 ---> System.Net.Sockets.SocketException (0xFFFDFFFF): Name or service not known
   at System.Net.Http.ConnectHelper.ConnectAsync(String host, Int32 port, CancellationToken cancellationToken)
   --- End of inner exception stack trace ---
   at GitHub.Services.Common.VssHttpRetryMessageHandler.SendAsync(HttpRequestMessage request, CancellationToken cancellationToken)
   at System.Net.Http.HttpClient.FinishSendAsyncBuffered(Task`1 sendTask, HttpRequestMessage request, CancellationTokenSource cts, Boolean disposeCts)
   at GitHub.Services.WebApi.VssHttpClientBase.SendAsync(HttpRequestMessage message, HttpCompletionOption completionOption, Object userState, CancellationToken cancellationToken)
   at GitHub.Services.WebApi.VssHttpClientBase.SendAsync[T](HttpRequestMessage message, Object userState, CancellationToken cancellationToken)
   at GitHub.Services.Location.Client.LocationHttpClient.GetConnectionDataAsync(ConnectOptions connectOptions, Int64 lastChangeId, CancellationToken cancellationToken, Object userState)
   at GitHub.Services.WebApi.Location.VssServerDataProvider.GetConnectionDataAsync(ConnectOptions connectOptions, Int32 lastChangeId, CancellationToken cancellationToken)
   at GitHub.Services.WebApi.Location.VssServerDataProvider.ConnectAsync(ConnectOptions connectOptions, CancellationToken cancellationToken)
   at GitHub.Runner.Common.RunnerServer.EstablishVssConnection(Uri serverUrl, VssCredentials credentials, TimeSpan timeout)
[2020-07-20 07:15:22Z ERR  RunnerServer] #####################################################
[2020-07-20 07:15:22Z ERR  RunnerServer] #####################################################
[2020-07-20 07:15:22Z ERR  RunnerServer] System.Net.Sockets.SocketException (0xFFFDFFFF): Name or service not known
   at System.Net.Http.ConnectHelper.ConnectAsync(String host, Int32 port, CancellationToken cancellationToken)
[2020-07-20 07:15:22Z ERR  RunnerServer] System.Net.Sockets.SocketException (0xFFFDFFFF): Name or service not known
   at System.Net.Http.ConnectHelper.ConnectAsync(String host, Int32 port, CancellationToken cancellationToken)
[2020-07-20 07:15:22Z ERR  RunnerServer] System.Net.Sockets.SocketException (0xFFFDFFFF): Name or service not known
   at System.Net.Http.ConnectHelper.ConnectAsync(String host, Int32 port, CancellationToken cancellationToken)
[2020-07-20 07:15:22Z INFO GitHubActionsService] Starting operation Location.GetConnectionData
[2020-07-20 07:15:22Z INFO GitHubActionsService] Starting operation Location.GetConnectionData
[2020-07-20 07:15:22Z INFO GitHubActionsService] Starting operation Location.GetConnectionData
[2020-07-20 07:15:22Z ERR  GitHubActionsService] GET request to https://pipelines.actions.githubusercontent.com/xS3DMc8fuypaIvc6IH5KfwAZrUNp9lTOkYRQVRWO5s6OzTdBmU/_apis/connectionData?connectOptions=1&lastChangeId=7659521&lastChangeId64=7659521 failed. System.Net.Http.HttpRequestException: Name or service not known
 ---> System.Net.Sockets.SocketException (0xFFFDFFFF): Name or service not known
   at System.Net.Http.ConnectHelper.ConnectAsync(String host, Int32 port, CancellationToken cancellationToken)
   --- End of inner exception stack trace ---
   at System.Net.Http.ConnectHelper.ConnectAsync(String host, Int32 port, CancellationToken cancellationToken)
   at System.Net.Http.HttpConnectionPool.ConnectAsync(HttpRequestMessage request, Boolean allowHttp2, CancellationToken cancellationToken)
   at System.Net.Http.HttpConnectionPool.CreateHttp11ConnectionAsync(HttpRequestMessage request, CancellationToken cancellationToken)
   at System.Net.Http.HttpConnectionPool.GetHttpConnectionAsync(HttpRequestMessage request, CancellationToken cancellationToken)
   at System.Net.Http.HttpConnectionPool.SendWithRetryAsync(HttpRequestMessage request, Boolean doRequestAuth, CancellationToken cancellationToken)
   at System.Net.Http.AuthenticationHelper.SendWithAuthAsync(HttpRequestMessage request, Uri authUri, ICredentials credentials, Boolean preAuthenticate, Boolean isProxyAuth, Boolean doRequestAuth, HttpConnectionPool pool, CancellationToken cancellationToken)
   at System.Net.Http.DecompressionHandler.SendAsync(HttpRequestMessage request, CancellationToken cancellationToken)
   at GitHub.Services.Common.VssHttpMessageHandler.SendAsync(HttpRequestMessage request, CancellationToken cancellationToken)
   at GitHub.Services.Common.VssHttpRetryMessageHandler.SendAsync(HttpRequestMessage request, CancellationToken cancellationToken)
[2020-07-20 07:15:22Z INFO GitHubActionsService] Finished operation Location.GetConnectionData
[2020-07-20 07:15:22Z ERR  GitHubActionsService] GET request to https://pipelines.actions.githubusercontent.com/xS3DMc8fuypaIvc6IH5KfwAZrUNp9lTOkYRQVRWO5s6OzTdBmU/_apis/connectionData?connectOptions=1&lastChangeId=7659521&lastChangeId64=7659521 failed. System.Net.Http.HttpRequestException: Name or service not known
 ---> System.Net.Sockets.SocketException (0xFFFDFFFF): Name or service not known
   at System.Net.Http.ConnectHelper.ConnectAsync(String host, Int32 port, CancellationToken cancellationToken)
   --- End of inner exception stack trace ---
   at System.Net.Http.ConnectHelper.ConnectAsync(String host, Int32 port, CancellationToken cancellationToken)
   at System.Net.Http.HttpConnectionPool.ConnectAsync(HttpRequestMessage request, Boolean allowHttp2, CancellationToken cancellationToken)
   at System.Net.Http.HttpConnectionPool.CreateHttp11ConnectionAsync(HttpRequestMessage request, CancellationToken cancellationToken)
   at System.Net.Http.HttpConnectionPool.GetHttpConnectionAsync(HttpRequestMessage request, CancellationToken cancellationToken)
   at System.Net.Http.HttpConnectionPool.SendWithRetryAsync(HttpRequestMessage request, Boolean doRequestAuth, CancellationToken cancellationToken)
   at System.Net.Http.AuthenticationHelper.SendWithAuthAsync(HttpRequestMessage request, Uri authUri, ICredentials credentials, Boolean preAuthenticate, Boolean isProxyAuth, Boolean doRequestAuth, HttpConnectionPool pool, CancellationToken cancellationToken)
   at System.Net.Http.DecompressionHandler.SendAsync(HttpRequestMessage request, CancellationToken cancellationToken)
   at GitHub.Services.Common.VssHttpMessageHandler.SendAsync(HttpRequestMessage request, CancellationToken cancellationToken)
   at GitHub.Services.Common.VssHttpRetryMessageHandler.SendAsync(HttpRequestMessage request, CancellationToken cancellationToken)
[2020-07-20 07:15:22Z INFO RunnerServer] Catch exception during connect. 3 attempt left.
[2020-07-20 07:15:22Z ERR  GitHubActionsService] GET request to https://pipelines.actions.githubusercontent.com/xS3DMc8fuypaIvc6IH5KfwAZrUNp9lTOkYRQVRWO5s6OzTdBmU/_apis/connectionData?connectOptions=1&lastChangeId=7659521&lastChangeId64=7659521 failed. System.Net.Http.HttpRequestException: Name or service not known
 ---> System.Net.Sockets.SocketException (0xFFFDFFFF): Name or service not known
   at System.Net.Http.ConnectHelper.ConnectAsync(String host, Int32 port, CancellationToken cancellationToken)
   --- End of inner exception stack trace ---
   at System.Net.Http.ConnectHelper.ConnectAsync(String host, Int32 port, CancellationToken cancellationToken)
   at System.Net.Http.HttpConnectionPool.ConnectAsync(HttpRequestMessage request, Boolean allowHttp2, CancellationToken cancellationToken)
   at System.Net.Http.HttpConnectionPool.CreateHttp11ConnectionAsync(HttpRequestMessage request, CancellationToken cancellationToken)
   at System.Net.Http.HttpConnectionPool.GetHttpConnectionAsync(HttpRequestMessage request, CancellationToken cancellationToken)
   at System.Net.Http.HttpConnectionPool.SendWithRetryAsync(HttpRequestMessage request, Boolean doRequestAuth, CancellationToken cancellationToken)
   at System.Net.Http.AuthenticationHelper.SendWithAuthAsync(HttpRequestMessage request, Uri authUri, ICredentials credentials, Boolean preAuthenticate, Boolean isProxyAuth, Boolean doRequestAuth, HttpConnectionPool pool, CancellationToken cancellationToken)
   at System.Net.Http.DecompressionHandler.SendAsync(HttpRequestMessage request, CancellationToken cancellationToken)
   at GitHub.Services.Common.VssHttpMessageHandler.SendAsync(HttpRequestMessage request, CancellationToken cancellationToken)
   at GitHub.Services.Common.VssHttpRetryMessageHandler.SendAsync(HttpRequestMessage request, CancellationToken cancellationToken)
[2020-07-20 07:15:22Z INFO GitHubActionsService] Finished operation Location.GetConnectionData
[2020-07-20 07:15:22Z INFO RunnerServer] Catch exception during connect. 3 attempt left.
[2020-07-20 07:15:22Z INFO GitHubActionsService] Finished operation Location.GetConnectionData
[2020-07-20 07:15:22Z ERR  RunnerServer] System.Net.Http.HttpRequestException: Name or service not known
 ---> System.Net.Sockets.SocketException (0xFFFDFFFF): Name or service not known
   at System.Net.Http.ConnectHelper.ConnectAsync(String host, Int32 port, CancellationToken cancellationToken)
   --- End of inner exception stack trace ---
   at GitHub.Services.Common.VssHttpRetryMessageHandler.SendAsync(HttpRequestMessage request, CancellationToken cancellationToken)
   at System.Net.Http.HttpClient.FinishSendAsyncBuffered(Task`1 sendTask, HttpRequestMessage request, CancellationTokenSource cts, Boolean disposeCts)
   at GitHub.Services.WebApi.VssHttpClientBase.SendAsync(HttpRequestMessage message, HttpCompletionOption completionOption, Object userState, CancellationToken cancellationToken)
   at GitHub.Services.WebApi.VssHttpClientBase.SendAsync[T](HttpRequestMessage message, Object userState, CancellationToken cancellationToken)
   at GitHub.Services.Location.Client.LocationHttpClient.GetConnectionDataAsync(ConnectOptions connectOptions, Int64 lastChangeId, CancellationToken cancellationToken, Object userState)
   at GitHub.Services.WebApi.Location.VssServerDataProvider.GetConnectionDataAsync(ConnectOptions connectOptions, Int32 lastChangeId, CancellationToken cancellationToken)
   at GitHub.Services.WebApi.Location.VssServerDataProvider.ConnectAsync(ConnectOptions connectOptions, CancellationToken cancellationToken)
   at GitHub.Runner.Common.RunnerServer.EstablishVssConnection(Uri serverUrl, VssCredentials credentials, TimeSpan timeout)
[2020-07-20 07:15:22Z INFO RunnerServer] Catch exception during connect. 3 attempt left.
[2020-07-20 07:15:22Z ERR  RunnerServer] #####################################################
[2020-07-20 07:15:22Z ERR  RunnerServer] System.Net.Sockets.SocketException (0xFFFDFFFF): Name or service not known
   at System.Net.Http.ConnectHelper.ConnectAsync(String host, Int32 port, CancellationToken cancellationToken)
[2020-07-20 07:15:22Z ERR  RunnerServer] System.Net.Http.HttpRequestException: Name or service not known
 ---> System.Net.Sockets.SocketException (0xFFFDFFFF): Name or service not known
   at System.Net.Http.ConnectHelper.ConnectAsync(String host, Int32 port, CancellationToken cancellationToken)
   --- End of inner exception stack trace ---
   at GitHub.Services.Common.VssHttpRetryMessageHandler.SendAsync(HttpRequestMessage request, CancellationToken cancellationToken)
   at System.Net.Http.HttpClient.FinishSendAsyncBuffered(Task`1 sendTask, HttpRequestMessage request, CancellationTokenSource cts, Boolean disposeCts)
   at GitHub.Services.WebApi.VssHttpClientBase.SendAsync(HttpRequestMessage message, HttpCompletionOption completionOption, Object userState, CancellationToken cancellationToken)
   at GitHub.Services.WebApi.VssHttpClientBase.SendAsync[T](HttpRequestMessage message, Object userState, CancellationToken cancellationToken)
   at GitHub.Services.Location.Client.LocationHttpClient.GetConnectionDataAsync(ConnectOptions connectOptions, Int64 lastChangeId, CancellationToken cancellationToken, Object userState)
   at GitHub.Services.WebApi.Location.VssServerDataProvider.GetConnectionDataAsync(ConnectOptions connectOptions, Int32 lastChangeId, CancellationToken cancellationToken)
   at GitHub.Services.WebApi.Location.VssServerDataProvider.ConnectAsync(ConnectOptions connectOptions, CancellationToken cancellationToken)
   at GitHub.Runner.Common.RunnerServer.EstablishVssConnection(Uri serverUrl, VssCredentials credentials, TimeSpan timeout)
[2020-07-20 07:15:22Z ERR  RunnerServer] #####################################################
[2020-07-20 07:15:22Z ERR  RunnerServer] System.Net.Sockets.SocketException (0xFFFDFFFF): Name or service not known
   at System.Net.Http.ConnectHelper.ConnectAsync(String host, Int32 port, CancellationToken cancellationToken)
[2020-07-20 07:15:22Z ERR  RunnerServer] System.Net.Http.HttpRequestException: Name or service not known
 ---> System.Net.Sockets.SocketException (0xFFFDFFFF): Name or service not known
   at System.Net.Http.ConnectHelper.ConnectAsync(String host, Int32 port, CancellationToken cancellationToken)
   --- End of inner exception stack trace ---
   at GitHub.Services.Common.VssHttpRetryMessageHandler.SendAsync(HttpRequestMessage request, CancellationToken cancellationToken)
   at System.Net.Http.HttpClient.FinishSendAsyncBuffered(Task`1 sendTask, HttpRequestMessage request, CancellationTokenSource cts, Boolean disposeCts)
   at GitHub.Services.WebApi.VssHttpClientBase.SendAsync(HttpRequestMessage message, HttpCompletionOption completionOption, Object userState, CancellationToken cancellationToken)
   at GitHub.Services.WebApi.VssHttpClientBase.SendAsync[T](HttpRequestMessage message, Object userState, CancellationToken cancellationToken)
   at GitHub.Services.Location.Client.LocationHttpClient.GetConnectionDataAsync(ConnectOptions connectOptions, Int64 lastChangeId, CancellationToken cancellationToken, Object userState)
   at GitHub.Services.WebApi.Location.VssServerDataProvider.GetConnectionDataAsync(ConnectOptions connectOptions, Int32 lastChangeId, CancellationToken cancellationToken)
   at GitHub.Services.WebApi.Location.VssServerDataProvider.ConnectAsync(ConnectOptions connectOptions, CancellationToken cancellationToken)
   at GitHub.Runner.Common.RunnerServer.EstablishVssConnection(Uri serverUrl, VssCredentials credentials, TimeSpan timeout)
[2020-07-20 07:15:22Z ERR  RunnerServer] #####################################################
[2020-07-20 07:15:22Z ERR  RunnerServer] System.Net.Sockets.SocketException (0xFFFDFFFF): Name or service not known
   at System.Net.Http.ConnectHelper.ConnectAsync(String host, Int32 port, CancellationToken cancellationToken)
[2020-07-20 07:15:22Z INFO GitHubActionsService] Starting operation Location.GetConnectionData
[2020-07-20 07:15:22Z INFO GitHubActionsService] Starting operation Location.GetConnectionData
[2020-07-20 07:15:22Z INFO GitHubActionsService] Starting operation Location.GetConnectionData
[2020-07-20 07:15:22Z ERR  GitHubActionsService] GET request to https://pipelines.actions.githubusercontent.com/xS3DMc8fuypaIvc6IH5KfwAZrUNp9lTOkYRQVRWO5s6OzTdBmU/_apis/connectionData?connectOptions=1&lastChangeId=7659521&lastChangeId64=7659521 failed. System.Net.Http.HttpRequestException: Name or service not known
 ---> System.Net.Sockets.SocketException (0xFFFDFFFF): Name or service not known
   at System.Net.Http.ConnectHelper.ConnectAsync(String host, Int32 port, CancellationToken cancellationToken)
   --- End of inner exception stack trace ---
   at System.Net.Http.ConnectHelper.ConnectAsync(String host, Int32 port, CancellationToken cancellationToken)
   at System.Net.Http.HttpConnectionPool.ConnectAsync(HttpRequestMessage request, Boolean allowHttp2, CancellationToken cancellationToken)
   at System.Net.Http.HttpConnectionPool.CreateHttp11ConnectionAsync(HttpRequestMessage request, CancellationToken cancellationToken)
   at System.Net.Http.HttpConnectionPool.GetHttpConnectionAsync(HttpRequestMessage request, CancellationToken cancellationToken)
   at System.Net.Http.HttpConnectionPool.SendWithRetryAsync(HttpRequestMessage request, Boolean doRequestAuth, CancellationToken cancellationToken)
   at System.Net.Http.AuthenticationHelper.SendWithAuthAsync(HttpRequestMessage request, Uri authUri, ICredentials credentials, Boolean preAuthenticate, Boolean isProxyAuth, Boolean doRequestAuth, HttpConnectionPool pool, CancellationToken cancellationToken)
   at System.Net.Http.DecompressionHandler.SendAsync(HttpRequestMessage request, CancellationToken cancellationToken)
   at GitHub.Services.Common.VssHttpMessageHandler.SendAsync(HttpRequestMessage request, CancellationToken cancellationToken)
   at GitHub.Services.Common.VssHttpRetryMessageHandler.SendAsync(HttpRequestMessage request, CancellationToken cancellationToken)
[2020-07-20 07:15:22Z ERR  GitHubActionsService] GET request to https://pipelines.actions.githubusercontent.com/xS3DMc8fuypaIvc6IH5KfwAZrUNp9lTOkYRQVRWO5s6OzTdBmU/_apis/connectionData?connectOptions=1&lastChangeId=7659521&lastChangeId64=7659521 failed. System.Net.Http.HttpRequestException: Name or service not known
 ---> System.Net.Sockets.SocketException (0xFFFDFFFF): Name or service not known
   at System.Net.Http.ConnectHelper.ConnectAsync(String host, Int32 port, CancellationToken cancellationToken)
   --- End of inner exception stack trace ---
   at System.Net.Http.ConnectHelper.ConnectAsync(String host, Int32 port, CancellationToken cancellationToken)
   at System.Net.Http.HttpConnectionPool.ConnectAsync(HttpRequestMessage request, Boolean allowHttp2, CancellationToken cancellationToken)
   at System.Net.Http.HttpConnectionPool.CreateHttp11ConnectionAsync(HttpRequestMessage request, CancellationToken cancellationToken)
   at System.Net.Http.HttpConnectionPool.GetHttpConnectionAsync(HttpRequestMessage request, CancellationToken cancellationToken)
   at System.Net.Http.HttpConnectionPool.SendWithRetryAsync(HttpRequestMessage request, Boolean doRequestAuth, CancellationToken cancellationToken)
   at System.Net.Http.AuthenticationHelper.SendWithAuthAsync(HttpRequestMessage request, Uri authUri, ICredentials credentials, Boolean preAuthenticate, Boolean isProxyAuth, Boolean doRequestAuth, HttpConnectionPool pool, CancellationToken cancellationToken)
   at System.Net.Http.DecompressionHandler.SendAsync(HttpRequestMessage request, CancellationToken cancellationToken)
   at GitHub.Services.Common.VssHttpMessageHandler.SendAsync(HttpRequestMessage request, CancellationToken cancellationToken)
   at GitHub.Services.Common.VssHttpRetryMessageHandler.SendAsync(HttpRequestMessage request, CancellationToken cancellationToken)
[2020-07-20 07:15:22Z ERR  GitHubActionsService] GET request to https://pipelines.actions.githubusercontent.com/xS3DMc8fuypaIvc6IH5KfwAZrUNp9lTOkYRQVRWO5s6OzTdBmU/_apis/connectionData?connectOptions=1&lastChangeId=7659521&lastChangeId64=7659521 failed. System.Net.Http.HttpRequestException: Name or service not known
 ---> System.Net.Sockets.SocketException (0xFFFDFFFF): Name or service not known
   at System.Net.Http.ConnectHelper.ConnectAsync(String host, Int32 port, CancellationToken cancellationToken)
   --- End of inner exception stack trace ---
   at System.Net.Http.ConnectHelper.ConnectAsync(String host, Int32 port, CancellationToken cancellationToken)
   at System.Net.Http.HttpConnectionPool.ConnectAsync(HttpRequestMessage request, Boolean allowHttp2, CancellationToken cancellationToken)
   at System.Net.Http.HttpConnectionPool.CreateHttp11ConnectionAsync(HttpRequestMessage request, CancellationToken cancellationToken)
   at System.Net.Http.HttpConnectionPool.GetHttpConnectionAsync(HttpRequestMessage request, CancellationToken cancellationToken)
   at System.Net.Http.HttpConnectionPool.SendWithRetryAsync(HttpRequestMessage request, Boolean doRequestAuth, CancellationToken cancellationToken)
   at System.Net.Http.AuthenticationHelper.SendWithAuthAsync(HttpRequestMessage request, Uri authUri, ICredentials credentials, Boolean preAuthenticate, Boolean isProxyAuth, Boolean doRequestAuth, HttpConnectionPool pool, CancellationToken cancellationToken)
   at System.Net.Http.DecompressionHandler.SendAsync(HttpRequestMessage request, CancellationToken cancellationToken)
   at GitHub.Services.Common.VssHttpMessageHandler.SendAsync(HttpRequestMessage request, CancellationToken cancellationToken)
   at GitHub.Services.Common.VssHttpRetryMessageHandler.SendAsync(HttpRequestMessage request, CancellationToken cancellationToken)
[2020-07-20 07:15:22Z INFO GitHubActionsService] Finished operation Location.GetConnectionData
[2020-07-20 07:15:22Z INFO GitHubActionsService] Finished operation Location.GetConnectionData
[2020-07-20 07:15:22Z INFO GitHubActionsService] Finished operation Location.GetConnectionData
[2020-07-20 07:15:22Z INFO RunnerServer] Catch exception during connect. 2 attempt left.
[2020-07-20 07:15:22Z INFO RunnerServer] Catch exception during connect. 2 attempt left.
[2020-07-20 07:15:22Z INFO RunnerServer] Catch exception during connect. 2 attempt left.
[2020-07-20 07:15:22Z ERR  RunnerServer] System.Net.Http.HttpRequestException: Name or service not known
 ---> System.Net.Sockets.SocketException (0xFFFDFFFF): Name or service not known
   at System.Net.Http.ConnectHelper.ConnectAsync(String host, Int32 port, CancellationToken cancellationToken)
   --- End of inner exception stack trace ---
   at GitHub.Services.Common.VssHttpRetryMessageHandler.SendAsync(HttpRequestMessage request, CancellationToken cancellationToken)
   at System.Net.Http.HttpClient.FinishSendAsyncBuffered(Task`1 sendTask, HttpRequestMessage request, CancellationTokenSource cts, Boolean disposeCts)
   at GitHub.Services.WebApi.VssHttpClientBase.SendAsync(HttpRequestMessage message, HttpCompletionOption completionOption, Object userState, CancellationToken cancellationToken)
   at GitHub.Services.WebApi.VssHttpClientBase.SendAsync[T](HttpRequestMessage message, Object userState, CancellationToken cancellationToken)
   at GitHub.Services.Location.Client.LocationHttpClient.GetConnectionDataAsync(ConnectOptions connectOptions, Int64 lastChangeId, CancellationToken cancellationToken, Object userState)
   at GitHub.Services.WebApi.Location.VssServerDataProvider.GetConnectionDataAsync(ConnectOptions connectOptions, Int32 lastChangeId, CancellationToken cancellationToken)
   at GitHub.Services.WebApi.Location.VssServerDataProvider.ConnectAsync(ConnectOptions connectOptions, CancellationToken cancellationToken)
   at GitHub.Runner.Common.RunnerServer.EstablishVssConnection(Uri serverUrl, VssCredentials credentials, TimeSpan timeout)
[2020-07-20 07:15:22Z ERR  RunnerServer] #####################################################
[2020-07-20 07:15:22Z ERR  RunnerServer] System.Net.Sockets.SocketException (0xFFFDFFFF): Name or service not known
   at System.Net.Http.ConnectHelper.ConnectAsync(String host, Int32 port, CancellationToken cancellationToken)
[2020-07-20 07:15:22Z ERR  RunnerServer] System.Net.Http.HttpRequestException: Name or service not known
 ---> System.Net.Sockets.SocketException (0xFFFDFFFF): Name or service not known
   at System.Net.Http.ConnectHelper.ConnectAsync(String host, Int32 port, CancellationToken cancellationToken)
   --- End of inner exception stack trace ---
   at GitHub.Services.Common.VssHttpRetryMessageHandler.SendAsync(HttpRequestMessage request, CancellationToken cancellationToken)
   at System.Net.Http.HttpClient.FinishSendAsyncBuffered(Task`1 sendTask, HttpRequestMessage request, CancellationTokenSource cts, Boolean disposeCts)
   at GitHub.Services.WebApi.VssHttpClientBase.SendAsync(HttpRequestMessage message, HttpCompletionOption completionOption, Object userState, CancellationToken cancellationToken)
   at GitHub.Services.WebApi.VssHttpClientBase.SendAsync[T](HttpRequestMessage message, Object userState, CancellationToken cancellationToken)
   at GitHub.Services.Location.Client.LocationHttpClient.GetConnectionDataAsync(ConnectOptions connectOptions, Int64 lastChangeId, CancellationToken cancellationToken, Object userState)
   at GitHub.Services.WebApi.Location.VssServerDataProvider.GetConnectionDataAsync(ConnectOptions connectOptions, Int32 lastChangeId, CancellationToken cancellationToken)
   at GitHub.Services.WebApi.Location.VssServerDataProvider.ConnectAsync(ConnectOptions connectOptions, CancellationToken cancellationToken)
   at GitHub.Runner.Common.RunnerServer.EstablishVssConnection(Uri serverUrl, VssCredentials credentials, TimeSpan timeout)
[2020-07-20 07:15:22Z ERR  RunnerServer] #####################################################
[2020-07-20 07:15:22Z ERR  RunnerServer] System.Net.Http.HttpRequestException: Name or service not known
 ---> System.Net.Sockets.SocketException (0xFFFDFFFF): Name or service not known
   at System.Net.Http.ConnectHelper.ConnectAsync(String host, Int32 port, CancellationToken cancellationToken)
   --- End of inner exception stack trace ---
   at GitHub.Services.Common.VssHttpRetryMessageHandler.SendAsync(HttpRequestMessage request, CancellationToken cancellationToken)
   at System.Net.Http.HttpClient.FinishSendAsyncBuffered(Task`1 sendTask, HttpRequestMessage request, CancellationTokenSource cts, Boolean disposeCts)
   at GitHub.Services.WebApi.VssHttpClientBase.SendAsync(HttpRequestMessage message, HttpCompletionOption completionOption, Object userState, CancellationToken cancellationToken)
   at GitHub.Services.WebApi.VssHttpClientBase.SendAsync[T](HttpRequestMessage message, Object userState, CancellationToken cancellationToken)
   at GitHub.Services.Location.Client.LocationHttpClient.GetConnectionDataAsync(ConnectOptions connectOptions, Int64 lastChangeId, CancellationToken cancellationToken, Object userState)
   at GitHub.Services.WebApi.Location.VssServerDataProvider.GetConnectionDataAsync(ConnectOptions connectOptions, Int32 lastChangeId, CancellationToken cancellationToken)
   at GitHub.Services.WebApi.Location.VssServerDataProvider.ConnectAsync(ConnectOptions connectOptions, CancellationToken cancellationToken)
   at GitHub.Runner.Common.RunnerServer.EstablishVssConnection(Uri serverUrl, VssCredentials credentials, TimeSpan timeout)
[2020-07-20 07:15:22Z ERR  RunnerServer] #####################################################
[2020-07-20 07:15:22Z ERR  RunnerServer] System.Net.Sockets.SocketException (0xFFFDFFFF): Name or service not known
   at System.Net.Http.ConnectHelper.ConnectAsync(String host, Int32 port, CancellationToken cancellationToken)
[2020-07-20 07:15:22Z ERR  RunnerServer] System.Net.Sockets.SocketException (0xFFFDFFFF): Name or service not known
   at System.Net.Http.ConnectHelper.ConnectAsync(String host, Int32 port, CancellationToken cancellationToken)
[2020-07-20 07:15:22Z INFO GitHubActionsService] Starting operation Location.GetConnectionData
[2020-07-20 07:15:22Z INFO GitHubActionsService] Starting operation Location.GetConnectionData
[2020-07-20 07:15:22Z INFO GitHubActionsService] Starting operation Location.GetConnectionData
[2020-07-20 07:15:22Z ERR  GitHubActionsService] GET request to https://pipelines.actions.githubusercontent.com/xS3DMc8fuypaIvc6IH5KfwAZrUNp9lTOkYRQVRWO5s6OzTdBmU/_apis/connectionData?connectOptions=1&lastChangeId=7659521&lastChangeId64=7659521 failed. System.Net.Http.HttpRequestException: Name or service not known
 ---> System.Net.Sockets.SocketException (0xFFFDFFFF): Name or service not known
   at System.Net.Http.ConnectHelper.ConnectAsync(String host, Int32 port, CancellationToken cancellationToken)
   --- End of inner exception stack trace ---
   at System.Net.Http.ConnectHelper.ConnectAsync(String host, Int32 port, CancellationToken cancellationToken)
   at System.Net.Http.HttpConnectionPool.ConnectAsync(HttpRequestMessage request, Boolean allowHttp2, CancellationToken cancellationToken)
   at System.Net.Http.HttpConnectionPool.CreateHttp11ConnectionAsync(HttpRequestMessage request, CancellationToken cancellationToken)
   at System.Net.Http.HttpConnectionPool.GetHttpConnectionAsync(HttpRequestMessage request, CancellationToken cancellationToken)
   at System.Net.Http.HttpConnectionPool.SendWithRetryAsync(HttpRequestMessage request, Boolean doRequestAuth, CancellationToken cancellationToken)
   at System.Net.Http.AuthenticationHelper.SendWithAuthAsync(HttpRequestMessage request, Uri authUri, ICredentials credentials, Boolean preAuthenticate, Boolean isProxyAuth, Boolean doRequestAuth, HttpConnectionPool pool, CancellationToken cancellationToken)
   at System.Net.Http.DecompressionHandler.SendAsync(HttpRequestMessage request, CancellationToken cancellationToken)
   at GitHub.Services.Common.VssHttpMessageHandler.SendAsync(HttpRequestMessage request, CancellationToken cancellationToken)
   at GitHub.Services.Common.VssHttpRetryMessageHandler.SendAsync(HttpRequestMessage request, CancellationToken cancellationToken)
[2020-07-20 07:15:22Z ERR  GitHubActionsService] GET request to https://pipelines.actions.githubusercontent.com/xS3DMc8fuypaIvc6IH5KfwAZrUNp9lTOkYRQVRWO5s6OzTdBmU/_apis/connectionData?connectOptions=1&lastChangeId=7659521&lastChangeId64=7659521 failed. System.Net.Http.HttpRequestException: Name or service not known
 ---> System.Net.Sockets.SocketException (0xFFFDFFFF): Name or service not known
   at System.Net.Http.ConnectHelper.ConnectAsync(String host, Int32 port, CancellationToken cancellationToken)
   --- End of inner exception stack trace ---
   at System.Net.Http.ConnectHelper.ConnectAsync(String host, Int32 port, CancellationToken cancellationToken)
   at System.Net.Http.HttpConnectionPool.ConnectAsync(HttpRequestMessage request, Boolean allowHttp2, CancellationToken cancellationToken)
   at System.Net.Http.HttpConnectionPool.CreateHttp11ConnectionAsync(HttpRequestMessage request, CancellationToken cancellationToken)
   at System.Net.Http.HttpConnectionPool.GetHttpConnectionAsync(HttpRequestMessage request, CancellationToken cancellationToken)
   at System.Net.Http.HttpConnectionPool.SendWithRetryAsync(HttpRequestMessage request, Boolean doRequestAuth, CancellationToken cancellationToken)
   at System.Net.Http.AuthenticationHelper.SendWithAuthAsync(HttpRequestMessage request, Uri authUri, ICredentials credentials, Boolean preAuthenticate, Boolean isProxyAuth, Boolean doRequestAuth, HttpConnectionPool pool, CancellationToken cancellationToken)
   at System.Net.Http.DecompressionHandler.SendAsync(HttpRequestMessage request, CancellationToken cancellationToken)
   at GitHub.Services.Common.VssHttpMessageHandler.SendAsync(HttpRequestMessage request, CancellationToken cancellationToken)
   at GitHub.Services.Common.VssHttpRetryMessageHandler.SendAsync(HttpRequestMessage request, CancellationToken cancellationToken)
[2020-07-20 07:15:22Z INFO GitHubActionsService] Finished operation Location.GetConnectionData
[2020-07-20 07:15:22Z INFO GitHubActionsService] Finished operation Location.GetConnectionData
[2020-07-20 07:15:22Z INFO RunnerServer] Catch exception during connect. 1 attempt left.
[2020-07-20 07:15:22Z INFO RunnerServer] Catch exception during connect. 1 attempt left.
[2020-07-20 07:15:22Z ERR  GitHubActionsService] GET request to https://pipelines.actions.githubusercontent.com/xS3DMc8fuypaIvc6IH5KfwAZrUNp9lTOkYRQVRWO5s6OzTdBmU/_apis/connectionData?connectOptions=1&lastChangeId=7659521&lastChangeId64=7659521 failed. System.Net.Http.HttpRequestException: Name or service not known
 ---> System.Net.Sockets.SocketException (0xFFFDFFFF): Name or service not known
   at System.Net.Http.ConnectHelper.ConnectAsync(String host, Int32 port, CancellationToken cancellationToken)
   --- End of inner exception stack trace ---
   at System.Net.Http.ConnectHelper.ConnectAsync(String host, Int32 port, CancellationToken cancellationToken)
   at System.Net.Http.HttpConnectionPool.ConnectAsync(HttpRequestMessage request, Boolean allowHttp2, CancellationToken cancellationToken)
   at System.Net.Http.HttpConnectionPool.CreateHttp11ConnectionAsync(HttpRequestMessage request, CancellationToken cancellationToken)
   at System.Net.Http.HttpConnectionPool.GetHttpConnectionAsync(HttpRequestMessage request, CancellationToken cancellationToken)
   at System.Net.Http.HttpConnectionPool.SendWithRetryAsync(HttpRequestMessage request, Boolean doRequestAuth, CancellationToken cancellationToken)
   at System.Net.Http.AuthenticationHelper.SendWithAuthAsync(HttpRequestMessage request, Uri authUri, ICredentials credentials, Boolean preAuthenticate, Boolean isProxyAuth, Boolean doRequestAuth, HttpConnectionPool pool, CancellationToken cancellationToken)
   at System.Net.Http.DecompressionHandler.SendAsync(HttpRequestMessage request, CancellationToken cancellationToken)
   at GitHub.Services.Common.VssHttpMessageHandler.SendAsync(HttpRequestMessage request, CancellationToken cancellationToken)
   at GitHub.Services.Common.VssHttpRetryMessageHandler.SendAsync(HttpRequestMessage request, CancellationToken cancellationToken)
[2020-07-20 07:15:22Z INFO GitHubActionsService] Finished operation Location.GetConnectionData
[2020-07-20 07:15:22Z ERR  RunnerServer] System.Net.Http.HttpRequestException: Name or service not known
 ---> System.Net.Sockets.SocketException (0xFFFDFFFF): Name or service not known
   at System.Net.Http.ConnectHelper.ConnectAsync(String host, Int32 port, CancellationToken cancellationToken)
   --- End of inner exception stack trace ---
   at GitHub.Services.Common.VssHttpRetryMessageHandler.SendAsync(HttpRequestMessage request, CancellationToken cancellationToken)
   at System.Net.Http.HttpClient.FinishSendAsyncBuffered(Task`1 sendTask, HttpRequestMessage request, CancellationTokenSource cts, Boolean disposeCts)
   at GitHub.Services.WebApi.VssHttpClientBase.SendAsync(HttpRequestMessage message, HttpCompletionOption completionOption, Object userState, CancellationToken cancellationToken)
   at GitHub.Services.WebApi.VssHttpClientBase.SendAsync[T](HttpRequestMessage message, Object userState, CancellationToken cancellationToken)
   at GitHub.Services.Location.Client.LocationHttpClient.GetConnectionDataAsync(ConnectOptions connectOptions, Int64 lastChangeId, CancellationToken cancellationToken, Object userState)
   at GitHub.Services.WebApi.Location.VssServerDataProvider.GetConnectionDataAsync(ConnectOptions connectOptions, Int32 lastChangeId, CancellationToken cancellationToken)
   at GitHub.Services.WebApi.Location.VssServerDataProvider.ConnectAsync(ConnectOptions connectOptions, CancellationToken cancellationToken)
   at GitHub.Runner.Common.RunnerServer.EstablishVssConnection(Uri serverUrl, VssCredentials credentials, TimeSpan timeout)
[2020-07-20 07:15:22Z ERR  RunnerServer] #####################################################
[2020-07-20 07:15:22Z ERR  RunnerServer] System.Net.Http.HttpRequestException: Name or service not known
 ---> System.Net.Sockets.SocketException (0xFFFDFFFF): Name or service not known
   at System.Net.Http.ConnectHelper.ConnectAsync(String host, Int32 port, CancellationToken cancellationToken)
   --- End of inner exception stack trace ---
   at GitHub.Services.Common.VssHttpRetryMessageHandler.SendAsync(HttpRequestMessage request, CancellationToken cancellationToken)
   at System.Net.Http.HttpClient.FinishSendAsyncBuffered(Task`1 sendTask, HttpRequestMessage request, CancellationTokenSource cts, Boolean disposeCts)
   at GitHub.Services.WebApi.VssHttpClientBase.SendAsync(HttpRequestMessage message, HttpCompletionOption completionOption, Object userState, CancellationToken cancellationToken)
   at GitHub.Services.WebApi.VssHttpClientBase.SendAsync[T](HttpRequestMessage message, Object userState, CancellationToken cancellationToken)
   at GitHub.Services.Location.Client.LocationHttpClient.GetConnectionDataAsync(ConnectOptions connectOptions, Int64 lastChangeId, CancellationToken cancellationToken, Object userState)
   at GitHub.Services.WebApi.Location.VssServerDataProvider.GetConnectionDataAsync(ConnectOptions connectOptions, Int32 lastChangeId, CancellationToken cancellationToken)
   at GitHub.Services.WebApi.Location.VssServerDataProvider.ConnectAsync(ConnectOptions connectOptions, CancellationToken cancellationToken)
   at GitHub.Runner.Common.RunnerServer.EstablishVssConnection(Uri serverUrl, VssCredentials credentials, TimeSpan timeout)
[2020-07-20 07:15:22Z ERR  RunnerServer] #####################################################
[2020-07-20 07:15:22Z INFO RunnerServer] Catch exception during connect. 1 attempt left.
[2020-07-20 07:15:22Z ERR  RunnerServer] System.Net.Sockets.SocketException (0xFFFDFFFF): Name or service not known
   at System.Net.Http.ConnectHelper.ConnectAsync(String host, Int32 port, CancellationToken cancellationToken)
[2020-07-20 07:15:22Z ERR  RunnerServer] System.Net.Sockets.SocketException (0xFFFDFFFF): Name or service not known
   at System.Net.Http.ConnectHelper.ConnectAsync(String host, Int32 port, CancellationToken cancellationToken)
[2020-07-20 07:15:22Z ERR  RunnerServer] System.Net.Http.HttpRequestException: Name or service not known
 ---> System.Net.Sockets.SocketException (0xFFFDFFFF): Name or service not known
   at System.Net.Http.ConnectHelper.ConnectAsync(String host, Int32 port, CancellationToken cancellationToken)
   --- End of inner exception stack trace ---
   at GitHub.Services.Common.VssHttpRetryMessageHandler.SendAsync(HttpRequestMessage request, CancellationToken cancellationToken)
   at System.Net.Http.HttpClient.FinishSendAsyncBuffered(Task`1 sendTask, HttpRequestMessage request, CancellationTokenSource cts, Boolean disposeCts)
   at GitHub.Services.WebApi.VssHttpClientBase.SendAsync(HttpRequestMessage message, HttpCompletionOption completionOption, Object userState, CancellationToken cancellationToken)
   at GitHub.Services.WebApi.VssHttpClientBase.SendAsync[T](HttpRequestMessage message, Object userState, CancellationToken cancellationToken)
   at GitHub.Services.Location.Client.LocationHttpClient.GetConnectionDataAsync(ConnectOptions connectOptions, Int64 lastChangeId, CancellationToken cancellationToken, Object userState)
   at GitHub.Services.WebApi.Location.VssServerDataProvider.GetConnectionDataAsync(ConnectOptions connectOptions, Int32 lastChangeId, CancellationToken cancellationToken)
   at GitHub.Services.WebApi.Location.VssServerDataProvider.ConnectAsync(ConnectOptions connectOptions, CancellationToken cancellationToken)
   at GitHub.Runner.Common.RunnerServer.EstablishVssConnection(Uri serverUrl, VssCredentials credentials, TimeSpan timeout)
[2020-07-20 07:15:22Z ERR  RunnerServer] #####################################################
[2020-07-20 07:15:22Z ERR  RunnerServer] System.Net.Sockets.SocketException (0xFFFDFFFF): Name or service not known
   at System.Net.Http.ConnectHelper.ConnectAsync(String host, Int32 port, CancellationToken cancellationToken)
[2020-07-20 07:15:22Z INFO GitHubActionsService] Starting operation Location.GetConnectionData
[2020-07-20 07:15:22Z INFO GitHubActionsService] Starting operation Location.GetConnectionData
[2020-07-20 07:15:22Z ERR  GitHubActionsService] GET request to https://pipelines.actions.githubusercontent.com/xS3DMc8fuypaIvc6IH5KfwAZrUNp9lTOkYRQVRWO5s6OzTdBmU/_apis/connectionData?connectOptions=1&lastChangeId=7659521&lastChangeId64=7659521 failed. System.Net.Http.HttpRequestException: Name or service not known
 ---> System.Net.Sockets.SocketException (0xFFFDFFFF): Name or service not known
   at System.Net.Http.ConnectHelper.ConnectAsync(String host, Int32 port, CancellationToken cancellationToken)
   --- End of inner exception stack trace ---
   at System.Net.Http.ConnectHelper.ConnectAsync(String host, Int32 port, CancellationToken cancellationToken)
   at System.Net.Http.HttpConnectionPool.ConnectAsync(HttpRequestMessage request, Boolean allowHttp2, CancellationToken cancellationToken)
   at System.Net.Http.HttpConnectionPool.CreateHttp11ConnectionAsync(HttpRequestMessage request, CancellationToken cancellationToken)
   at System.Net.Http.HttpConnectionPool.GetHttpConnectionAsync(HttpRequestMessage request, CancellationToken cancellationToken)
   at System.Net.Http.HttpConnectionPool.SendWithRetryAsync(HttpRequestMessage request, Boolean doRequestAuth, CancellationToken cancellationToken)
   at System.Net.Http.AuthenticationHelper.SendWithAuthAsync(HttpRequestMessage request, Uri authUri, ICredentials credentials, Boolean preAuthenticate, Boolean isProxyAuth, Boolean doRequestAuth, HttpConnectionPool pool, CancellationToken cancellationToken)
   at System.Net.Http.DecompressionHandler.SendAsync(HttpRequestMessage request, CancellationToken cancellationToken)
   at GitHub.Services.Common.VssHttpMessageHandler.SendAsync(HttpRequestMessage request, CancellationToken cancellationToken)
   at GitHub.Services.Common.VssHttpRetryMessageHandler.SendAsync(HttpRequestMessage request, CancellationToken cancellationToken)
[2020-07-20 07:15:22Z ERR  GitHubActionsService] GET request to https://pipelines.actions.githubusercontent.com/xS3DMc8fuypaIvc6IH5KfwAZrUNp9lTOkYRQVRWO5s6OzTdBmU/_apis/connectionData?connectOptions=1&lastChangeId=7659521&lastChangeId64=7659521 failed. System.Net.Http.HttpRequestException: Name or service not known
 ---> System.Net.Sockets.SocketException (0xFFFDFFFF): Name or service not known
   at System.Net.Http.ConnectHelper.ConnectAsync(String host, Int32 port, CancellationToken cancellationToken)
   --- End of inner exception stack trace ---
   at System.Net.Http.ConnectHelper.ConnectAsync(String host, Int32 port, CancellationToken cancellationToken)
   at System.Net.Http.HttpConnectionPool.ConnectAsync(HttpRequestMessage request, Boolean allowHttp2, CancellationToken cancellationToken)
   at System.Net.Http.HttpConnectionPool.CreateHttp11ConnectionAsync(HttpRequestMessage request, CancellationToken cancellationToken)
   at System.Net.Http.HttpConnectionPool.GetHttpConnectionAsync(HttpRequestMessage request, CancellationToken cancellationToken)
   at System.Net.Http.HttpConnectionPool.SendWithRetryAsync(HttpRequestMessage request, Boolean doRequestAuth, CancellationToken cancellationToken)
   at System.Net.Http.AuthenticationHelper.SendWithAuthAsync(HttpRequestMessage request, Uri authUri, ICredentials credentials, Boolean preAuthenticate, Boolean isProxyAuth, Boolean doRequestAuth, HttpConnectionPool pool, CancellationToken cancellationToken)
   at System.Net.Http.DecompressionHandler.SendAsync(HttpRequestMessage request, CancellationToken cancellationToken)
   at GitHub.Services.Common.VssHttpMessageHandler.SendAsync(HttpRequestMessage request, CancellationToken cancellationToken)
   at GitHub.Services.Common.VssHttpRetryMessageHandler.SendAsync(HttpRequestMessage request, CancellationToken cancellationToken)
[2020-07-20 07:15:22Z INFO GitHubActionsService] Finished operation Location.GetConnectionData
[2020-07-20 07:15:22Z INFO GitHubActionsService] Finished operation Location.GetConnectionData
[2020-07-20 07:15:22Z INFO GitHubActionsService] Starting operation Location.GetConnectionData
[2020-07-20 07:15:22Z ERR  GitHubActionsService] GET request to https://pipelines.actions.githubusercontent.com/xS3DMc8fuypaIvc6IH5KfwAZrUNp9lTOkYRQVRWO5s6OzTdBmU/_apis/connectionData?connectOptions=1&lastChangeId=7659521&lastChangeId64=7659521 failed. System.Net.Http.HttpRequestException: Name or service not known
 ---> System.Net.Sockets.SocketException (0xFFFDFFFF): Name or service not known
   at System.Net.Http.ConnectHelper.ConnectAsync(String host, Int32 port, CancellationToken cancellationToken)
   --- End of inner exception stack trace ---
   at System.Net.Http.ConnectHelper.ConnectAsync(String host, Int32 port, CancellationToken cancellationToken)
   at System.Net.Http.HttpConnectionPool.ConnectAsync(HttpRequestMessage request, Boolean allowHttp2, CancellationToken cancellationToken)
   at System.Net.Http.HttpConnectionPool.CreateHttp11ConnectionAsync(HttpRequestMessage request, CancellationToken cancellationToken)
   at System.Net.Http.HttpConnectionPool.GetHttpConnectionAsync(HttpRequestMessage request, CancellationToken cancellationToken)
   at System.Net.Http.HttpConnectionPool.SendWithRetryAsync(HttpRequestMessage request, Boolean doRequestAuth, CancellationToken cancellationToken)
   at System.Net.Http.AuthenticationHelper.SendWithAuthAsync(HttpRequestMessage request, Uri authUri, ICredentials credentials, Boolean preAuthenticate, Boolean isProxyAuth, Boolean doRequestAuth, HttpConnectionPool pool, CancellationToken cancellationToken)
   at System.Net.Http.DecompressionHandler.SendAsync(HttpRequestMessage request, CancellationToken cancellationToken)
   at GitHub.Services.Common.VssHttpMessageHandler.SendAsync(HttpRequestMessage request, CancellationToken cancellationToken)
   at GitHub.Services.Common.VssHttpRetryMessageHandler.SendAsync(HttpRequestMessage request, CancellationToken cancellationToken)
[2020-07-20 07:15:22Z INFO GitHubActionsService] Finished operation Location.GetConnectionData
[2020-07-20 07:15:22Z ERR  MessageListener] Catch exception during create session.
[2020-07-20 07:15:22Z ERR  MessageListener] System.Net.Http.HttpRequestException: Name or service not known
 ---> System.Net.Sockets.SocketException (0xFFFDFFFF): Name or service not known
   at System.Net.Http.ConnectHelper.ConnectAsync(String host, Int32 port, CancellationToken cancellationToken)
   --- End of inner exception stack trace ---
   at GitHub.Services.Common.VssHttpRetryMessageHandler.SendAsync(HttpRequestMessage request, CancellationToken cancellationToken)
   at System.Net.Http.HttpClient.FinishSendAsyncBuffered(Task`1 sendTask, HttpRequestMessage request, CancellationTokenSource cts, Boolean disposeCts)
   at GitHub.Services.WebApi.VssHttpClientBase.SendAsync(HttpRequestMessage message, HttpCompletionOption completionOption, Object userState, CancellationToken cancellationToken)
   at GitHub.Services.WebApi.VssHttpClientBase.SendAsync[T](HttpRequestMessage message, Object userState, CancellationToken cancellationToken)
   at GitHub.Services.Location.Client.LocationHttpClient.GetConnectionDataAsync(ConnectOptions connectOptions, Int64 lastChangeId, CancellationToken cancellationToken, Object userState)
   at GitHub.Services.WebApi.Location.VssServerDataProvider.GetConnectionDataAsync(ConnectOptions connectOptions, Int32 lastChangeId, CancellationToken cancellationToken)
   at GitHub.Services.WebApi.Location.VssServerDataProvider.ConnectAsync(ConnectOptions connectOptions, CancellationToken cancellationToken)
   at GitHub.Runner.Common.RunnerServer.EstablishVssConnection(Uri serverUrl, VssCredentials credentials, TimeSpan timeout)
   at GitHub.Runner.Common.RunnerServer.ConnectAsync(Uri serverUrl, VssCredentials credentials)
   at GitHub.Runner.Listener.MessageListener.CreateSessionAsync(CancellationToken token)
[2020-07-20 07:15:22Z ERR  MessageListener] #####################################################
[2020-07-20 07:15:22Z ERR  MessageListener] System.Net.Sockets.SocketException (0xFFFDFFFF): Name or service not known
   at System.Net.Http.ConnectHelper.ConnectAsync(String host, Int32 port, CancellationToken cancellationToken)
[2020-07-20 07:15:22Z INFO MessageListener] Retriable exception: Name or service not known
[2020-07-20 07:15:22Z ERR  Terminal] WRITE ERROR: 2020-07-20 07:15:22Z: Runner connect error: Name or service not known. Retrying until reconnected.
[2020-07-20 07:15:22Z INFO MessageListener] Sleeping for 30 seconds before retrying.
[2020-07-20 07:15:52Z INFO MessageListener] Attempt to create session.
[2020-07-20 07:15:52Z INFO MessageListener] Connecting to the Runner Server...
[2020-07-20 07:15:52Z INFO RunnerServer] Establish connection with 100 seconds timeout.
[2020-07-20 07:15:52Z INFO GitHubActionsService] Starting operation Location.GetConnectionData
[2020-07-20 07:15:52Z INFO RunnerServer] Establish connection with 60 seconds timeout.
[2020-07-20 07:15:52Z INFO GitHubActionsService] Starting operation Location.GetConnectionData
[2020-07-20 07:15:52Z INFO RunnerServer] Establish connection with 60 seconds timeout.
[2020-07-20 07:15:52Z INFO GitHubActionsService] Starting operation Location.GetConnectionData
[2020-07-20 07:15:53Z INFO GitHubActionsService] Finished operation Location.GetConnectionData
[2020-07-20 07:15:53Z INFO GitHubActionsService] Finished operation Location.GetConnectionData
[2020-07-20 07:15:58Z INFO GitHubActionsService] Finished operation Location.GetConnectionData
[2020-07-20 07:15:58Z INFO MessageListener] VssConnection created
[2020-07-20 07:15:58Z INFO Terminal] WRITE LINE: 
[2020-07-20 07:15:58Z INFO Terminal] WRITE LINE: 
[2020-07-20 07:15:58Z WARN GitHubActionsService] Authentication failed with status code 401.
Transfer-Encoding: chunked
WWW-Authenticate: Bearer
Strict-Transport-Security: max-age=2592000
X-TFS-ProcessId: e633568b-8979-4a2f-9c0e-d04eb47a2a85
ActivityId: a5434ab7-c62b-4762-a1fa-0ad46fa61db6
X-TFS-Session: 16b6dd04-5977-4f03-876e-2ac1738ecb78
X-VSS-E2EID: c6c1d117-b7dc-4b37-b068-6f8d40f84e1c
X-VSS-SenderDeploymentId: a07ab14e-025a-39c3-8d53-788cd7ce207f
X-TFS-ServiceError: The+user+%27System%3aPublicAccess%3baaaaaaaa-aaaa-aaaa-aaaa-aaaaaaaaaaaa%27+is+not+authorized+to+access+this+resource.
X-VSS-S2STargetService: 0000005A-0000-8888-8000-000000000000/visualstudio.com
X-MSEdge-Ref: Ref A: A251EB01401C46D3A53D5481E26800A2 Ref B: FRAEDGE0716 Ref C: 2020-07-20T07:15:58Z
Date: Mon, 20 Jul 2020 07:15:58 GMT

[2020-07-20 07:15:58Z INFO RSAFileKeyManager] Loading RSA key parameters from file /home/cc/Schreibtisch/tutorialabapril/javafx/s1p-stocks-ui/educom/actions-runner/.credentials_rsaparams
[2020-07-20 07:15:58Z INFO RSAFileKeyManager] Loading RSA key parameters from file /home/cc/Schreibtisch/tutorialabapril/javafx/s1p-stocks-ui/educom/actions-runner/.credentials_rsaparams
[2020-07-20 07:15:59Z INFO GitHubActionsService] AAD Correlation ID for this token request: Unknown
[2020-07-20 07:15:59Z INFO MessageListener] Session created.
[2020-07-20 07:15:59Z INFO Terminal] WRITE LINE: 2020-07-20 07:15:59Z: Runner reconnected.
[2020-07-20 07:15:59Z INFO Terminal] WRITE LINE: 2020-07-20 07:15:59Z: Listening for Jobs
[2020-07-20 07:15:59Z INFO JobDispatcher] Set runner/worker IPC timeout to 30 seconds.
[2020-07-20 07:46:05Z INFO MessageListener] No message retrieved from session 'f7b575c7-edc1-4f55-ae3c-71f8f236cdc1' within last 30 minutes.
[2020-07-20 08:11:11Z WARN GitHubActionsService] Authentication failed with status code 401.
Transfer-Encoding: chunked
WWW-Authenticate: Bearer
Strict-Transport-Security: max-age=2592000
X-TFS-ProcessId: aa729897-6322-4a78-bcb3-44dc31a8b955
ActivityId: c583d95b-1774-4062-96a3-917da2337e29
X-TFS-Session: 16b6dd04-5977-4f03-876e-2ac1738ecb78
X-VSS-E2EID: c72e2c0b-0aff-49f6-b721-63597fc34636
X-VSS-SenderDeploymentId: a07ab14e-025a-39c3-8d53-788cd7ce207f
X-TFS-ServiceError: The+user+%27System%3aPublicAccess%3baaaaaaaa-aaaa-aaaa-aaaa-aaaaaaaaaaaa%27+is+not+authorized+to+access+this+resource.
X-VSS-S2STargetService: 0000005A-0000-8888-8000-000000000000/visualstudio.com
X-MSEdge-Ref: Ref A: 479281EB147945349F4B4BF7085D7427 Ref B: FRAEDGE0716 Ref C: 2020-07-20T08:11:10Z
Date: Mon, 20 Jul 2020 08:11:10 GMT

[2020-07-20 08:11:11Z INFO RSAFileKeyManager] Loading RSA key parameters from file /home/cc/Schreibtisch/tutorialabapril/javafx/s1p-stocks-ui/educom/actions-runner/.credentials_rsaparams
[2020-07-20 08:11:11Z INFO GitHubActionsService] AAD Correlation ID for this token request: Unknown
[2020-07-20 08:16:12Z INFO MessageListener] No message retrieved from session 'f7b575c7-edc1-4f55-ae3c-71f8f236cdc1' within last 30 minutes.
[2020-07-20 08:46:19Z INFO MessageListener] No message retrieved from session 'f7b575c7-edc1-4f55-ae3c-71f8f236cdc1' within last 30 minutes.
[2020-07-20 09:44:10Z WARN GitHubActionsService] GET request to https://pipelines.actions.githubusercontent.com/xS3DMc8fuypaIvc6IH5KfwAZrUNp9lTOkYRQVRWO5s6OzTdBmU/_apis/distributedtask/pools/1/messages?sessionId=f7b575c7-edc1-4f55-ae3c-71f8f236cdc1 timed out after 60 seconds.
[2020-07-20 09:44:10Z ERR  MessageListener] Catch exception during get next message.
[2020-07-20 09:44:10Z ERR  MessageListener] System.TimeoutException: The HTTP request timed out after 00:01:00.
 ---> System.Threading.Tasks.TaskCanceledException: The operation was canceled.
 ---> System.IO.IOException: Unable to read data from the transport connection: Operation canceled.
 ---> System.Net.Sockets.SocketException (125): Operation canceled
   --- End of inner exception stack trace ---
   at System.Net.Sockets.Socket.AwaitableSocketAsyncEventArgs.ThrowException(SocketError error, CancellationToken cancellationToken)
   at System.Net.Sockets.Socket.AwaitableSocketAsyncEventArgs.GetResult(Int16 token)
   at System.Net.Security.SslStream.<FillBufferAsync>g__InternalFillBufferAsync|215_0[TReadAdapter](TReadAdapter adap, ValueTask`1 task, Int32 min, Int32 initial)
   at System.Net.Security.SslStream.ReadAsyncInternal[TReadAdapter](TReadAdapter adapter, Memory`1 buffer)
   at System.Net.Http.HttpConnection.SendAsyncCore(HttpRequestMessage request, CancellationToken cancellationToken)
   --- End of inner exception stack trace ---
   at System.Net.Http.HttpConnection.SendAsyncCore(HttpRequestMessage request, CancellationToken cancellationToken)
   at System.Net.Http.AuthenticationHelper.SendWithNtAuthAsync(HttpRequestMessage request, Uri authUri, ICredentials credentials, Boolean isProxyAuth, HttpConnection connection, HttpConnectionPool connectionPool, CancellationToken cancellationToken)
   at System.Net.Http.HttpConnectionPool.SendWithNtConnectionAuthAsync(HttpConnection connection, HttpRequestMessage request, Boolean doRequestAuth, CancellationToken cancellationToken)
   at System.Net.Http.HttpConnectionPool.SendWithRetryAsync(HttpRequestMessage request, Boolean doRequestAuth, CancellationToken cancellationToken)
   at System.Net.Http.AuthenticationHelper.SendWithAuthAsync(HttpRequestMessage request, Uri authUri, ICredentials credentials, Boolean preAuthenticate, Boolean isProxyAuth, Boolean doRequestAuth, HttpConnectionPool pool, CancellationToken cancellationToken)
   at System.Net.Http.DecompressionHandler.SendAsync(HttpRequestMessage request, CancellationToken cancellationToken)
   at GitHub.Services.Common.VssHttpMessageHandler.SendAsync(HttpRequestMessage request, CancellationToken cancellationToken)
   --- End of inner exception stack trace ---
   at GitHub.Services.Common.VssHttpMessageHandler.SendAsync(HttpRequestMessage request, CancellationToken cancellationToken)
   at GitHub.Services.Common.VssHttpRetryMessageHandler.SendAsync(HttpRequestMessage request, CancellationToken cancellationToken)
   at System.Net.Http.HttpClient.FinishSendAsyncBuffered(Task`1 sendTask, HttpRequestMessage request, CancellationTokenSource cts, Boolean disposeCts)
   at GitHub.Services.WebApi.VssHttpClientBase.SendAsync(HttpRequestMessage message, HttpCompletionOption completionOption, Object userState, CancellationToken cancellationToken)
   at GitHub.Services.WebApi.VssHttpClientBase.SendAsync[T](HttpRequestMessage message, Object userState, CancellationToken cancellationToken)
   at GitHub.Services.WebApi.VssHttpClientBase.SendAsync[T](HttpMethod method, IEnumerable`1 additionalHeaders, Guid locationId, Object routeValues, ApiResourceVersion version, HttpContent content, IEnumerable`1 queryParameters, Object userState, CancellationToken cancellationToken)
   at GitHub.Runner.Listener.MessageListener.GetNextMessageAsync(CancellationToken token)
[2020-07-20 09:44:10Z ERR  MessageListener] #####################################################
[2020-07-20 09:44:10Z ERR  MessageListener] System.Threading.Tasks.TaskCanceledException: The operation was canceled.
 ---> System.IO.IOException: Unable to read data from the transport connection: Operation canceled.
 ---> System.Net.Sockets.SocketException (125): Operation canceled
   --- End of inner exception stack trace ---
   at System.Net.Sockets.Socket.AwaitableSocketAsyncEventArgs.ThrowException(SocketError error, CancellationToken cancellationToken)
   at System.Net.Sockets.Socket.AwaitableSocketAsyncEventArgs.GetResult(Int16 token)
   at System.Net.Security.SslStream.<FillBufferAsync>g__InternalFillBufferAsync|215_0[TReadAdapter](TReadAdapter adap, ValueTask`1 task, Int32 min, Int32 initial)
   at System.Net.Security.SslStream.ReadAsyncInternal[TReadAdapter](TReadAdapter adapter, Memory`1 buffer)
   at System.Net.Http.HttpConnection.SendAsyncCore(HttpRequestMessage request, CancellationToken cancellationToken)
   --- End of inner exception stack trace ---
   at System.Net.Http.HttpConnection.SendAsyncCore(HttpRequestMessage request, CancellationToken cancellationToken)
   at System.Net.Http.AuthenticationHelper.SendWithNtAuthAsync(HttpRequestMessage request, Uri authUri, ICredentials credentials, Boolean isProxyAuth, HttpConnection connection, HttpConnectionPool connectionPool, CancellationToken cancellationToken)
   at System.Net.Http.HttpConnectionPool.SendWithNtConnectionAuthAsync(HttpConnection connection, HttpRequestMessage request, Boolean doRequestAuth, CancellationToken cancellationToken)
   at System.Net.Http.HttpConnectionPool.SendWithRetryAsync(HttpRequestMessage request, Boolean doRequestAuth, CancellationToken cancellationToken)
   at System.Net.Http.AuthenticationHelper.SendWithAuthAsync(HttpRequestMessage request, Uri authUri, ICredentials credentials, Boolean preAuthenticate, Boolean isProxyAuth, Boolean doRequestAuth, HttpConnectionPool pool, CancellationToken cancellationToken)
   at System.Net.Http.DecompressionHandler.SendAsync(HttpRequestMessage request, CancellationToken cancellationToken)
   at GitHub.Services.Common.VssHttpMessageHandler.SendAsync(HttpRequestMessage request, CancellationToken cancellationToken)
[2020-07-20 09:44:10Z ERR  MessageListener] #####################################################
[2020-07-20 09:44:10Z ERR  MessageListener] System.IO.IOException: Unable to read data from the transport connection: Operation canceled.
 ---> System.Net.Sockets.SocketException (125): Operation canceled
   --- End of inner exception stack trace ---
   at System.Net.Sockets.Socket.AwaitableSocketAsyncEventArgs.ThrowException(SocketError error, CancellationToken cancellationToken)
   at System.Net.Sockets.Socket.AwaitableSocketAsyncEventArgs.GetResult(Int16 token)
   at System.Net.Security.SslStream.<FillBufferAsync>g__InternalFillBufferAsync|215_0[TReadAdapter](TReadAdapter adap, ValueTask`1 task, Int32 min, Int32 initial)
   at System.Net.Security.SslStream.ReadAsyncInternal[TReadAdapter](TReadAdapter adapter, Memory`1 buffer)
   at System.Net.Http.HttpConnection.SendAsyncCore(HttpRequestMessage request, CancellationToken cancellationToken)
[2020-07-20 09:44:10Z ERR  MessageListener] #####################################################
[2020-07-20 09:44:10Z ERR  MessageListener] System.Net.Sockets.SocketException (125): Operation canceled
[2020-07-20 09:44:10Z INFO MessageListener] Retriable exception: The HTTP request timed out after 00:01:00.
[2020-07-20 09:44:10Z ERR  Terminal] WRITE ERROR: 2020-07-20 09:44:10Z: Runner connect error: The HTTP request timed out after 00:01:00.. Retrying until reconnected.
[2020-07-20 09:44:10Z INFO RunnerServer] Refresh MessageQueue VssConnection to get on a different AFD node.
[2020-07-20 09:44:10Z INFO RunnerServer] Establish connection with 60 seconds timeout.
[2020-07-20 09:44:10Z INFO GitHubActionsService] Starting operation Location.GetConnectionData
[2020-07-20 09:44:11Z INFO GitHubActionsService] Finished operation Location.GetConnectionData
[2020-07-20 09:44:11Z INFO MessageListener] Sleeping for 25.893 seconds before retrying.
[2020-07-20 09:44:37Z WARN GitHubActionsService] Authentication failed with status code 401.
Transfer-Encoding: chunked
WWW-Authenticate: Bearer
Strict-Transport-Security: max-age=2592000
X-TFS-ProcessId: aa729897-6322-4a78-bcb3-44dc31a8b955
ActivityId: c5bf9bdb-1774-4062-96a3-917da2337e29
X-TFS-Session: 16b6dd04-5977-4f03-876e-2ac1738ecb78
X-VSS-E2EID: 5f534948-e437-41e9-be30-495262492adc
X-VSS-SenderDeploymentId: a07ab14e-025a-39c3-8d53-788cd7ce207f
X-TFS-ServiceError: The+user+%27System%3aPublicAccess%3baaaaaaaa-aaaa-aaaa-aaaa-aaaaaaaaaaaa%27+is+not+authorized+to+access+this+resource.
X-VSS-S2STargetService: 0000005A-0000-8888-8000-000000000000/visualstudio.com
X-MSEdge-Ref: Ref A: 157FEC6AD46649E9B89934E6F2CAEC1D Ref B: FRAEDGE1318 Ref C: 2020-07-20T09:44:38Z
Date: Mon, 20 Jul 2020 09:44:37 GMT

[2020-07-20 09:44:37Z INFO RSAFileKeyManager] Loading RSA key parameters from file /home/cc/Schreibtisch/tutorialabapril/javafx/s1p-stocks-ui/educom/actions-runner/.credentials_rsaparams
[2020-07-20 09:44:38Z INFO GitHubActionsService] AAD Correlation ID for this token request: Unknown
[2020-07-20 09:45:28Z INFO Terminal] WRITE LINE: 2020-07-20 09:45:28Z: Runner reconnected.
[2020-07-20 10:00:31Z INFO MessageListener] No message retrieved from session 'f7b575c7-edc1-4f55-ae3c-71f8f236cdc1' within last 30 minutes.
[2020-07-20 10:30:38Z INFO MessageListener] No message retrieved from session 'f7b575c7-edc1-4f55-ae3c-71f8f236cdc1' within last 30 minutes.
[2020-07-20 10:39:50Z WARN GitHubActionsService] Authentication failed with status code 401.
Transfer-Encoding: chunked
WWW-Authenticate: Bearer
Strict-Transport-Security: max-age=2592000
X-TFS-ProcessId: e633568b-8979-4a2f-9c0e-d04eb47a2a85
ActivityId: a57c02ce-c62b-4762-a1fa-0ad46fa61db6
X-TFS-Session: 16b6dd04-5977-4f03-876e-2ac1738ecb78
X-VSS-E2EID: 545724e5-546e-4dc4-899e-b95473d05869
X-VSS-SenderDeploymentId: a07ab14e-025a-39c3-8d53-788cd7ce207f
X-TFS-ServiceError: The+user+%27System%3aPublicAccess%3baaaaaaaa-aaaa-aaaa-aaaa-aaaaaaaaaaaa%27+is+not+authorized+to+access+this+resource.
X-VSS-S2STargetService: 0000005A-0000-8888-8000-000000000000/visualstudio.com
X-MSEdge-Ref: Ref A: 5E7ED5C122AE4E40A3D68F79E2496457 Ref B: FRAEDGE1318 Ref C: 2020-07-20T10:39:50Z
Date: Mon, 20 Jul 2020 10:39:49 GMT

[2020-07-20 10:39:50Z INFO RSAFileKeyManager] Loading RSA key parameters from file /home/cc/Schreibtisch/tutorialabapril/javafx/s1p-stocks-ui/educom/actions-runner/.credentials_rsaparams
[2020-07-20 10:39:50Z INFO GitHubActionsService] AAD Correlation ID for this token request: Unknown
[2020-07-20 11:00:45Z INFO MessageListener] No message retrieved from session 'f7b575c7-edc1-4f55-ae3c-71f8f236cdc1' within last 30 minutes.
[2020-07-20 11:30:51Z INFO MessageListener] No message retrieved from session 'f7b575c7-edc1-4f55-ae3c-71f8f236cdc1' within last 30 minutes.
[2020-07-20 11:35:02Z WARN GitHubActionsService] Authentication failed with status code 401.
WWW-Authenticate: Bearer
Strict-Transport-Security: max-age=2592000
X-TFS-ProcessId: e633568b-8979-4a2f-9c0e-d04eb47a2a85
ActivityId: a575b655-c62b-4762-a1fa-0ad46fa61db6
X-TFS-Session: 16b6dd04-5977-4f03-876e-2ac1738ecb78
X-VSS-E2EID: d2d0983c-5d6e-4fc8-86ee-3e346b060da0
X-VSS-SenderDeploymentId: a07ab14e-025a-39c3-8d53-788cd7ce207f
X-TFS-ServiceError: The+user+%27System%3aPublicAccess%3baaaaaaaa-aaaa-aaaa-aaaa-aaaaaaaaaaaa%27+is+not+authorized+to+access+this+resource.
X-VSS-S2STargetService: 0000005A-0000-8888-8000-000000000000/visualstudio.com
X-MSEdge-Ref: Ref A: 510339D0C86844C199F4A68F7EB95744 Ref B: FRAEDGE1318 Ref C: 2020-07-20T11:35:02Z
Date: Mon, 20 Jul 2020 11:35:02 GMT

[2020-07-20 11:35:02Z INFO RSAFileKeyManager] Loading RSA key parameters from file /home/cc/Schreibtisch/tutorialabapril/javafx/s1p-stocks-ui/educom/actions-runner/.credentials_rsaparams
[2020-07-20 11:35:02Z INFO GitHubActionsService] AAD Correlation ID for this token request: Unknown
[2020-07-20 12:00:58Z INFO MessageListener] No message retrieved from session 'f7b575c7-edc1-4f55-ae3c-71f8f236cdc1' within last 30 minutes.
[2020-07-20 12:29:12Z INFO Terminal] WRITE LINE: Exiting...
[2020-07-20 12:29:12Z INFO ConfigurationStore] IsServiceConfigured()
[2020-07-20 12:29:12Z INFO ConfigurationStore] IsServiceConfigured: True
[2020-07-20 12:29:12Z INFO Runner] Received Ctrl-C signal, stop Runner.Listener and Runner.Worker.
[2020-07-20 12:29:12Z INFO HostContext] Runner will be shutdown for UserCancelled
[2020-07-20 12:29:12Z WARN GitHubActionsService] GET request to https://pipelines.actions.githubusercontent.com/xS3DMc8fuypaIvc6IH5KfwAZrUNp9lTOkYRQVRWO5s6OzTdBmU/_apis/distributedtask/pools/1/messages?sessionId=f7b575c7-edc1-4f55-ae3c-71f8f236cdc1 has been cancelled.
[2020-07-20 12:29:12Z INFO MessageListener] Get next message has been cancelled.
[2020-07-20 12:29:12Z INFO JobDispatcher] Shutting down JobDispatcher. Make sure all WorkerDispatcher has finished.
[2020-07-20 12:29:13Z INFO Listener] Runner execution been cancelled.
